<?xml version="1.0" encoding="UTF-8" ?>
<testsuite tests="4" failures="0" name="com.tingyun.chart.go.testcase.GoGcChartTest" time="33.838" errors="4" skipped="0">
  <properties>
    <property name="java.runtime.name" value="Java(TM) SE Runtime Environment"/>
    <property name="sun.boot.library.path" value="C:\Program Files\Java\jdk1.8.0_111\jre\bin"/>
    <property name="java.vm.version" value="25.111-b14"/>
    <property name="java.vm.vendor" value="Oracle Corporation"/>
    <property name="java.vendor.url" value="http://java.oracle.com/"/>
    <property name="path.separator" value=";"/>
    <property name="java.vm.name" value="Java HotSpot(TM) 64-Bit Server VM"/>
    <property name="file.encoding.pkg" value="sun.io"/>
    <property name="user.script" value=""/>
    <property name="user.country" value="CN"/>
    <property name="sun.java.launcher" value="SUN_STANDARD"/>
    <property name="sun.os.patch.level" value="Service Pack 1"/>
    <property name="java.vm.specification.name" value="Java Virtual Machine Specification"/>
    <property name="user.dir" value="D:\projects\tingyun-chart-test"/>
    <property name="java.runtime.version" value="1.8.0_111-b14"/>
    <property name="java.awt.graphicsenv" value="sun.awt.Win32GraphicsEnvironment"/>
    <property name="basedir" value="D:\projects\tingyun-chart-test"/>
    <property name="java.endorsed.dirs" value="C:\Program Files\Java\jdk1.8.0_111\jre\lib\endorsed"/>
    <property name="os.arch" value="amd64"/>
    <property name="surefire.real.class.path" value="C:\Users\ADMINI~1.EIT\AppData\Local\Temp\surefirebooter8064814161480581266.jar"/>
    <property name="java.io.tmpdir" value="C:\Users\ADMINI~1.EIT\AppData\Local\Temp\"/>
    <property name="line.separator" value="
"/>
    <property name="java.vm.specification.vendor" value="Oracle Corporation"/>
    <property name="user.variant" value=""/>
    <property name="os.name" value="Windows 7"/>
    <property name="sun.jnu.encoding" value="GBK"/>
    <property name="java.library.path" value="C:\Program Files\Java\jdk1.8.0_111\jre\bin;C:\Windows\Sun\Java\bin;C:\Windows\system32;C:\Windows;C:\ProgramData\Oracle\Java\javapath;D:\software\maven\bin;C:\Program Files\Java\jdk1.8.0_111\bin;C:\Windows\system32;C:\Windows;C:\Windows\System32\Wbem;C:\Windows\System32\WindowsPowerShell\v1.0\;C:\Program Files\nodejs\;C:\Program Files (x86)\Git\bin;C:\Program Files\Git\cmd;D:\projects\selenium;C:\Users\Administrator.EIT-20160903KGQ\AppData\Roaming\npm;C:\Program Files\Docker Toolbox;."/>
    <property name="surefire.test.class.path" value="D:\projects\tingyun-chart-test\target\test-classes;D:\projects\tingyun-chart-test\target\classes;C:\Users\Administrator.EIT-20160903KGQ\.m2\repository\org\codehaus\jackson\jackson-mapper-lgpl\1.7.4\jackson-mapper-lgpl-1.7.4.jar;C:\Users\Administrator.EIT-20160903KGQ\.m2\repository\org\codehaus\jackson\jackson-core-lgpl\1.7.4\jackson-core-lgpl-1.7.4.jar;C:\Users\Administrator.EIT-20160903KGQ\.m2\repository\junit\junit\4.9\junit-4.9.jar;C:\Users\Administrator.EIT-20160903KGQ\.m2\repository\org\hamcrest\hamcrest-core\1.1\hamcrest-core-1.1.jar;C:\Users\Administrator.EIT-20160903KGQ\.m2\repository\org\seleniumhq\selenium\selenium-java\2.53.1\selenium-java-2.53.1.jar;C:\Users\Administrator.EIT-20160903KGQ\.m2\repository\org\seleniumhq\selenium\selenium-chrome-driver\2.53.1\selenium-chrome-driver-2.53.1.jar;C:\Users\Administrator.EIT-20160903KGQ\.m2\repository\org\seleniumhq\selenium\selenium-edge-driver\2.53.1\selenium-edge-driver-2.53.1.jar;C:\Users\Administrator.EIT-20160903KGQ\.m2\repository\commons-io\commons-io\2.4\commons-io-2.4.jar;C:\Users\Administrator.EIT-20160903KGQ\.m2\repository\org\apache\commons\commons-exec\1.3\commons-exec-1.3.jar;C:\Users\Administrator.EIT-20160903KGQ\.m2\repository\org\seleniumhq\selenium\htmlunit-driver\2.21\htmlunit-driver-2.21.jar;C:\Users\Administrator.EIT-20160903KGQ\.m2\repository\net\sourceforge\htmlunit\htmlunit\2.21\htmlunit-2.21.jar;C:\Users\Administrator.EIT-20160903KGQ\.m2\repository\xalan\xalan\2.7.2\xalan-2.7.2.jar;C:\Users\Administrator.EIT-20160903KGQ\.m2\repository\xalan\serializer\2.7.2\serializer-2.7.2.jar;C:\Users\Administrator.EIT-20160903KGQ\.m2\repository\org\apache\commons\commons-lang3\3.4\commons-lang3-3.4.jar;C:\Users\Administrator.EIT-20160903KGQ\.m2\repository\org\apache\httpcomponents\httpmime\4.5.2\httpmime-4.5.2.jar;C:\Users\Administrator.EIT-20160903KGQ\.m2\repository\commons-codec\commons-codec\1.10\commons-codec-1.10.jar;C:\Users\Administrator.EIT-20160903KGQ\.m2\repository\net\sourceforge\htmlunit\htmlunit-core-js\2.17\htmlunit-core-js-2.17.jar;C:\Users\Administrator.EIT-20160903KGQ\.m2\repository\net\sourceforge\htmlunit\neko-htmlunit\2.21\neko-htmlunit-2.21.jar;C:\Users\Administrator.EIT-20160903KGQ\.m2\repository\xerces\xercesImpl\2.11.0\xercesImpl-2.11.0.jar;C:\Users\Administrator.EIT-20160903KGQ\.m2\repository\xml-apis\xml-apis\1.4.01\xml-apis-1.4.01.jar;C:\Users\Administrator.EIT-20160903KGQ\.m2\repository\net\sourceforge\cssparser\cssparser\0.9.18\cssparser-0.9.18.jar;C:\Users\Administrator.EIT-20160903KGQ\.m2\repository\org\w3c\css\sac\1.3\sac-1.3.jar;C:\Users\Administrator.EIT-20160903KGQ\.m2\repository\commons-logging\commons-logging\1.2\commons-logging-1.2.jar;C:\Users\Administrator.EIT-20160903KGQ\.m2\repository\org\eclipse\jetty\websocket\websocket-client\9.2.15.v20160210\websocket-client-9.2.15.v20160210.jar;C:\Users\Administrator.EIT-20160903KGQ\.m2\repository\org\eclipse\jetty\jetty-util\9.2.15.v20160210\jetty-util-9.2.15.v20160210.jar;C:\Users\Administrator.EIT-20160903KGQ\.m2\repository\org\eclipse\jetty\jetty-io\9.2.15.v20160210\jetty-io-9.2.15.v20160210.jar;C:\Users\Administrator.EIT-20160903KGQ\.m2\repository\org\eclipse\jetty\websocket\websocket-common\9.2.15.v20160210\websocket-common-9.2.15.v20160210.jar;C:\Users\Administrator.EIT-20160903KGQ\.m2\repository\org\eclipse\jetty\websocket\websocket-api\9.2.15.v20160210\websocket-api-9.2.15.v20160210.jar;C:\Users\Administrator.EIT-20160903KGQ\.m2\repository\commons-collections\commons-collections\3.2.2\commons-collections-3.2.2.jar;C:\Users\Administrator.EIT-20160903KGQ\.m2\repository\org\seleniumhq\selenium\selenium-firefox-driver\2.53.1\selenium-firefox-driver-2.53.1.jar;C:\Users\Administrator.EIT-20160903KGQ\.m2\repository\org\seleniumhq\selenium\selenium-ie-driver\2.53.1\selenium-ie-driver-2.53.1.jar;C:\Users\Administrator.EIT-20160903KGQ\.m2\repository\net\java\dev\jna\jna\4.1.0\jna-4.1.0.jar;C:\Users\Administrator.EIT-20160903KGQ\.m2\repository\net\java\dev\jna\jna-platform\4.1.0\jna-platform-4.1.0.jar;C:\Users\Administrator.EIT-20160903KGQ\.m2\repository\org\seleniumhq\selenium\selenium-safari-driver\2.53.1\selenium-safari-driver-2.53.1.jar;C:\Users\Administrator.EIT-20160903KGQ\.m2\repository\io\netty\netty\3.5.7.Final\netty-3.5.7.Final.jar;C:\Users\Administrator.EIT-20160903KGQ\.m2\repository\org\seleniumhq\selenium\selenium-support\2.53.1\selenium-support-2.53.1.jar;C:\Users\Administrator.EIT-20160903KGQ\.m2\repository\org\seleniumhq\selenium\selenium-leg-rc\2.53.1\selenium-leg-rc-2.53.1.jar;C:\Users\Administrator.EIT-20160903KGQ\.m2\repository\com\github\detro\phantomjsdriver\1.2.0\phantomjsdriver-1.2.0.jar;C:\Users\Administrator.EIT-20160903KGQ\.m2\repository\org\seleniumhq\selenium\selenium-remote-driver\2.41.0\selenium-remote-driver-2.41.0.jar;C:\Users\Administrator.EIT-20160903KGQ\.m2\repository\cglib\cglib-nodep\2.1_3\cglib-nodep-2.1_3.jar;C:\Users\Administrator.EIT-20160903KGQ\.m2\repository\org\json\json\20080701\json-20080701.jar;C:\Users\Administrator.EIT-20160903KGQ\.m2\repository\org\seleniumhq\selenium\selenium-api\2.41.0\selenium-api-2.41.0.jar;C:\Users\Administrator.EIT-20160903KGQ\.m2\repository\org\apache\httpcomponents\httpclient\4.3.1\httpclient-4.3.1.jar;C:\Users\Administrator.EIT-20160903KGQ\.m2\repository\org\apache\httpcomponents\httpcore\4.3\httpcore-4.3.jar;C:\Users\Administrator.EIT-20160903KGQ\.m2\repository\com\google\guava\guava\15.0\guava-15.0.jar;C:\Users\Administrator.EIT-20160903KGQ\.m2\repository\net\java\dev\jna\platform\3.4.0\platform-3.4.0.jar;C:\Users\Administrator.EIT-20160903KGQ\.m2\repository\mysql\mysql-connector-java\5.1.24\mysql-connector-java-5.1.24.jar;"/>
    <property name="java.specification.name" value="Java Platform API Specification"/>
    <property name="java.class.version" value="52.0"/>
    <property name="sun.management.compiler" value="HotSpot 64-Bit Tiered Compilers"/>
    <property name="os.version" value="6.1"/>
    <property name="user.home" value="C:\Users\Administrator.EIT-20160903KGQ"/>
    <property name="user.timezone" value="Asia/Shanghai"/>
    <property name="java.awt.printerjob" value="sun.awt.windows.WPrinterJob"/>
    <property name="java.specification.version" value="1.8"/>
    <property name="file.encoding" value="GBK"/>
    <property name="user.name" value="Administrator"/>
    <property name="java.class.path" value="D:\projects\tingyun-chart-test\target\test-classes;D:\projects\tingyun-chart-test\target\classes;C:\Users\Administrator.EIT-20160903KGQ\.m2\repository\org\codehaus\jackson\jackson-mapper-lgpl\1.7.4\jackson-mapper-lgpl-1.7.4.jar;C:\Users\Administrator.EIT-20160903KGQ\.m2\repository\org\codehaus\jackson\jackson-core-lgpl\1.7.4\jackson-core-lgpl-1.7.4.jar;C:\Users\Administrator.EIT-20160903KGQ\.m2\repository\junit\junit\4.9\junit-4.9.jar;C:\Users\Administrator.EIT-20160903KGQ\.m2\repository\org\hamcrest\hamcrest-core\1.1\hamcrest-core-1.1.jar;C:\Users\Administrator.EIT-20160903KGQ\.m2\repository\org\seleniumhq\selenium\selenium-java\2.53.1\selenium-java-2.53.1.jar;C:\Users\Administrator.EIT-20160903KGQ\.m2\repository\org\seleniumhq\selenium\selenium-chrome-driver\2.53.1\selenium-chrome-driver-2.53.1.jar;C:\Users\Administrator.EIT-20160903KGQ\.m2\repository\org\seleniumhq\selenium\selenium-edge-driver\2.53.1\selenium-edge-driver-2.53.1.jar;C:\Users\Administrator.EIT-20160903KGQ\.m2\repository\commons-io\commons-io\2.4\commons-io-2.4.jar;C:\Users\Administrator.EIT-20160903KGQ\.m2\repository\org\apache\commons\commons-exec\1.3\commons-exec-1.3.jar;C:\Users\Administrator.EIT-20160903KGQ\.m2\repository\org\seleniumhq\selenium\htmlunit-driver\2.21\htmlunit-driver-2.21.jar;C:\Users\Administrator.EIT-20160903KGQ\.m2\repository\net\sourceforge\htmlunit\htmlunit\2.21\htmlunit-2.21.jar;C:\Users\Administrator.EIT-20160903KGQ\.m2\repository\xalan\xalan\2.7.2\xalan-2.7.2.jar;C:\Users\Administrator.EIT-20160903KGQ\.m2\repository\xalan\serializer\2.7.2\serializer-2.7.2.jar;C:\Users\Administrator.EIT-20160903KGQ\.m2\repository\org\apache\commons\commons-lang3\3.4\commons-lang3-3.4.jar;C:\Users\Administrator.EIT-20160903KGQ\.m2\repository\org\apache\httpcomponents\httpmime\4.5.2\httpmime-4.5.2.jar;C:\Users\Administrator.EIT-20160903KGQ\.m2\repository\commons-codec\commons-codec\1.10\commons-codec-1.10.jar;C:\Users\Administrator.EIT-20160903KGQ\.m2\repository\net\sourceforge\htmlunit\htmlunit-core-js\2.17\htmlunit-core-js-2.17.jar;C:\Users\Administrator.EIT-20160903KGQ\.m2\repository\net\sourceforge\htmlunit\neko-htmlunit\2.21\neko-htmlunit-2.21.jar;C:\Users\Administrator.EIT-20160903KGQ\.m2\repository\xerces\xercesImpl\2.11.0\xercesImpl-2.11.0.jar;C:\Users\Administrator.EIT-20160903KGQ\.m2\repository\xml-apis\xml-apis\1.4.01\xml-apis-1.4.01.jar;C:\Users\Administrator.EIT-20160903KGQ\.m2\repository\net\sourceforge\cssparser\cssparser\0.9.18\cssparser-0.9.18.jar;C:\Users\Administrator.EIT-20160903KGQ\.m2\repository\org\w3c\css\sac\1.3\sac-1.3.jar;C:\Users\Administrator.EIT-20160903KGQ\.m2\repository\commons-logging\commons-logging\1.2\commons-logging-1.2.jar;C:\Users\Administrator.EIT-20160903KGQ\.m2\repository\org\eclipse\jetty\websocket\websocket-client\9.2.15.v20160210\websocket-client-9.2.15.v20160210.jar;C:\Users\Administrator.EIT-20160903KGQ\.m2\repository\org\eclipse\jetty\jetty-util\9.2.15.v20160210\jetty-util-9.2.15.v20160210.jar;C:\Users\Administrator.EIT-20160903KGQ\.m2\repository\org\eclipse\jetty\jetty-io\9.2.15.v20160210\jetty-io-9.2.15.v20160210.jar;C:\Users\Administrator.EIT-20160903KGQ\.m2\repository\org\eclipse\jetty\websocket\websocket-common\9.2.15.v20160210\websocket-common-9.2.15.v20160210.jar;C:\Users\Administrator.EIT-20160903KGQ\.m2\repository\org\eclipse\jetty\websocket\websocket-api\9.2.15.v20160210\websocket-api-9.2.15.v20160210.jar;C:\Users\Administrator.EIT-20160903KGQ\.m2\repository\commons-collections\commons-collections\3.2.2\commons-collections-3.2.2.jar;C:\Users\Administrator.EIT-20160903KGQ\.m2\repository\org\seleniumhq\selenium\selenium-firefox-driver\2.53.1\selenium-firefox-driver-2.53.1.jar;C:\Users\Administrator.EIT-20160903KGQ\.m2\repository\org\seleniumhq\selenium\selenium-ie-driver\2.53.1\selenium-ie-driver-2.53.1.jar;C:\Users\Administrator.EIT-20160903KGQ\.m2\repository\net\java\dev\jna\jna\4.1.0\jna-4.1.0.jar;C:\Users\Administrator.EIT-20160903KGQ\.m2\repository\net\java\dev\jna\jna-platform\4.1.0\jna-platform-4.1.0.jar;C:\Users\Administrator.EIT-20160903KGQ\.m2\repository\org\seleniumhq\selenium\selenium-safari-driver\2.53.1\selenium-safari-driver-2.53.1.jar;C:\Users\Administrator.EIT-20160903KGQ\.m2\repository\io\netty\netty\3.5.7.Final\netty-3.5.7.Final.jar;C:\Users\Administrator.EIT-20160903KGQ\.m2\repository\org\seleniumhq\selenium\selenium-support\2.53.1\selenium-support-2.53.1.jar;C:\Users\Administrator.EIT-20160903KGQ\.m2\repository\org\seleniumhq\selenium\selenium-leg-rc\2.53.1\selenium-leg-rc-2.53.1.jar;C:\Users\Administrator.EIT-20160903KGQ\.m2\repository\com\github\detro\phantomjsdriver\1.2.0\phantomjsdriver-1.2.0.jar;C:\Users\Administrator.EIT-20160903KGQ\.m2\repository\org\seleniumhq\selenium\selenium-remote-driver\2.41.0\selenium-remote-driver-2.41.0.jar;C:\Users\Administrator.EIT-20160903KGQ\.m2\repository\cglib\cglib-nodep\2.1_3\cglib-nodep-2.1_3.jar;C:\Users\Administrator.EIT-20160903KGQ\.m2\repository\org\json\json\20080701\json-20080701.jar;C:\Users\Administrator.EIT-20160903KGQ\.m2\repository\org\seleniumhq\selenium\selenium-api\2.41.0\selenium-api-2.41.0.jar;C:\Users\Administrator.EIT-20160903KGQ\.m2\repository\org\apache\httpcomponents\httpclient\4.3.1\httpclient-4.3.1.jar;C:\Users\Administrator.EIT-20160903KGQ\.m2\repository\org\apache\httpcomponents\httpcore\4.3\httpcore-4.3.jar;C:\Users\Administrator.EIT-20160903KGQ\.m2\repository\com\google\guava\guava\15.0\guava-15.0.jar;C:\Users\Administrator.EIT-20160903KGQ\.m2\repository\net\java\dev\jna\platform\3.4.0\platform-3.4.0.jar;C:\Users\Administrator.EIT-20160903KGQ\.m2\repository\mysql\mysql-connector-java\5.1.24\mysql-connector-java-5.1.24.jar;"/>
    <property name="java.vm.specification.version" value="1.8"/>
    <property name="sun.arch.data.model" value="64"/>
    <property name="java.home" value="C:\Program Files\Java\jdk1.8.0_111\jre"/>
    <property name="sun.java.command" value="C:\Users\ADMINI~1.EIT\AppData\Local\Temp\surefirebooter8064814161480581266.jar C:\Users\ADMINI~1.EIT\AppData\Local\Temp\surefire2106879949227599953tmp C:\Users\ADMINI~1.EIT\AppData\Local\Temp\surefire615808905601729827tmp"/>
    <property name="java.specification.vendor" value="Oracle Corporation"/>
    <property name="user.language" value="zh"/>
    <property name="awt.toolkit" value="sun.awt.windows.WToolkit"/>
    <property name="java.vm.info" value="mixed mode"/>
    <property name="java.version" value="1.8.0_111"/>
    <property name="java.ext.dirs" value="C:\Program Files\Java\jdk1.8.0_111\jre\lib\ext;C:\Windows\Sun\Java\lib\ext"/>
    <property name="sun.boot.class.path" value="C:\Program Files\Java\jdk1.8.0_111\jre\lib\resources.jar;C:\Program Files\Java\jdk1.8.0_111\jre\lib\rt.jar;C:\Program Files\Java\jdk1.8.0_111\jre\lib\sunrsasign.jar;C:\Program Files\Java\jdk1.8.0_111\jre\lib\jsse.jar;C:\Program Files\Java\jdk1.8.0_111\jre\lib\jce.jar;C:\Program Files\Java\jdk1.8.0_111\jre\lib\charsets.jar;C:\Program Files\Java\jdk1.8.0_111\jre\lib\jfr.jar;C:\Program Files\Java\jdk1.8.0_111\jre\classes"/>
    <property name="java.vendor" value="Oracle Corporation"/>
    <property name="localRepository" value="C:\Users\Administrator.EIT-20160903KGQ\.m2\repository"/>
    <property name="file.separator" value="\"/>
    <property name="java.vendor.url.bug" value="http://bugreport.sun.com/bugreport/"/>
    <property name="sun.cpu.endian" value="little"/>
    <property name="sun.io.unicode.encoding" value="UnicodeLittle"/>
    <property name="sun.desktop" value="windows"/>
    <property name="sun.cpu.isalist" value="amd64"/>
  </properties>
  <testcase classname="com.tingyun.chart.go.testcase.GoGcChartTest" name="test_30min" time="4.511">
    <error type="java.lang.NullPointerException">java.lang.NullPointerException
	at com.tingyun.chart.go.testcase.GoGcChartTest.queryByEndtimeAndTimePeriod(GoGcChartTest.java:73)
	at com.tingyun.chart.go.testcase.GoGcChartTest.test_30min(GoGcChartTest.java:31)
	at sun.reflect.NativeMethodAccessorImpl.invoke0(Native Method)
	at sun.reflect.NativeMethodAccessorImpl.invoke(NativeMethodAccessorImpl.java:62)
	at sun.reflect.DelegatingMethodAccessorImpl.invoke(DelegatingMethodAccessorImpl.java:43)
	at java.lang.reflect.Method.invoke(Method.java:498)
	at org.junit.runners.model.FrameworkMethod$1.runReflectiveCall(FrameworkMethod.java:44)
	at org.junit.internal.runners.model.ReflectiveCallable.run(ReflectiveCallable.java:15)
	at org.junit.runners.model.FrameworkMethod.invokeExplosively(FrameworkMethod.java:41)
	at org.junit.internal.runners.statements.InvokeMethod.evaluate(InvokeMethod.java:20)
	at org.junit.runners.ParentRunner.runLeaf(ParentRunner.java:263)
	at org.junit.runners.BlockJUnit4ClassRunner.runChild(BlockJUnit4ClassRunner.java:69)
	at org.junit.runners.BlockJUnit4ClassRunner.runChild(BlockJUnit4ClassRunner.java:48)
	at org.junit.runners.ParentRunner$3.run(ParentRunner.java:231)
	at org.junit.runners.ParentRunner$1.schedule(ParentRunner.java:60)
	at org.junit.runners.ParentRunner.runChildren(ParentRunner.java:229)
	at org.junit.runners.ParentRunner.access$000(ParentRunner.java:50)
	at org.junit.runners.ParentRunner$2.evaluate(ParentRunner.java:222)
	at org.junit.runners.ParentRunner.run(ParentRunner.java:292)
	at org.apache.maven.surefire.junit4.JUnit4TestSet.execute(JUnit4TestSet.java:59)
	at org.apache.maven.surefire.suite.AbstractDirectoryTestSuite.executeTestSet(AbstractDirectoryTestSuite.java:115)
	at org.apache.maven.surefire.suite.AbstractDirectoryTestSuite.execute(AbstractDirectoryTestSuite.java:102)
	at org.apache.maven.surefire.Surefire.run(Surefire.java:180)
	at sun.reflect.NativeMethodAccessorImpl.invoke0(Native Method)
	at sun.reflect.NativeMethodAccessorImpl.invoke(NativeMethodAccessorImpl.java:62)
	at sun.reflect.DelegatingMethodAccessorImpl.invoke(DelegatingMethodAccessorImpl.java:43)
	at java.lang.reflect.Method.invoke(Method.java:498)
	at org.apache.maven.surefire.booter.SurefireBooter.runSuitesInProcess(SurefireBooter.java:350)
	at org.apache.maven.surefire.booter.SurefireBooter.main(SurefireBooter.java:1021)
</error>
    <system-out>begin login
D:\projects\tingyun-chart-test
save snapshot path is:D:\projects\tingyun-chart-test;open_server.png
screen shot finished
end login
=======result==begin====
executing request http://www.ty.com/server/highcharts-chart-data/LATEST/accounts/applications/charts/go-gc.json
StatusCode=200
{&quot;chart&quot;:{&quot;backgroundColor&quot;:&quot;#ffffff&quot;,&quot;width&quot;:375,&quot;height&quot;:300,&quot;plotBackgroundColor&quot;:&quot;#ffffff&quot;,&quot;plotBorderColor&quot;:&quot;#575757&quot;,&quot;plotBorderWidth&quot;:1,&quot;spacingTop&quot;:15,&quot;spacingBottom&quot;:10,&quot;spacingLeft&quot;:15,&quot;spacingRight&quot;:10},&quot;legend&quot;:{&quot;align&quot;:&quot;center&quot;,&quot;verticalAlign&quot;:&quot;bottom&quot;},&quot;series&quot;:[{&quot;name&quot;:&quot;GC次数&quot;,&quot;type&quot;:&quot;column&quot;,&quot;color&quot;:&quot;#3598db&quot;,&quot;data&quot;:[{&quot;x&quot;:1483419600000,&quot;y&quot;:4,&quot;tooltip&quot;:&quot;{\&quot;title\&quot;:\&quot;01-03 13:00--01-03 13:01\&quot;,\&quot;data\&quot;:[{\&quot;title\&quot;:\&quot;GC次数\&quot;,\&quot;value\&quot;:\&quot;4\&quot;},{\&quot;title\&quot;:\&quot;GC最大值\&quot;,\&quot;value\&quot;:\&quot;3.0\&quot;,\&quot;unit\&quot;:\&quot;ms\&quot;},{\&quot;title\&quot;:\&quot;GC最小值\&quot;,\&quot;value\&quot;:\&quot;1.0\&quot;,\&quot;unit\&quot;:\&quot;ms\&quot;},{\&quot;title\&quot;:\&quot;GC平均值\&quot;,\&quot;value\&quot;:\&quot;2.0\&quot;,\&quot;unit\&quot;:\&quot;ms\&quot;}]}&quot;},{&quot;x&quot;:1483419720000,&quot;y&quot;:4,&quot;tooltip&quot;:&quot;{\&quot;title\&quot;:\&quot;01-03 13:02--01-03 13:03\&quot;,\&quot;data\&quot;:[{\&quot;title\&quot;:\&quot;GC次数\&quot;,\&quot;value\&quot;:\&quot;4\&quot;},{\&quot;title\&quot;:\&quot;GC最大值\&quot;,\&quot;value\&quot;:\&quot;3.0\&quot;,\&quot;unit\&quot;:\&quot;ms\&quot;},{\&quot;title\&quot;:\&quot;GC最小值\&quot;,\&quot;value\&quot;:\&quot;1.0\&quot;,\&quot;unit\&quot;:\&quot;ms\&quot;},{\&quot;title\&quot;:\&quot;GC平均值\&quot;,\&quot;value\&quot;:\&quot;2.0\&quot;,\&quot;unit\&quot;:\&quot;ms\&quot;}]}&quot;},{&quot;x&quot;:1483419780000,&quot;y&quot;:5,&quot;tooltip&quot;:&quot;{\&quot;title\&quot;:\&quot;01-03 13:03--01-03 13:04\&quot;,\&quot;data\&quot;:[{\&quot;title\&quot;:\&quot;GC次数\&quot;,\&quot;value\&quot;:\&quot;5\&quot;},{\&quot;title\&quot;:\&quot;GC最大值\&quot;,\&quot;value\&quot;:\&quot;3.0\&quot;,\&quot;unit\&quot;:\&quot;ms\&quot;},{\&quot;title\&quot;:\&quot;GC最小值\&quot;,\&quot;value\&quot;:\&quot;1.0\&quot;,\&quot;unit\&quot;:\&quot;ms\&quot;},{\&quot;title\&quot;:\&quot;GC平均值\&quot;,\&quot;value\&quot;:\&quot;1.8\&quot;,\&quot;unit\&quot;:\&quot;ms\&quot;}]}&quot;},{&quot;x&quot;:1483419900000,&quot;y&quot;:4,&quot;tooltip&quot;:&quot;{\&quot;title\&quot;:\&quot;01-03 13:05--01-03 13:06\&quot;,\&quot;data\&quot;:[{\&quot;title\&quot;:\&quot;GC次数\&quot;,\&quot;value\&quot;:\&quot;4\&quot;},{\&quot;title\&quot;:\&quot;GC最大值\&quot;,\&quot;value\&quot;:\&quot;3.0\&quot;,\&quot;unit\&quot;:\&quot;ms\&quot;},{\&quot;title\&quot;:\&quot;GC最小值\&quot;,\&quot;value\&quot;:\&quot;1.0\&quot;,\&quot;unit\&quot;:\&quot;ms\&quot;},{\&quot;title\&quot;:\&quot;GC平均值\&quot;,\&quot;value\&quot;:\&quot;2.0\&quot;,\&quot;unit\&quot;:\&quot;ms\&quot;}]}&quot;},{&quot;x&quot;:1483419960000,&quot;y&quot;:5,&quot;tooltip&quot;:&quot;{\&quot;title\&quot;:\&quot;01-03 13:06--01-03 13:07\&quot;,\&quot;data\&quot;:[{\&quot;title\&quot;:\&quot;GC次数\&quot;,\&quot;value\&quot;:\&quot;5\&quot;},{\&quot;title\&quot;:\&quot;GC最大值\&quot;,\&quot;value\&quot;:\&quot;3.0\&quot;,\&quot;unit\&quot;:\&quot;ms\&quot;},{\&quot;title\&quot;:\&quot;GC最小值\&quot;,\&quot;value\&quot;:\&quot;1.0\&quot;,\&quot;unit\&quot;:\&quot;ms\&quot;},{\&quot;title\&quot;:\&quot;GC平均值\&quot;,\&quot;value\&quot;:\&quot;1.8\&quot;,\&quot;unit\&quot;:\&quot;ms\&quot;}]}&quot;},{&quot;x&quot;:1483420080000,&quot;y&quot;:5,&quot;tooltip&quot;:&quot;{\&quot;title\&quot;:\&quot;01-03 13:08--01-03 13:09\&quot;,\&quot;data\&quot;:[{\&quot;title\&quot;:\&quot;GC次数\&quot;,\&quot;value\&quot;:\&quot;5\&quot;},{\&quot;title\&quot;:\&quot;GC最大值\&quot;,\&quot;value\&quot;:\&quot;3.0\&quot;,\&quot;unit\&quot;:\&quot;ms\&quot;},{\&quot;title\&quot;:\&quot;GC最小值\&quot;,\&quot;value\&quot;:\&quot;1.0\&quot;,\&quot;unit\&quot;:\&quot;ms\&quot;},{\&quot;title\&quot;:\&quot;GC平均值\&quot;,\&quot;value\&quot;:\&quot;1.8\&quot;,\&quot;unit\&quot;:\&quot;ms\&quot;}]}&quot;},{&quot;x&quot;:1483420140000,&quot;y&quot;:4,&quot;tooltip&quot;:&quot;{\&quot;title\&quot;:\&quot;01-03 13:09--01-03 13:10\&quot;,\&quot;data\&quot;:[{\&quot;title\&quot;:\&quot;GC次数\&quot;,\&quot;value\&quot;:\&quot;4\&quot;},{\&quot;title\&quot;:\&quot;GC最大值\&quot;,\&quot;value\&quot;:\&quot;3.0\&quot;,\&quot;unit\&quot;:\&quot;ms\&quot;},{\&quot;title\&quot;:\&quot;GC最小值\&quot;,\&quot;value\&quot;:\&quot;1.0\&quot;,\&quot;unit\&quot;:\&quot;ms\&quot;},{\&quot;title\&quot;:\&quot;GC平均值\&quot;,\&quot;value\&quot;:\&quot;2.0\&quot;,\&quot;unit\&quot;:\&quot;ms\&quot;}]}&quot;},{&quot;x&quot;:1483420260000,&quot;y&quot;:5,&quot;tooltip&quot;:&quot;{\&quot;title\&quot;:\&quot;01-03 13:11--01-03 13:12\&quot;,\&quot;data\&quot;:[{\&quot;title\&quot;:\&quot;GC次数\&quot;,\&quot;value\&quot;:\&quot;5\&quot;},{\&quot;title\&quot;:\&quot;GC最大值\&quot;,\&quot;value\&quot;:\&quot;3.0\&quot;,\&quot;unit\&quot;:\&quot;ms\&quot;},{\&quot;title\&quot;:\&quot;GC最小值\&quot;,\&quot;value\&quot;:\&quot;1.0\&quot;,\&quot;unit\&quot;:\&quot;ms\&quot;},{\&quot;title\&quot;:\&quot;GC平均值\&quot;,\&quot;value\&quot;:\&quot;1.8\&quot;,\&quot;unit\&quot;:\&quot;ms\&quot;}]}&quot;},{&quot;x&quot;:1483420320000,&quot;y&quot;:4,&quot;tooltip&quot;:&quot;{\&quot;title\&quot;:\&quot;01-03 13:12--01-03 13:13\&quot;,\&quot;data\&quot;:[{\&quot;title\&quot;:\&quot;GC次数\&quot;,\&quot;value\&quot;:\&quot;4\&quot;},{\&quot;title\&quot;:\&quot;GC最大值\&quot;,\&quot;value\&quot;:\&quot;3.0\&quot;,\&quot;unit\&quot;:\&quot;ms\&quot;},{\&quot;title\&quot;:\&quot;GC最小值\&quot;,\&quot;value\&quot;:\&quot;1.0\&quot;,\&quot;unit\&quot;:\&quot;ms\&quot;},{\&quot;title\&quot;:\&quot;GC平均值\&quot;,\&quot;value\&quot;:\&quot;2.0\&quot;,\&quot;unit\&quot;:\&quot;ms\&quot;}]}&quot;},{&quot;x&quot;:1483420440000,&quot;y&quot;:4,&quot;tooltip&quot;:&quot;{\&quot;title\&quot;:\&quot;01-03 13:14--01-03 13:15\&quot;,\&quot;data\&quot;:[{\&quot;title\&quot;:\&quot;GC次数\&quot;,\&quot;value\&quot;:\&quot;4\&quot;},{\&quot;title\&quot;:\&quot;GC最大值\&quot;,\&quot;value\&quot;:\&quot;3.0\&quot;,\&quot;unit\&quot;:\&quot;ms\&quot;},{\&quot;title\&quot;:\&quot;GC最小值\&quot;,\&quot;value\&quot;:\&quot;1.0\&quot;,\&quot;unit\&quot;:\&quot;ms\&quot;},{\&quot;title\&quot;:\&quot;GC平均值\&quot;,\&quot;value\&quot;:\&quot;2.0\&quot;,\&quot;unit\&quot;:\&quot;ms\&quot;}]}&quot;},{&quot;x&quot;:1483420500000,&quot;y&quot;:4,&quot;tooltip&quot;:&quot;{\&quot;title\&quot;:\&quot;01-03 13:15--01-03 13:16\&quot;,\&quot;data\&quot;:[{\&quot;title\&quot;:\&quot;GC次数\&quot;,\&quot;value\&quot;:\&quot;4\&quot;},{\&quot;title\&quot;:\&quot;GC最大值\&quot;,\&quot;value\&quot;:\&quot;3.0\&quot;,\&quot;unit\&quot;:\&quot;ms\&quot;},{\&quot;title\&quot;:\&quot;GC最小值\&quot;,\&quot;value\&quot;:\&quot;1.0\&quot;,\&quot;unit\&quot;:\&quot;ms\&quot;},{\&quot;title\&quot;:\&quot;GC平均值\&quot;,\&quot;value\&quot;:\&quot;2.0\&quot;,\&quot;unit\&quot;:\&quot;ms\&quot;}]}&quot;},{&quot;x&quot;:1483420620000,&quot;y&quot;:5,&quot;tooltip&quot;:&quot;{\&quot;title\&quot;:\&quot;01-03 13:17--01-03 13:18\&quot;,\&quot;data\&quot;:[{\&quot;title\&quot;:\&quot;GC次数\&quot;,\&quot;value\&quot;:\&quot;5\&quot;},{\&quot;title\&quot;:\&quot;GC最大值\&quot;,\&quot;value\&quot;:\&quot;3.0\&quot;,\&quot;unit\&quot;:\&quot;ms\&quot;},{\&quot;title\&quot;:\&quot;GC最小值\&quot;,\&quot;value\&quot;:\&quot;1.0\&quot;,\&quot;unit\&quot;:\&quot;ms\&quot;},{\&quot;title\&quot;:\&quot;GC平均值\&quot;,\&quot;value\&quot;:\&quot;1.8\&quot;,\&quot;unit\&quot;:\&quot;ms\&quot;}]}&quot;},{&quot;x&quot;:1483420680000,&quot;y&quot;:4,&quot;tooltip&quot;:&quot;{\&quot;title\&quot;:\&quot;01-03 13:18--01-03 13:19\&quot;,\&quot;data\&quot;:[{\&quot;title\&quot;:\&quot;GC次数\&quot;,\&quot;value\&quot;:\&quot;4\&quot;},{\&quot;title\&quot;:\&quot;GC最大值\&quot;,\&quot;value\&quot;:\&quot;3.0\&quot;,\&quot;unit\&quot;:\&quot;ms\&quot;},{\&quot;title\&quot;:\&quot;GC最小值\&quot;,\&quot;value\&quot;:\&quot;1.0\&quot;,\&quot;unit\&quot;:\&quot;ms\&quot;},{\&quot;title\&quot;:\&quot;GC平均值\&quot;,\&quot;value\&quot;:\&quot;2.0\&quot;,\&quot;unit\&quot;:\&quot;ms\&quot;}]}&quot;},{&quot;x&quot;:1483420800000,&quot;y&quot;:4,&quot;tooltip&quot;:&quot;{\&quot;title\&quot;:\&quot;01-03 13:20--01-03 13:21\&quot;,\&quot;data\&quot;:[{\&quot;title\&quot;:\&quot;GC次数\&quot;,\&quot;value\&quot;:\&quot;4\&quot;},{\&quot;title\&quot;:\&quot;GC最大值\&quot;,\&quot;value\&quot;:\&quot;3.0\&quot;,\&quot;unit\&quot;:\&quot;ms\&quot;},{\&quot;title\&quot;:\&quot;GC最小值\&quot;,\&quot;value\&quot;:\&quot;1.0\&quot;,\&quot;unit\&quot;:\&quot;ms\&quot;},{\&quot;title\&quot;:\&quot;GC平均值\&quot;,\&quot;value\&quot;:\&quot;2.0\&quot;,\&quot;unit\&quot;:\&quot;ms\&quot;}]}&quot;},{&quot;x&quot;:1483420860000,&quot;y&quot;:4,&quot;tooltip&quot;:&quot;{\&quot;title\&quot;:\&quot;01-03 13:21--01-03 13:22\&quot;,\&quot;data\&quot;:[{\&quot;title\&quot;:\&quot;GC次数\&quot;,\&quot;value\&quot;:\&quot;4\&quot;},{\&quot;title\&quot;:\&quot;GC最大值\&quot;,\&quot;value\&quot;:\&quot;3.0\&quot;,\&quot;unit\&quot;:\&quot;ms\&quot;},{\&quot;title\&quot;:\&quot;GC最小值\&quot;,\&quot;value\&quot;:\&quot;1.0\&quot;,\&quot;unit\&quot;:\&quot;ms\&quot;},{\&quot;title\&quot;:\&quot;GC平均值\&quot;,\&quot;value\&quot;:\&quot;2.0\&quot;,\&quot;unit\&quot;:\&quot;ms\&quot;}]}&quot;},{&quot;x&quot;:1483420980000,&quot;y&quot;:4,&quot;tooltip&quot;:&quot;{\&quot;title\&quot;:\&quot;01-03 13:23--01-03 13:24\&quot;,\&quot;data\&quot;:[{\&quot;title\&quot;:\&quot;GC次数\&quot;,\&quot;value\&quot;:\&quot;4\&quot;},{\&quot;title\&quot;:\&quot;GC最大值\&quot;,\&quot;value\&quot;:\&quot;3.0\&quot;,\&quot;unit\&quot;:\&quot;ms\&quot;},{\&quot;title\&quot;:\&quot;GC最小值\&quot;,\&quot;value\&quot;:\&quot;1.0\&quot;,\&quot;unit\&quot;:\&quot;ms\&quot;},{\&quot;title\&quot;:\&quot;GC平均值\&quot;,\&quot;value\&quot;:\&quot;2.0\&quot;,\&quot;unit\&quot;:\&quot;ms\&quot;}]}&quot;},{&quot;x&quot;:1483421040000,&quot;y&quot;:4,&quot;tooltip&quot;:&quot;{\&quot;title\&quot;:\&quot;01-03 13:24--01-03 13:25\&quot;,\&quot;data\&quot;:[{\&quot;title\&quot;:\&quot;GC次数\&quot;,\&quot;value\&quot;:\&quot;4\&quot;},{\&quot;title\&quot;:\&quot;GC最大值\&quot;,\&quot;value\&quot;:\&quot;3.0\&quot;,\&quot;unit\&quot;:\&quot;ms\&quot;},{\&quot;title\&quot;:\&quot;GC最小值\&quot;,\&quot;value\&quot;:\&quot;1.0\&quot;,\&quot;unit\&quot;:\&quot;ms\&quot;},{\&quot;title\&quot;:\&quot;GC平均值\&quot;,\&quot;value\&quot;:\&quot;2.0\&quot;,\&quot;unit\&quot;:\&quot;ms\&quot;}]}&quot;},{&quot;x&quot;:1483421160000,&quot;y&quot;:4,&quot;tooltip&quot;:&quot;{\&quot;title\&quot;:\&quot;01-03 13:26--01-03 13:27\&quot;,\&quot;data\&quot;:[{\&quot;title\&quot;:\&quot;GC次数\&quot;,\&quot;value\&quot;:\&quot;4\&quot;},{\&quot;title\&quot;:\&quot;GC最大值\&quot;,\&quot;value\&quot;:\&quot;3.0\&quot;,\&quot;unit\&quot;:\&quot;ms\&quot;},{\&quot;title\&quot;:\&quot;GC最小值\&quot;,\&quot;value\&quot;:\&quot;1.0\&quot;,\&quot;unit\&quot;:\&quot;ms\&quot;},{\&quot;title\&quot;:\&quot;GC平均值\&quot;,\&quot;value\&quot;:\&quot;2.0\&quot;,\&quot;unit\&quot;:\&quot;ms\&quot;}]}&quot;},{&quot;x&quot;:1483421220000,&quot;y&quot;:4,&quot;tooltip&quot;:&quot;{\&quot;title\&quot;:\&quot;01-03 13:27--01-03 13:28\&quot;,\&quot;data\&quot;:[{\&quot;title\&quot;:\&quot;GC次数\&quot;,\&quot;value\&quot;:\&quot;4\&quot;},{\&quot;title\&quot;:\&quot;GC最大值\&quot;,\&quot;value\&quot;:\&quot;3.0\&quot;,\&quot;unit\&quot;:\&quot;ms\&quot;},{\&quot;title\&quot;:\&quot;GC最小值\&quot;,\&quot;value\&quot;:\&quot;1.0\&quot;,\&quot;unit\&quot;:\&quot;ms\&quot;},{\&quot;title\&quot;:\&quot;GC平均值\&quot;,\&quot;value\&quot;:\&quot;2.0\&quot;,\&quot;unit\&quot;:\&quot;ms\&quot;}]}&quot;},{&quot;x&quot;:1483421340000,&quot;y&quot;:5,&quot;tooltip&quot;:&quot;{\&quot;title\&quot;:\&quot;01-03 13:29--01-03 13:30\&quot;,\&quot;data\&quot;:[{\&quot;title\&quot;:\&quot;GC次数\&quot;,\&quot;value\&quot;:\&quot;5\&quot;},{\&quot;title\&quot;:\&quot;GC最大值\&quot;,\&quot;value\&quot;:\&quot;3.0\&quot;,\&quot;unit\&quot;:\&quot;ms\&quot;},{\&quot;title\&quot;:\&quot;GC最小值\&quot;,\&quot;value\&quot;:\&quot;1.0\&quot;,\&quot;unit\&quot;:\&quot;ms\&quot;},{\&quot;title\&quot;:\&quot;GC平均值\&quot;,\&quot;value\&quot;:\&quot;1.8\&quot;,\&quot;unit\&quot;:\&quot;ms\&quot;}]}&quot;}],&quot;params&quot;:&quot;223&quot;,&quot;marker&quot;:{&quot;symbol&quot;:&quot;circle&quot;,&quot;radius&quot;:4}},{&quot;name&quot;:&quot;GC最大值&quot;,&quot;type&quot;:&quot;line&quot;,&quot;color&quot;:&quot;#01cdce&quot;,&quot;data&quot;:[{&quot;x&quot;:1483419600000,&quot;y&quot;:3.0,&quot;tooltip&quot;:&quot;{\&quot;title\&quot;:\&quot;01-03 13:00--01-03 13:01\&quot;,\&quot;data\&quot;:[{\&quot;title\&quot;:\&quot;GC最大值\&quot;,\&quot;value\&quot;:\&quot;3.0\&quot;,\&quot;unit\&quot;:\&quot;ms\&quot;},{\&quot;title\&quot;:\&quot;GC最小值\&quot;,\&quot;value\&quot;:\&quot;1.0\&quot;,\&quot;unit\&quot;:\&quot;ms\&quot;},{\&quot;title\&quot;:\&quot;GC平均值\&quot;,\&quot;value\&quot;:\&quot;2.0\&quot;,\&quot;unit\&quot;:\&quot;ms\&quot;},{\&quot;title\&quot;:\&quot;GC次数\&quot;,\&quot;value\&quot;:\&quot;4\&quot;}]}&quot;},{&quot;x&quot;:1483419720000,&quot;y&quot;:3.0,&quot;tooltip&quot;:&quot;{\&quot;title\&quot;:\&quot;01-03 13:02--01-03 13:03\&quot;,\&quot;data\&quot;:[{\&quot;title\&quot;:\&quot;GC最大值\&quot;,\&quot;value\&quot;:\&quot;3.0\&quot;,\&quot;unit\&quot;:\&quot;ms\&quot;},{\&quot;title\&quot;:\&quot;GC最小值\&quot;,\&quot;value\&quot;:\&quot;1.0\&quot;,\&quot;unit\&quot;:\&quot;ms\&quot;},{\&quot;title\&quot;:\&quot;GC平均值\&quot;,\&quot;value\&quot;:\&quot;2.0\&quot;,\&quot;unit\&quot;:\&quot;ms\&quot;},{\&quot;title\&quot;:\&quot;GC次数\&quot;,\&quot;value\&quot;:\&quot;4\&quot;}]}&quot;},{&quot;x&quot;:1483419780000,&quot;y&quot;:3.0,&quot;tooltip&quot;:&quot;{\&quot;title\&quot;:\&quot;01-03 13:03--01-03 13:04\&quot;,\&quot;data\&quot;:[{\&quot;title\&quot;:\&quot;GC最大值\&quot;,\&quot;value\&quot;:\&quot;3.0\&quot;,\&quot;unit\&quot;:\&quot;ms\&quot;},{\&quot;title\&quot;:\&quot;GC最小值\&quot;,\&quot;value\&quot;:\&quot;1.0\&quot;,\&quot;unit\&quot;:\&quot;ms\&quot;},{\&quot;title\&quot;:\&quot;GC平均值\&quot;,\&quot;value\&quot;:\&quot;1.8\&quot;,\&quot;unit\&quot;:\&quot;ms\&quot;},{\&quot;title\&quot;:\&quot;GC次数\&quot;,\&quot;value\&quot;:\&quot;5\&quot;}]}&quot;},{&quot;x&quot;:1483419900000,&quot;y&quot;:3.0,&quot;tooltip&quot;:&quot;{\&quot;title\&quot;:\&quot;01-03 13:05--01-03 13:06\&quot;,\&quot;data\&quot;:[{\&quot;title\&quot;:\&quot;GC最大值\&quot;,\&quot;value\&quot;:\&quot;3.0\&quot;,\&quot;unit\&quot;:\&quot;ms\&quot;},{\&quot;title\&quot;:\&quot;GC最小值\&quot;,\&quot;value\&quot;:\&quot;1.0\&quot;,\&quot;unit\&quot;:\&quot;ms\&quot;},{\&quot;title\&quot;:\&quot;GC平均值\&quot;,\&quot;value\&quot;:\&quot;2.0\&quot;,\&quot;unit\&quot;:\&quot;ms\&quot;},{\&quot;title\&quot;:\&quot;GC次数\&quot;,\&quot;value\&quot;:\&quot;4\&quot;}]}&quot;},{&quot;x&quot;:1483419960000,&quot;y&quot;:3.0,&quot;tooltip&quot;:&quot;{\&quot;title\&quot;:\&quot;01-03 13:06--01-03 13:07\&quot;,\&quot;data\&quot;:[{\&quot;title\&quot;:\&quot;GC最大值\&quot;,\&quot;value\&quot;:\&quot;3.0\&quot;,\&quot;unit\&quot;:\&quot;ms\&quot;},{\&quot;title\&quot;:\&quot;GC最小值\&quot;,\&quot;value\&quot;:\&quot;1.0\&quot;,\&quot;unit\&quot;:\&quot;ms\&quot;},{\&quot;title\&quot;:\&quot;GC平均值\&quot;,\&quot;value\&quot;:\&quot;1.8\&quot;,\&quot;unit\&quot;:\&quot;ms\&quot;},{\&quot;title\&quot;:\&quot;GC次数\&quot;,\&quot;value\&quot;:\&quot;5\&quot;}]}&quot;},{&quot;x&quot;:1483420080000,&quot;y&quot;:3.0,&quot;tooltip&quot;:&quot;{\&quot;title\&quot;:\&quot;01-03 13:08--01-03 13:09\&quot;,\&quot;data\&quot;:[{\&quot;title\&quot;:\&quot;GC最大值\&quot;,\&quot;value\&quot;:\&quot;3.0\&quot;,\&quot;unit\&quot;:\&quot;ms\&quot;},{\&quot;title\&quot;:\&quot;GC最小值\&quot;,\&quot;value\&quot;:\&quot;1.0\&quot;,\&quot;unit\&quot;:\&quot;ms\&quot;},{\&quot;title\&quot;:\&quot;GC平均值\&quot;,\&quot;value\&quot;:\&quot;1.8\&quot;,\&quot;unit\&quot;:\&quot;ms\&quot;},{\&quot;title\&quot;:\&quot;GC次数\&quot;,\&quot;value\&quot;:\&quot;5\&quot;}]}&quot;},{&quot;x&quot;:1483420140000,&quot;y&quot;:3.0,&quot;tooltip&quot;:&quot;{\&quot;title\&quot;:\&quot;01-03 13:09--01-03 13:10\&quot;,\&quot;data\&quot;:[{\&quot;title\&quot;:\&quot;GC最大值\&quot;,\&quot;value\&quot;:\&quot;3.0\&quot;,\&quot;unit\&quot;:\&quot;ms\&quot;},{\&quot;title\&quot;:\&quot;GC最小值\&quot;,\&quot;value\&quot;:\&quot;1.0\&quot;,\&quot;unit\&quot;:\&quot;ms\&quot;},{\&quot;title\&quot;:\&quot;GC平均值\&quot;,\&quot;value\&quot;:\&quot;2.0\&quot;,\&quot;unit\&quot;:\&quot;ms\&quot;},{\&quot;title\&quot;:\&quot;GC次数\&quot;,\&quot;value\&quot;:\&quot;4\&quot;}]}&quot;},{&quot;x&quot;:1483420260000,&quot;y&quot;:3.0,&quot;tooltip&quot;:&quot;{\&quot;title\&quot;:\&quot;01-03 13:11--01-03 13:12\&quot;,\&quot;data\&quot;:[{\&quot;title\&quot;:\&quot;GC最大值\&quot;,\&quot;value\&quot;:\&quot;3.0\&quot;,\&quot;unit\&quot;:\&quot;ms\&quot;},{\&quot;title\&quot;:\&quot;GC最小值\&quot;,\&quot;value\&quot;:\&quot;1.0\&quot;,\&quot;unit\&quot;:\&quot;ms\&quot;},{\&quot;title\&quot;:\&quot;GC平均值\&quot;,\&quot;value\&quot;:\&quot;1.8\&quot;,\&quot;unit\&quot;:\&quot;ms\&quot;},{\&quot;title\&quot;:\&quot;GC次数\&quot;,\&quot;value\&quot;:\&quot;5\&quot;}]}&quot;},{&quot;x&quot;:1483420320000,&quot;y&quot;:3.0,&quot;tooltip&quot;:&quot;{\&quot;title\&quot;:\&quot;01-03 13:12--01-03 13:13\&quot;,\&quot;data\&quot;:[{\&quot;title\&quot;:\&quot;GC最大值\&quot;,\&quot;value\&quot;:\&quot;3.0\&quot;,\&quot;unit\&quot;:\&quot;ms\&quot;},{\&quot;title\&quot;:\&quot;GC最小值\&quot;,\&quot;value\&quot;:\&quot;1.0\&quot;,\&quot;unit\&quot;:\&quot;ms\&quot;},{\&quot;title\&quot;:\&quot;GC平均值\&quot;,\&quot;value\&quot;:\&quot;2.0\&quot;,\&quot;unit\&quot;:\&quot;ms\&quot;},{\&quot;title\&quot;:\&quot;GC次数\&quot;,\&quot;value\&quot;:\&quot;4\&quot;}]}&quot;},{&quot;x&quot;:1483420440000,&quot;y&quot;:3.0,&quot;tooltip&quot;:&quot;{\&quot;title\&quot;:\&quot;01-03 13:14--01-03 13:15\&quot;,\&quot;data\&quot;:[{\&quot;title\&quot;:\&quot;GC最大值\&quot;,\&quot;value\&quot;:\&quot;3.0\&quot;,\&quot;unit\&quot;:\&quot;ms\&quot;},{\&quot;title\&quot;:\&quot;GC最小值\&quot;,\&quot;value\&quot;:\&quot;1.0\&quot;,\&quot;unit\&quot;:\&quot;ms\&quot;},{\&quot;title\&quot;:\&quot;GC平均值\&quot;,\&quot;value\&quot;:\&quot;2.0\&quot;,\&quot;unit\&quot;:\&quot;ms\&quot;},{\&quot;title\&quot;:\&quot;GC次数\&quot;,\&quot;value\&quot;:\&quot;4\&quot;}]}&quot;},{&quot;x&quot;:1483420500000,&quot;y&quot;:3.0,&quot;tooltip&quot;:&quot;{\&quot;title\&quot;:\&quot;01-03 13:15--01-03 13:16\&quot;,\&quot;data\&quot;:[{\&quot;title\&quot;:\&quot;GC最大值\&quot;,\&quot;value\&quot;:\&quot;3.0\&quot;,\&quot;unit\&quot;:\&quot;ms\&quot;},{\&quot;title\&quot;:\&quot;GC最小值\&quot;,\&quot;value\&quot;:\&quot;1.0\&quot;,\&quot;unit\&quot;:\&quot;ms\&quot;},{\&quot;title\&quot;:\&quot;GC平均值\&quot;,\&quot;value\&quot;:\&quot;2.0\&quot;,\&quot;unit\&quot;:\&quot;ms\&quot;},{\&quot;title\&quot;:\&quot;GC次数\&quot;,\&quot;value\&quot;:\&quot;4\&quot;}]}&quot;},{&quot;x&quot;:1483420620000,&quot;y&quot;:3.0,&quot;tooltip&quot;:&quot;{\&quot;title\&quot;:\&quot;01-03 13:17--01-03 13:18\&quot;,\&quot;data\&quot;:[{\&quot;title\&quot;:\&quot;GC最大值\&quot;,\&quot;value\&quot;:\&quot;3.0\&quot;,\&quot;unit\&quot;:\&quot;ms\&quot;},{\&quot;title\&quot;:\&quot;GC最小值\&quot;,\&quot;value\&quot;:\&quot;1.0\&quot;,\&quot;unit\&quot;:\&quot;ms\&quot;},{\&quot;title\&quot;:\&quot;GC平均值\&quot;,\&quot;value\&quot;:\&quot;1.8\&quot;,\&quot;unit\&quot;:\&quot;ms\&quot;},{\&quot;title\&quot;:\&quot;GC次数\&quot;,\&quot;value\&quot;:\&quot;5\&quot;}]}&quot;},{&quot;x&quot;:1483420680000,&quot;y&quot;:3.0,&quot;tooltip&quot;:&quot;{\&quot;title\&quot;:\&quot;01-03 13:18--01-03 13:19\&quot;,\&quot;data\&quot;:[{\&quot;title\&quot;:\&quot;GC最大值\&quot;,\&quot;value\&quot;:\&quot;3.0\&quot;,\&quot;unit\&quot;:\&quot;ms\&quot;},{\&quot;title\&quot;:\&quot;GC最小值\&quot;,\&quot;value\&quot;:\&quot;1.0\&quot;,\&quot;unit\&quot;:\&quot;ms\&quot;},{\&quot;title\&quot;:\&quot;GC平均值\&quot;,\&quot;value\&quot;:\&quot;2.0\&quot;,\&quot;unit\&quot;:\&quot;ms\&quot;},{\&quot;title\&quot;:\&quot;GC次数\&quot;,\&quot;value\&quot;:\&quot;4\&quot;}]}&quot;},{&quot;x&quot;:1483420800000,&quot;y&quot;:3.0,&quot;tooltip&quot;:&quot;{\&quot;title\&quot;:\&quot;01-03 13:20--01-03 13:21\&quot;,\&quot;data\&quot;:[{\&quot;title\&quot;:\&quot;GC最大值\&quot;,\&quot;value\&quot;:\&quot;3.0\&quot;,\&quot;unit\&quot;:\&quot;ms\&quot;},{\&quot;title\&quot;:\&quot;GC最小值\&quot;,\&quot;value\&quot;:\&quot;1.0\&quot;,\&quot;unit\&quot;:\&quot;ms\&quot;},{\&quot;title\&quot;:\&quot;GC平均值\&quot;,\&quot;value\&quot;:\&quot;2.0\&quot;,\&quot;unit\&quot;:\&quot;ms\&quot;},{\&quot;title\&quot;:\&quot;GC次数\&quot;,\&quot;value\&quot;:\&quot;4\&quot;}]}&quot;},{&quot;x&quot;:1483420860000,&quot;y&quot;:3.0,&quot;tooltip&quot;:&quot;{\&quot;title\&quot;:\&quot;01-03 13:21--01-03 13:22\&quot;,\&quot;data\&quot;:[{\&quot;title\&quot;:\&quot;GC最大值\&quot;,\&quot;value\&quot;:\&quot;3.0\&quot;,\&quot;unit\&quot;:\&quot;ms\&quot;},{\&quot;title\&quot;:\&quot;GC最小值\&quot;,\&quot;value\&quot;:\&quot;1.0\&quot;,\&quot;unit\&quot;:\&quot;ms\&quot;},{\&quot;title\&quot;:\&quot;GC平均值\&quot;,\&quot;value\&quot;:\&quot;2.0\&quot;,\&quot;unit\&quot;:\&quot;ms\&quot;},{\&quot;title\&quot;:\&quot;GC次数\&quot;,\&quot;value\&quot;:\&quot;4\&quot;}]}&quot;},{&quot;x&quot;:1483420980000,&quot;y&quot;:3.0,&quot;tooltip&quot;:&quot;{\&quot;title\&quot;:\&quot;01-03 13:23--01-03 13:24\&quot;,\&quot;data\&quot;:[{\&quot;title\&quot;:\&quot;GC最大值\&quot;,\&quot;value\&quot;:\&quot;3.0\&quot;,\&quot;unit\&quot;:\&quot;ms\&quot;},{\&quot;title\&quot;:\&quot;GC最小值\&quot;,\&quot;value\&quot;:\&quot;1.0\&quot;,\&quot;unit\&quot;:\&quot;ms\&quot;},{\&quot;title\&quot;:\&quot;GC平均值\&quot;,\&quot;value\&quot;:\&quot;2.0\&quot;,\&quot;unit\&quot;:\&quot;ms\&quot;},{\&quot;title\&quot;:\&quot;GC次数\&quot;,\&quot;value\&quot;:\&quot;4\&quot;}]}&quot;},{&quot;x&quot;:1483421040000,&quot;y&quot;:3.0,&quot;tooltip&quot;:&quot;{\&quot;title\&quot;:\&quot;01-03 13:24--01-03 13:25\&quot;,\&quot;data\&quot;:[{\&quot;title\&quot;:\&quot;GC最大值\&quot;,\&quot;value\&quot;:\&quot;3.0\&quot;,\&quot;unit\&quot;:\&quot;ms\&quot;},{\&quot;title\&quot;:\&quot;GC最小值\&quot;,\&quot;value\&quot;:\&quot;1.0\&quot;,\&quot;unit\&quot;:\&quot;ms\&quot;},{\&quot;title\&quot;:\&quot;GC平均值\&quot;,\&quot;value\&quot;:\&quot;2.0\&quot;,\&quot;unit\&quot;:\&quot;ms\&quot;},{\&quot;title\&quot;:\&quot;GC次数\&quot;,\&quot;value\&quot;:\&quot;4\&quot;}]}&quot;},{&quot;x&quot;:1483421160000,&quot;y&quot;:3.0,&quot;tooltip&quot;:&quot;{\&quot;title\&quot;:\&quot;01-03 13:26--01-03 13:27\&quot;,\&quot;data\&quot;:[{\&quot;title\&quot;:\&quot;GC最大值\&quot;,\&quot;value\&quot;:\&quot;3.0\&quot;,\&quot;unit\&quot;:\&quot;ms\&quot;},{\&quot;title\&quot;:\&quot;GC最小值\&quot;,\&quot;value\&quot;:\&quot;1.0\&quot;,\&quot;unit\&quot;:\&quot;ms\&quot;},{\&quot;title\&quot;:\&quot;GC平均值\&quot;,\&quot;value\&quot;:\&quot;2.0\&quot;,\&quot;unit\&quot;:\&quot;ms\&quot;},{\&quot;title\&quot;:\&quot;GC次数\&quot;,\&quot;value\&quot;:\&quot;4\&quot;}]}&quot;},{&quot;x&quot;:1483421220000,&quot;y&quot;:3.0,&quot;tooltip&quot;:&quot;{\&quot;title\&quot;:\&quot;01-03 13:27--01-03 13:28\&quot;,\&quot;data\&quot;:[{\&quot;title\&quot;:\&quot;GC最大值\&quot;,\&quot;value\&quot;:\&quot;3.0\&quot;,\&quot;unit\&quot;:\&quot;ms\&quot;},{\&quot;title\&quot;:\&quot;GC最小值\&quot;,\&quot;value\&quot;:\&quot;1.0\&quot;,\&quot;unit\&quot;:\&quot;ms\&quot;},{\&quot;title\&quot;:\&quot;GC平均值\&quot;,\&quot;value\&quot;:\&quot;2.0\&quot;,\&quot;unit\&quot;:\&quot;ms\&quot;},{\&quot;title\&quot;:\&quot;GC次数\&quot;,\&quot;value\&quot;:\&quot;4\&quot;}]}&quot;},{&quot;x&quot;:1483421340000,&quot;y&quot;:3.0,&quot;tooltip&quot;:&quot;{\&quot;title\&quot;:\&quot;01-03 13:29--01-03 13:30\&quot;,\&quot;data\&quot;:[{\&quot;title\&quot;:\&quot;GC最大值\&quot;,\&quot;value\&quot;:\&quot;3.0\&quot;,\&quot;unit\&quot;:\&quot;ms\&quot;},{\&quot;title\&quot;:\&quot;GC最小值\&quot;,\&quot;value\&quot;:\&quot;1.0\&quot;,\&quot;unit\&quot;:\&quot;ms\&quot;},{\&quot;title\&quot;:\&quot;GC平均值\&quot;,\&quot;value\&quot;:\&quot;1.8\&quot;,\&quot;unit\&quot;:\&quot;ms\&quot;},{\&quot;title\&quot;:\&quot;GC次数\&quot;,\&quot;value\&quot;:\&quot;5\&quot;}]}&quot;}],&quot;params&quot;:&quot;224&quot;,&quot;yaxis&quot;:1,&quot;yAxis&quot;:1},{&quot;name&quot;:&quot;GC平均值&quot;,&quot;type&quot;:&quot;line&quot;,&quot;color&quot;:&quot;#826fff&quot;,&quot;data&quot;:[{&quot;x&quot;:1483419600000,&quot;y&quot;:2.0,&quot;tooltip&quot;:&quot;{\&quot;title\&quot;:\&quot;01-03 13:00--01-03 13:01\&quot;,\&quot;data\&quot;:[{\&quot;title\&quot;:\&quot;GC平均值\&quot;,\&quot;value\&quot;:\&quot;2.0\&quot;,\&quot;unit\&quot;:\&quot;ms\&quot;},{\&quot;title\&quot;:\&quot;GC最大值\&quot;,\&quot;value\&quot;:\&quot;3.0\&quot;,\&quot;unit\&quot;:\&quot;ms\&quot;},{\&quot;title\&quot;:\&quot;GC最小值\&quot;,\&quot;value\&quot;:\&quot;1.0\&quot;,\&quot;unit\&quot;:\&quot;ms\&quot;},{\&quot;title\&quot;:\&quot;GC次数\&quot;,\&quot;value\&quot;:\&quot;4\&quot;}]}&quot;},{&quot;x&quot;:1483419720000,&quot;y&quot;:2.0,&quot;tooltip&quot;:&quot;{\&quot;title\&quot;:\&quot;01-03 13:02--01-03 13:03\&quot;,\&quot;data\&quot;:[{\&quot;title\&quot;:\&quot;GC平均值\&quot;,\&quot;value\&quot;:\&quot;2.0\&quot;,\&quot;unit\&quot;:\&quot;ms\&quot;},{\&quot;title\&quot;:\&quot;GC最大值\&quot;,\&quot;value\&quot;:\&quot;3.0\&quot;,\&quot;unit\&quot;:\&quot;ms\&quot;},{\&quot;title\&quot;:\&quot;GC最小值\&quot;,\&quot;value\&quot;:\&quot;1.0\&quot;,\&quot;unit\&quot;:\&quot;ms\&quot;},{\&quot;title\&quot;:\&quot;GC次数\&quot;,\&quot;value\&quot;:\&quot;4\&quot;}]}&quot;},{&quot;x&quot;:1483419780000,&quot;y&quot;:1.8,&quot;tooltip&quot;:&quot;{\&quot;title\&quot;:\&quot;01-03 13:03--01-03 13:04\&quot;,\&quot;data\&quot;:[{\&quot;title\&quot;:\&quot;GC平均值\&quot;,\&quot;value\&quot;:\&quot;1.8\&quot;,\&quot;unit\&quot;:\&quot;ms\&quot;},{\&quot;title\&quot;:\&quot;GC最大值\&quot;,\&quot;value\&quot;:\&quot;3.0\&quot;,\&quot;unit\&quot;:\&quot;ms\&quot;},{\&quot;title\&quot;:\&quot;GC最小值\&quot;,\&quot;value\&quot;:\&quot;1.0\&quot;,\&quot;unit\&quot;:\&quot;ms\&quot;},{\&quot;title\&quot;:\&quot;GC次数\&quot;,\&quot;value\&quot;:\&quot;5\&quot;}]}&quot;},{&quot;x&quot;:1483419900000,&quot;y&quot;:2.0,&quot;tooltip&quot;:&quot;{\&quot;title\&quot;:\&quot;01-03 13:05--01-03 13:06\&quot;,\&quot;data\&quot;:[{\&quot;title\&quot;:\&quot;GC平均值\&quot;,\&quot;value\&quot;:\&quot;2.0\&quot;,\&quot;unit\&quot;:\&quot;ms\&quot;},{\&quot;title\&quot;:\&quot;GC最大值\&quot;,\&quot;value\&quot;:\&quot;3.0\&quot;,\&quot;unit\&quot;:\&quot;ms\&quot;},{\&quot;title\&quot;:\&quot;GC最小值\&quot;,\&quot;value\&quot;:\&quot;1.0\&quot;,\&quot;unit\&quot;:\&quot;ms\&quot;},{\&quot;title\&quot;:\&quot;GC次数\&quot;,\&quot;value\&quot;:\&quot;4\&quot;}]}&quot;},{&quot;x&quot;:1483419960000,&quot;y&quot;:1.8,&quot;tooltip&quot;:&quot;{\&quot;title\&quot;:\&quot;01-03 13:06--01-03 13:07\&quot;,\&quot;data\&quot;:[{\&quot;title\&quot;:\&quot;GC平均值\&quot;,\&quot;value\&quot;:\&quot;1.8\&quot;,\&quot;unit\&quot;:\&quot;ms\&quot;},{\&quot;title\&quot;:\&quot;GC最大值\&quot;,\&quot;value\&quot;:\&quot;3.0\&quot;,\&quot;unit\&quot;:\&quot;ms\&quot;},{\&quot;title\&quot;:\&quot;GC最小值\&quot;,\&quot;value\&quot;:\&quot;1.0\&quot;,\&quot;unit\&quot;:\&quot;ms\&quot;},{\&quot;title\&quot;:\&quot;GC次数\&quot;,\&quot;value\&quot;:\&quot;5\&quot;}]}&quot;},{&quot;x&quot;:1483420080000,&quot;y&quot;:1.8,&quot;tooltip&quot;:&quot;{\&quot;title\&quot;:\&quot;01-03 13:08--01-03 13:09\&quot;,\&quot;data\&quot;:[{\&quot;title\&quot;:\&quot;GC平均值\&quot;,\&quot;value\&quot;:\&quot;1.8\&quot;,\&quot;unit\&quot;:\&quot;ms\&quot;},{\&quot;title\&quot;:\&quot;GC最大值\&quot;,\&quot;value\&quot;:\&quot;3.0\&quot;,\&quot;unit\&quot;:\&quot;ms\&quot;},{\&quot;title\&quot;:\&quot;GC最小值\&quot;,\&quot;value\&quot;:\&quot;1.0\&quot;,\&quot;unit\&quot;:\&quot;ms\&quot;},{\&quot;title\&quot;:\&quot;GC次数\&quot;,\&quot;value\&quot;:\&quot;5\&quot;}]}&quot;},{&quot;x&quot;:1483420140000,&quot;y&quot;:2.0,&quot;tooltip&quot;:&quot;{\&quot;title\&quot;:\&quot;01-03 13:09--01-03 13:10\&quot;,\&quot;data\&quot;:[{\&quot;title\&quot;:\&quot;GC平均值\&quot;,\&quot;value\&quot;:\&quot;2.0\&quot;,\&quot;unit\&quot;:\&quot;ms\&quot;},{\&quot;title\&quot;:\&quot;GC最大值\&quot;,\&quot;value\&quot;:\&quot;3.0\&quot;,\&quot;unit\&quot;:\&quot;ms\&quot;},{\&quot;title\&quot;:\&quot;GC最小值\&quot;,\&quot;value\&quot;:\&quot;1.0\&quot;,\&quot;unit\&quot;:\&quot;ms\&quot;},{\&quot;title\&quot;:\&quot;GC次数\&quot;,\&quot;value\&quot;:\&quot;4\&quot;}]}&quot;},{&quot;x&quot;:1483420260000,&quot;y&quot;:1.8,&quot;tooltip&quot;:&quot;{\&quot;title\&quot;:\&quot;01-03 13:11--01-03 13:12\&quot;,\&quot;data\&quot;:[{\&quot;title\&quot;:\&quot;GC平均值\&quot;,\&quot;value\&quot;:\&quot;1.8\&quot;,\&quot;unit\&quot;:\&quot;ms\&quot;},{\&quot;title\&quot;:\&quot;GC最大值\&quot;,\&quot;value\&quot;:\&quot;3.0\&quot;,\&quot;unit\&quot;:\&quot;ms\&quot;},{\&quot;title\&quot;:\&quot;GC最小值\&quot;,\&quot;value\&quot;:\&quot;1.0\&quot;,\&quot;unit\&quot;:\&quot;ms\&quot;},{\&quot;title\&quot;:\&quot;GC次数\&quot;,\&quot;value\&quot;:\&quot;5\&quot;}]}&quot;},{&quot;x&quot;:1483420320000,&quot;y&quot;:2.0,&quot;tooltip&quot;:&quot;{\&quot;title\&quot;:\&quot;01-03 13:12--01-03 13:13\&quot;,\&quot;data\&quot;:[{\&quot;title\&quot;:\&quot;GC平均值\&quot;,\&quot;value\&quot;:\&quot;2.0\&quot;,\&quot;unit\&quot;:\&quot;ms\&quot;},{\&quot;title\&quot;:\&quot;GC最大值\&quot;,\&quot;value\&quot;:\&quot;3.0\&quot;,\&quot;unit\&quot;:\&quot;ms\&quot;},{\&quot;title\&quot;:\&quot;GC最小值\&quot;,\&quot;value\&quot;:\&quot;1.0\&quot;,\&quot;unit\&quot;:\&quot;ms\&quot;},{\&quot;title\&quot;:\&quot;GC次数\&quot;,\&quot;value\&quot;:\&quot;4\&quot;}]}&quot;},{&quot;x&quot;:1483420440000,&quot;y&quot;:2.0,&quot;tooltip&quot;:&quot;{\&quot;title\&quot;:\&quot;01-03 13:14--01-03 13:15\&quot;,\&quot;data\&quot;:[{\&quot;title\&quot;:\&quot;GC平均值\&quot;,\&quot;value\&quot;:\&quot;2.0\&quot;,\&quot;unit\&quot;:\&quot;ms\&quot;},{\&quot;title\&quot;:\&quot;GC最大值\&quot;,\&quot;value\&quot;:\&quot;3.0\&quot;,\&quot;unit\&quot;:\&quot;ms\&quot;},{\&quot;title\&quot;:\&quot;GC最小值\&quot;,\&quot;value\&quot;:\&quot;1.0\&quot;,\&quot;unit\&quot;:\&quot;ms\&quot;},{\&quot;title\&quot;:\&quot;GC次数\&quot;,\&quot;value\&quot;:\&quot;4\&quot;}]}&quot;},{&quot;x&quot;:1483420500000,&quot;y&quot;:2.0,&quot;tooltip&quot;:&quot;{\&quot;title\&quot;:\&quot;01-03 13:15--01-03 13:16\&quot;,\&quot;data\&quot;:[{\&quot;title\&quot;:\&quot;GC平均值\&quot;,\&quot;value\&quot;:\&quot;2.0\&quot;,\&quot;unit\&quot;:\&quot;ms\&quot;},{\&quot;title\&quot;:\&quot;GC最大值\&quot;,\&quot;value\&quot;:\&quot;3.0\&quot;,\&quot;unit\&quot;:\&quot;ms\&quot;},{\&quot;title\&quot;:\&quot;GC最小值\&quot;,\&quot;value\&quot;:\&quot;1.0\&quot;,\&quot;unit\&quot;:\&quot;ms\&quot;},{\&quot;title\&quot;:\&quot;GC次数\&quot;,\&quot;value\&quot;:\&quot;4\&quot;}]}&quot;},{&quot;x&quot;:1483420620000,&quot;y&quot;:1.8,&quot;tooltip&quot;:&quot;{\&quot;title\&quot;:\&quot;01-03 13:17--01-03 13:18\&quot;,\&quot;data\&quot;:[{\&quot;title\&quot;:\&quot;GC平均值\&quot;,\&quot;value\&quot;:\&quot;1.8\&quot;,\&quot;unit\&quot;:\&quot;ms\&quot;},{\&quot;title\&quot;:\&quot;GC最大值\&quot;,\&quot;value\&quot;:\&quot;3.0\&quot;,\&quot;unit\&quot;:\&quot;ms\&quot;},{\&quot;title\&quot;:\&quot;GC最小值\&quot;,\&quot;value\&quot;:\&quot;1.0\&quot;,\&quot;unit\&quot;:\&quot;ms\&quot;},{\&quot;title\&quot;:\&quot;GC次数\&quot;,\&quot;value\&quot;:\&quot;5\&quot;}]}&quot;},{&quot;x&quot;:1483420680000,&quot;y&quot;:2.0,&quot;tooltip&quot;:&quot;{\&quot;title\&quot;:\&quot;01-03 13:18--01-03 13:19\&quot;,\&quot;data\&quot;:[{\&quot;title\&quot;:\&quot;GC平均值\&quot;,\&quot;value\&quot;:\&quot;2.0\&quot;,\&quot;unit\&quot;:\&quot;ms\&quot;},{\&quot;title\&quot;:\&quot;GC最大值\&quot;,\&quot;value\&quot;:\&quot;3.0\&quot;,\&quot;unit\&quot;:\&quot;ms\&quot;},{\&quot;title\&quot;:\&quot;GC最小值\&quot;,\&quot;value\&quot;:\&quot;1.0\&quot;,\&quot;unit\&quot;:\&quot;ms\&quot;},{\&quot;title\&quot;:\&quot;GC次数\&quot;,\&quot;value\&quot;:\&quot;4\&quot;}]}&quot;},{&quot;x&quot;:1483420800000,&quot;y&quot;:2.0,&quot;tooltip&quot;:&quot;{\&quot;title\&quot;:\&quot;01-03 13:20--01-03 13:21\&quot;,\&quot;data\&quot;:[{\&quot;title\&quot;:\&quot;GC平均值\&quot;,\&quot;value\&quot;:\&quot;2.0\&quot;,\&quot;unit\&quot;:\&quot;ms\&quot;},{\&quot;title\&quot;:\&quot;GC最大值\&quot;,\&quot;value\&quot;:\&quot;3.0\&quot;,\&quot;unit\&quot;:\&quot;ms\&quot;},{\&quot;title\&quot;:\&quot;GC最小值\&quot;,\&quot;value\&quot;:\&quot;1.0\&quot;,\&quot;unit\&quot;:\&quot;ms\&quot;},{\&quot;title\&quot;:\&quot;GC次数\&quot;,\&quot;value\&quot;:\&quot;4\&quot;}]}&quot;},{&quot;x&quot;:1483420860000,&quot;y&quot;:2.0,&quot;tooltip&quot;:&quot;{\&quot;title\&quot;:\&quot;01-03 13:21--01-03 13:22\&quot;,\&quot;data\&quot;:[{\&quot;title\&quot;:\&quot;GC平均值\&quot;,\&quot;value\&quot;:\&quot;2.0\&quot;,\&quot;unit\&quot;:\&quot;ms\&quot;},{\&quot;title\&quot;:\&quot;GC最大值\&quot;,\&quot;value\&quot;:\&quot;3.0\&quot;,\&quot;unit\&quot;:\&quot;ms\&quot;},{\&quot;title\&quot;:\&quot;GC最小值\&quot;,\&quot;value\&quot;:\&quot;1.0\&quot;,\&quot;unit\&quot;:\&quot;ms\&quot;},{\&quot;title\&quot;:\&quot;GC次数\&quot;,\&quot;value\&quot;:\&quot;4\&quot;}]}&quot;},{&quot;x&quot;:1483420980000,&quot;y&quot;:2.0,&quot;tooltip&quot;:&quot;{\&quot;title\&quot;:\&quot;01-03 13:23--01-03 13:24\&quot;,\&quot;data\&quot;:[{\&quot;title\&quot;:\&quot;GC平均值\&quot;,\&quot;value\&quot;:\&quot;2.0\&quot;,\&quot;unit\&quot;:\&quot;ms\&quot;},{\&quot;title\&quot;:\&quot;GC最大值\&quot;,\&quot;value\&quot;:\&quot;3.0\&quot;,\&quot;unit\&quot;:\&quot;ms\&quot;},{\&quot;title\&quot;:\&quot;GC最小值\&quot;,\&quot;value\&quot;:\&quot;1.0\&quot;,\&quot;unit\&quot;:\&quot;ms\&quot;},{\&quot;title\&quot;:\&quot;GC次数\&quot;,\&quot;value\&quot;:\&quot;4\&quot;}]}&quot;},{&quot;x&quot;:1483421040000,&quot;y&quot;:2.0,&quot;tooltip&quot;:&quot;{\&quot;title\&quot;:\&quot;01-03 13:24--01-03 13:25\&quot;,\&quot;data\&quot;:[{\&quot;title\&quot;:\&quot;GC平均值\&quot;,\&quot;value\&quot;:\&quot;2.0\&quot;,\&quot;unit\&quot;:\&quot;ms\&quot;},{\&quot;title\&quot;:\&quot;GC最大值\&quot;,\&quot;value\&quot;:\&quot;3.0\&quot;,\&quot;unit\&quot;:\&quot;ms\&quot;},{\&quot;title\&quot;:\&quot;GC最小值\&quot;,\&quot;value\&quot;:\&quot;1.0\&quot;,\&quot;unit\&quot;:\&quot;ms\&quot;},{\&quot;title\&quot;:\&quot;GC次数\&quot;,\&quot;value\&quot;:\&quot;4\&quot;}]}&quot;},{&quot;x&quot;:1483421160000,&quot;y&quot;:2.0,&quot;tooltip&quot;:&quot;{\&quot;title\&quot;:\&quot;01-03 13:26--01-03 13:27\&quot;,\&quot;data\&quot;:[{\&quot;title\&quot;:\&quot;GC平均值\&quot;,\&quot;value\&quot;:\&quot;2.0\&quot;,\&quot;unit\&quot;:\&quot;ms\&quot;},{\&quot;title\&quot;:\&quot;GC最大值\&quot;,\&quot;value\&quot;:\&quot;3.0\&quot;,\&quot;unit\&quot;:\&quot;ms\&quot;},{\&quot;title\&quot;:\&quot;GC最小值\&quot;,\&quot;value\&quot;:\&quot;1.0\&quot;,\&quot;unit\&quot;:\&quot;ms\&quot;},{\&quot;title\&quot;:\&quot;GC次数\&quot;,\&quot;value\&quot;:\&quot;4\&quot;}]}&quot;},{&quot;x&quot;:1483421220000,&quot;y&quot;:2.0,&quot;tooltip&quot;:&quot;{\&quot;title\&quot;:\&quot;01-03 13:27--01-03 13:28\&quot;,\&quot;data\&quot;:[{\&quot;title\&quot;:\&quot;GC平均值\&quot;,\&quot;value\&quot;:\&quot;2.0\&quot;,\&quot;unit\&quot;:\&quot;ms\&quot;},{\&quot;title\&quot;:\&quot;GC最大值\&quot;,\&quot;value\&quot;:\&quot;3.0\&quot;,\&quot;unit\&quot;:\&quot;ms\&quot;},{\&quot;title\&quot;:\&quot;GC最小值\&quot;,\&quot;value\&quot;:\&quot;1.0\&quot;,\&quot;unit\&quot;:\&quot;ms\&quot;},{\&quot;title\&quot;:\&quot;GC次数\&quot;,\&quot;value\&quot;:\&quot;4\&quot;}]}&quot;},{&quot;x&quot;:1483421340000,&quot;y&quot;:1.8,&quot;tooltip&quot;:&quot;{\&quot;title\&quot;:\&quot;01-03 13:29--01-03 13:30\&quot;,\&quot;data\&quot;:[{\&quot;title\&quot;:\&quot;GC平均值\&quot;,\&quot;value\&quot;:\&quot;1.8\&quot;,\&quot;unit\&quot;:\&quot;ms\&quot;},{\&quot;title\&quot;:\&quot;GC最大值\&quot;,\&quot;value\&quot;:\&quot;3.0\&quot;,\&quot;unit\&quot;:\&quot;ms\&quot;},{\&quot;title\&quot;:\&quot;GC最小值\&quot;,\&quot;value\&quot;:\&quot;1.0\&quot;,\&quot;unit\&quot;:\&quot;ms\&quot;},{\&quot;title\&quot;:\&quot;GC次数\&quot;,\&quot;value\&quot;:\&quot;5\&quot;}]}&quot;}],&quot;params&quot;:&quot;226&quot;,&quot;yaxis&quot;:1,&quot;yAxis&quot;:1}],&quot;xAxis&quot;:[{&quot;dateTimeLabelFormats&quot;:{&quot;millisecond&quot;:&quot;%H:%M&quot;,&quot;second&quot;:&quot;%H:%M&quot;,&quot;minute&quot;:&quot;%H:%M&quot;,&quot;hour&quot;:&quot;%H:%M&quot;,&quot;day&quot;:&quot;%H:%M&quot;,&quot;week&quot;:&quot;%H:%M&quot;,&quot;month&quot;:&quot;%H:%M&quot;,&quot;year&quot;:&quot;%H:%M&quot;},&quot;gridLineColor&quot;:&quot;#c0c0c0&quot;,&quot;gridLineDashStyle&quot;:&quot;ShortDot&quot;,&quot;gridLineWidth&quot;:1,&quot;labels&quot;:{&quot;color&quot;:&quot;#000000&quot;},&quot;minTickInterval&quot;:60000,&quot;tickColor&quot;:&quot;#000000&quot;,&quot;title&quot;:{&quot;style&quot;:{&quot;color&quot;:&quot;#000000&quot;},&quot;text&quot;:null},&quot;type&quot;:&quot;datetime&quot;}],&quot;yAxis&quot;:[{&quot;gridLineColor&quot;:&quot;#c0c0c0&quot;,&quot;gridLineDashStyle&quot;:&quot;ShortDot&quot;,&quot;gridLineWidth&quot;:1,&quot;labels&quot;:{&quot;color&quot;:&quot;#000000&quot;},&quot;min&quot;:0.0,&quot;tickColor&quot;:&quot;#000000&quot;,&quot;title&quot;:{&quot;style&quot;:{&quot;color&quot;:&quot;#000000&quot;},&quot;text&quot;:null}},{&quot;gridLineColor&quot;:&quot;#c0c0c0&quot;,&quot;gridLineDashStyle&quot;:&quot;ShortDot&quot;,&quot;gridLineWidth&quot;:1,&quot;labels&quot;:{&quot;color&quot;:&quot;#000000&quot;},&quot;min&quot;:0.0,&quot;opposite&quot;:true,&quot;tickColor&quot;:&quot;#000000&quot;,&quot;title&quot;:{&quot;style&quot;:{&quot;color&quot;:&quot;#000000&quot;},&quot;text&quot;:null},&quot;tickUnit&quot;:&quot;ms&quot;},{&quot;gridLineColor&quot;:&quot;#c0c0c0&quot;,&quot;gridLineDashStyle&quot;:&quot;ShortDot&quot;,&quot;gridLineWidth&quot;:1,&quot;labels&quot;:{&quot;color&quot;:&quot;#000000&quot;},&quot;min&quot;:0.0,&quot;opposite&quot;:true,&quot;tickColor&quot;:&quot;#000000&quot;,&quot;title&quot;:{&quot;style&quot;:{&quot;color&quot;:&quot;#000000&quot;},&quot;text&quot;:null},&quot;tickUnit&quot;:&quot;ms&quot;}]}
--getCharBean--Unrecognized field &quot;yaxis&quot; (Class com.tingyun.chart.bean.Series), not marked as ignorable
 at [Source: java.io.StringReader@1eb5174b; line: 1, column: 12313] (through reference chain: com.tingyun.chart.bean.ChartBean[&quot;series&quot;]-&gt;com.tingyun.chart.bean.Series[&quot;yaxis&quot;])
=======result===end=====
ChartTestInput [userName=sina, password=1, chartid=go-gc, chartUrl=null, params={vm_id=424, timePeriod=30, timeType=2, endTime=2017-01-03 13:30, applicationId=127050}]
sql=  select sum(gc_time_total) as gc_time,FROM_UNIXTIME((24723660 +floor(floor((timestamp-2107020)/1))*1)*60) as tmTick  from NL_VM_GO_GC	 where  timestamp &gt;= 2107020 AND timestamp &lt; 2107050 and vm_id = 424 and count &gt; 0	 group by tmTick order by tmTick asc
</system-out>
  </testcase>
  <testcase classname="com.tingyun.chart.go.testcase.GoGcChartTest" name="test_1h" time="14.828">
    <error type="java.lang.NullPointerException">java.lang.NullPointerException
	at com.tingyun.chart.go.testcase.GoGcChartTest.queryByEndtimeAndTimePeriod(GoGcChartTest.java:73)
	at com.tingyun.chart.go.testcase.GoGcChartTest.test_1h(GoGcChartTest.java:39)
	at sun.reflect.NativeMethodAccessorImpl.invoke0(Native Method)
	at sun.reflect.NativeMethodAccessorImpl.invoke(NativeMethodAccessorImpl.java:62)
	at sun.reflect.DelegatingMethodAccessorImpl.invoke(DelegatingMethodAccessorImpl.java:43)
	at java.lang.reflect.Method.invoke(Method.java:498)
	at org.junit.runners.model.FrameworkMethod$1.runReflectiveCall(FrameworkMethod.java:44)
	at org.junit.internal.runners.model.ReflectiveCallable.run(ReflectiveCallable.java:15)
	at org.junit.runners.model.FrameworkMethod.invokeExplosively(FrameworkMethod.java:41)
	at org.junit.internal.runners.statements.InvokeMethod.evaluate(InvokeMethod.java:20)
	at org.junit.runners.ParentRunner.runLeaf(ParentRunner.java:263)
	at org.junit.runners.BlockJUnit4ClassRunner.runChild(BlockJUnit4ClassRunner.java:69)
	at org.junit.runners.BlockJUnit4ClassRunner.runChild(BlockJUnit4ClassRunner.java:48)
	at org.junit.runners.ParentRunner$3.run(ParentRunner.java:231)
	at org.junit.runners.ParentRunner$1.schedule(ParentRunner.java:60)
	at org.junit.runners.ParentRunner.runChildren(ParentRunner.java:229)
	at org.junit.runners.ParentRunner.access$000(ParentRunner.java:50)
	at org.junit.runners.ParentRunner$2.evaluate(ParentRunner.java:222)
	at org.junit.runners.ParentRunner.run(ParentRunner.java:292)
	at org.apache.maven.surefire.junit4.JUnit4TestSet.execute(JUnit4TestSet.java:59)
	at org.apache.maven.surefire.suite.AbstractDirectoryTestSuite.executeTestSet(AbstractDirectoryTestSuite.java:115)
	at org.apache.maven.surefire.suite.AbstractDirectoryTestSuite.execute(AbstractDirectoryTestSuite.java:102)
	at org.apache.maven.surefire.Surefire.run(Surefire.java:180)
	at sun.reflect.NativeMethodAccessorImpl.invoke0(Native Method)
	at sun.reflect.NativeMethodAccessorImpl.invoke(NativeMethodAccessorImpl.java:62)
	at sun.reflect.DelegatingMethodAccessorImpl.invoke(DelegatingMethodAccessorImpl.java:43)
	at java.lang.reflect.Method.invoke(Method.java:498)
	at org.apache.maven.surefire.booter.SurefireBooter.runSuitesInProcess(SurefireBooter.java:350)
	at org.apache.maven.surefire.booter.SurefireBooter.main(SurefireBooter.java:1021)
</error>
    <system-out>begin login
D:\projects\tingyun-chart-test
save snapshot path is:D:\projects\tingyun-chart-test;open_server.png
screen shot finished
end login
=======result==begin====
executing request http://www.ty.com/server/highcharts-chart-data/LATEST/accounts/applications/charts/go-gc.json
StatusCode=200
{&quot;chart&quot;:{&quot;backgroundColor&quot;:&quot;#ffffff&quot;,&quot;width&quot;:375,&quot;height&quot;:300,&quot;plotBackgroundColor&quot;:&quot;#ffffff&quot;,&quot;plotBorderColor&quot;:&quot;#575757&quot;,&quot;plotBorderWidth&quot;:1,&quot;spacingTop&quot;:15,&quot;spacingBottom&quot;:10,&quot;spacingLeft&quot;:15,&quot;spacingRight&quot;:10},&quot;legend&quot;:{&quot;align&quot;:&quot;center&quot;,&quot;verticalAlign&quot;:&quot;bottom&quot;},&quot;series&quot;:[{&quot;name&quot;:&quot;GC次数&quot;,&quot;type&quot;:&quot;column&quot;,&quot;color&quot;:&quot;#3598db&quot;,&quot;data&quot;:[{&quot;x&quot;:1483417800000,&quot;y&quot;:4,&quot;tooltip&quot;:&quot;{\&quot;title\&quot;:\&quot;01-03 12:30--01-03 12:32\&quot;,\&quot;data\&quot;:[{\&quot;title\&quot;:\&quot;GC次数\&quot;,\&quot;value\&quot;:\&quot;4\&quot;},{\&quot;title\&quot;:\&quot;GC最大值\&quot;,\&quot;value\&quot;:\&quot;3.0\&quot;,\&quot;unit\&quot;:\&quot;ms\&quot;},{\&quot;title\&quot;:\&quot;GC最小值\&quot;,\&quot;value\&quot;:\&quot;1.0\&quot;,\&quot;unit\&quot;:\&quot;ms\&quot;},{\&quot;title\&quot;:\&quot;GC平均值\&quot;,\&quot;value\&quot;:\&quot;2.0\&quot;,\&quot;unit\&quot;:\&quot;ms\&quot;}]}&quot;},{&quot;x&quot;:1483417920000,&quot;y&quot;:9,&quot;tooltip&quot;:&quot;{\&quot;title\&quot;:\&quot;01-03 12:32--01-03 12:34\&quot;,\&quot;data\&quot;:[{\&quot;title\&quot;:\&quot;GC次数\&quot;,\&quot;value\&quot;:\&quot;9\&quot;},{\&quot;title\&quot;:\&quot;GC最大值\&quot;,\&quot;value\&quot;:\&quot;3.0\&quot;,\&quot;unit\&quot;:\&quot;ms\&quot;},{\&quot;title\&quot;:\&quot;GC最小值\&quot;,\&quot;value\&quot;:\&quot;1.0\&quot;,\&quot;unit\&quot;:\&quot;ms\&quot;},{\&quot;title\&quot;:\&quot;GC平均值\&quot;,\&quot;value\&quot;:\&quot;1.9\&quot;,\&quot;unit\&quot;:\&quot;ms\&quot;}]}&quot;},{&quot;x&quot;:1483418040000,&quot;y&quot;:4,&quot;tooltip&quot;:&quot;{\&quot;title\&quot;:\&quot;01-03 12:34--01-03 12:36\&quot;,\&quot;data\&quot;:[{\&quot;title\&quot;:\&quot;GC次数\&quot;,\&quot;value\&quot;:\&quot;4\&quot;},{\&quot;title\&quot;:\&quot;GC最大值\&quot;,\&quot;value\&quot;:\&quot;3.0\&quot;,\&quot;unit\&quot;:\&quot;ms\&quot;},{\&quot;title\&quot;:\&quot;GC最小值\&quot;,\&quot;value\&quot;:\&quot;1.0\&quot;,\&quot;unit\&quot;:\&quot;ms\&quot;},{\&quot;title\&quot;:\&quot;GC平均值\&quot;,\&quot;value\&quot;:\&quot;2.0\&quot;,\&quot;unit\&quot;:\&quot;ms\&quot;}]}&quot;},{&quot;x&quot;:1483418160000,&quot;y&quot;:5,&quot;tooltip&quot;:&quot;{\&quot;title\&quot;:\&quot;01-03 12:36--01-03 12:38\&quot;,\&quot;data\&quot;:[{\&quot;title\&quot;:\&quot;GC次数\&quot;,\&quot;value\&quot;:\&quot;5\&quot;},{\&quot;title\&quot;:\&quot;GC最大值\&quot;,\&quot;value\&quot;:\&quot;3.0\&quot;,\&quot;unit\&quot;:\&quot;ms\&quot;},{\&quot;title\&quot;:\&quot;GC最小值\&quot;,\&quot;value\&quot;:\&quot;1.0\&quot;,\&quot;unit\&quot;:\&quot;ms\&quot;},{\&quot;title\&quot;:\&quot;GC平均值\&quot;,\&quot;value\&quot;:\&quot;1.8\&quot;,\&quot;unit\&quot;:\&quot;ms\&quot;}]}&quot;},{&quot;x&quot;:1483418280000,&quot;y&quot;:10,&quot;tooltip&quot;:&quot;{\&quot;title\&quot;:\&quot;01-03 12:38--01-03 12:40\&quot;,\&quot;data\&quot;:[{\&quot;title\&quot;:\&quot;GC次数\&quot;,\&quot;value\&quot;:\&quot;10\&quot;},{\&quot;title\&quot;:\&quot;GC最大值\&quot;,\&quot;value\&quot;:\&quot;3.0\&quot;,\&quot;unit\&quot;:\&quot;ms\&quot;},{\&quot;title\&quot;:\&quot;GC最小值\&quot;,\&quot;value\&quot;:\&quot;1.0\&quot;,\&quot;unit\&quot;:\&quot;ms\&quot;},{\&quot;title\&quot;:\&quot;GC平均值\&quot;,\&quot;value\&quot;:\&quot;1.8\&quot;,\&quot;unit\&quot;:\&quot;ms\&quot;}]}&quot;},{&quot;x&quot;:1483418400000,&quot;y&quot;:4,&quot;tooltip&quot;:&quot;{\&quot;title\&quot;:\&quot;01-03 12:40--01-03 12:42\&quot;,\&quot;data\&quot;:[{\&quot;title\&quot;:\&quot;GC次数\&quot;,\&quot;value\&quot;:\&quot;4\&quot;},{\&quot;title\&quot;:\&quot;GC最大值\&quot;,\&quot;value\&quot;:\&quot;3.0\&quot;,\&quot;unit\&quot;:\&quot;ms\&quot;},{\&quot;title\&quot;:\&quot;GC最小值\&quot;,\&quot;value\&quot;:\&quot;1.0\&quot;,\&quot;unit\&quot;:\&quot;ms\&quot;},{\&quot;title\&quot;:\&quot;GC平均值\&quot;,\&quot;value\&quot;:\&quot;2.0\&quot;,\&quot;unit\&quot;:\&quot;ms\&quot;}]}&quot;},{&quot;x&quot;:1483418520000,&quot;y&quot;:5,&quot;tooltip&quot;:&quot;{\&quot;title\&quot;:\&quot;01-03 12:42--01-03 12:44\&quot;,\&quot;data\&quot;:[{\&quot;title\&quot;:\&quot;GC次数\&quot;,\&quot;value\&quot;:\&quot;5\&quot;},{\&quot;title\&quot;:\&quot;GC最大值\&quot;,\&quot;value\&quot;:\&quot;3.0\&quot;,\&quot;unit\&quot;:\&quot;ms\&quot;},{\&quot;title\&quot;:\&quot;GC最小值\&quot;,\&quot;value\&quot;:\&quot;1.0\&quot;,\&quot;unit\&quot;:\&quot;ms\&quot;},{\&quot;title\&quot;:\&quot;GC平均值\&quot;,\&quot;value\&quot;:\&quot;1.8\&quot;,\&quot;unit\&quot;:\&quot;ms\&quot;}]}&quot;},{&quot;x&quot;:1483418640000,&quot;y&quot;:9,&quot;tooltip&quot;:&quot;{\&quot;title\&quot;:\&quot;01-03 12:44--01-03 12:46\&quot;,\&quot;data\&quot;:[{\&quot;title\&quot;:\&quot;GC次数\&quot;,\&quot;value\&quot;:\&quot;9\&quot;},{\&quot;title\&quot;:\&quot;GC最大值\&quot;,\&quot;value\&quot;:\&quot;3.0\&quot;,\&quot;unit\&quot;:\&quot;ms\&quot;},{\&quot;title\&quot;:\&quot;GC最小值\&quot;,\&quot;value\&quot;:\&quot;1.0\&quot;,\&quot;unit\&quot;:\&quot;ms\&quot;},{\&quot;title\&quot;:\&quot;GC平均值\&quot;,\&quot;value\&quot;:\&quot;1.9\&quot;,\&quot;unit\&quot;:\&quot;ms\&quot;}]}&quot;},{&quot;x&quot;:1483418760000,&quot;y&quot;:4,&quot;tooltip&quot;:&quot;{\&quot;title\&quot;:\&quot;01-03 12:46--01-03 12:48\&quot;,\&quot;data\&quot;:[{\&quot;title\&quot;:\&quot;GC次数\&quot;,\&quot;value\&quot;:\&quot;4\&quot;},{\&quot;title\&quot;:\&quot;GC最大值\&quot;,\&quot;value\&quot;:\&quot;3.0\&quot;,\&quot;unit\&quot;:\&quot;ms\&quot;},{\&quot;title\&quot;:\&quot;GC最小值\&quot;,\&quot;value\&quot;:\&quot;1.0\&quot;,\&quot;unit\&quot;:\&quot;ms\&quot;},{\&quot;title\&quot;:\&quot;GC平均值\&quot;,\&quot;value\&quot;:\&quot;2.0\&quot;,\&quot;unit\&quot;:\&quot;ms\&quot;}]}&quot;},{&quot;x&quot;:1483418880000,&quot;y&quot;:4,&quot;tooltip&quot;:&quot;{\&quot;title\&quot;:\&quot;01-03 12:48--01-03 12:50\&quot;,\&quot;data\&quot;:[{\&quot;title\&quot;:\&quot;GC次数\&quot;,\&quot;value\&quot;:\&quot;4\&quot;},{\&quot;title\&quot;:\&quot;GC最大值\&quot;,\&quot;value\&quot;:\&quot;3.0\&quot;,\&quot;unit\&quot;:\&quot;ms\&quot;},{\&quot;title\&quot;:\&quot;GC最小值\&quot;,\&quot;value\&quot;:\&quot;1.0\&quot;,\&quot;unit\&quot;:\&quot;ms\&quot;},{\&quot;title\&quot;:\&quot;GC平均值\&quot;,\&quot;value\&quot;:\&quot;2.0\&quot;,\&quot;unit\&quot;:\&quot;ms\&quot;}]}&quot;},{&quot;x&quot;:1483419000000,&quot;y&quot;:8,&quot;tooltip&quot;:&quot;{\&quot;title\&quot;:\&quot;01-03 12:50--01-03 12:52\&quot;,\&quot;data\&quot;:[{\&quot;title\&quot;:\&quot;GC次数\&quot;,\&quot;value\&quot;:\&quot;8\&quot;},{\&quot;title\&quot;:\&quot;GC最大值\&quot;,\&quot;value\&quot;:\&quot;3.0\&quot;,\&quot;unit\&quot;:\&quot;ms\&quot;},{\&quot;title\&quot;:\&quot;GC最小值\&quot;,\&quot;value\&quot;:\&quot;1.0\&quot;,\&quot;unit\&quot;:\&quot;ms\&quot;},{\&quot;title\&quot;:\&quot;GC平均值\&quot;,\&quot;value\&quot;:\&quot;2.0\&quot;,\&quot;unit\&quot;:\&quot;ms\&quot;}]}&quot;},{&quot;x&quot;:1483419120000,&quot;y&quot;:4,&quot;tooltip&quot;:&quot;{\&quot;title\&quot;:\&quot;01-03 12:52--01-03 12:54\&quot;,\&quot;data\&quot;:[{\&quot;title\&quot;:\&quot;GC次数\&quot;,\&quot;value\&quot;:\&quot;4\&quot;},{\&quot;title\&quot;:\&quot;GC最大值\&quot;,\&quot;value\&quot;:\&quot;3.0\&quot;,\&quot;unit\&quot;:\&quot;ms\&quot;},{\&quot;title\&quot;:\&quot;GC最小值\&quot;,\&quot;value\&quot;:\&quot;1.0\&quot;,\&quot;unit\&quot;:\&quot;ms\&quot;},{\&quot;title\&quot;:\&quot;GC平均值\&quot;,\&quot;value\&quot;:\&quot;2.0\&quot;,\&quot;unit\&quot;:\&quot;ms\&quot;}]}&quot;},{&quot;x&quot;:1483419240000,&quot;y&quot;:5,&quot;tooltip&quot;:&quot;{\&quot;title\&quot;:\&quot;01-03 12:54--01-03 12:56\&quot;,\&quot;data\&quot;:[{\&quot;title\&quot;:\&quot;GC次数\&quot;,\&quot;value\&quot;:\&quot;5\&quot;},{\&quot;title\&quot;:\&quot;GC最大值\&quot;,\&quot;value\&quot;:\&quot;3.0\&quot;,\&quot;unit\&quot;:\&quot;ms\&quot;},{\&quot;title\&quot;:\&quot;GC最小值\&quot;,\&quot;value\&quot;:\&quot;1.0\&quot;,\&quot;unit\&quot;:\&quot;ms\&quot;},{\&quot;title\&quot;:\&quot;GC平均值\&quot;,\&quot;value\&quot;:\&quot;1.8\&quot;,\&quot;unit\&quot;:\&quot;ms\&quot;}]}&quot;},{&quot;x&quot;:1483419360000,&quot;y&quot;:10,&quot;tooltip&quot;:&quot;{\&quot;title\&quot;:\&quot;01-03 12:56--01-03 12:58\&quot;,\&quot;data\&quot;:[{\&quot;title\&quot;:\&quot;GC次数\&quot;,\&quot;value\&quot;:\&quot;10\&quot;},{\&quot;title\&quot;:\&quot;GC最大值\&quot;,\&quot;value\&quot;:\&quot;3.0\&quot;,\&quot;unit\&quot;:\&quot;ms\&quot;},{\&quot;title\&quot;:\&quot;GC最小值\&quot;,\&quot;value\&quot;:\&quot;1.0\&quot;,\&quot;unit\&quot;:\&quot;ms\&quot;},{\&quot;title\&quot;:\&quot;GC平均值\&quot;,\&quot;value\&quot;:\&quot;1.8\&quot;,\&quot;unit\&quot;:\&quot;ms\&quot;}]}&quot;},{&quot;x&quot;:1483419480000,&quot;y&quot;:4,&quot;tooltip&quot;:&quot;{\&quot;title\&quot;:\&quot;01-03 12:58--01-03 13:00\&quot;,\&quot;data\&quot;:[{\&quot;title\&quot;:\&quot;GC次数\&quot;,\&quot;value\&quot;:\&quot;4\&quot;},{\&quot;title\&quot;:\&quot;GC最大值\&quot;,\&quot;value\&quot;:\&quot;3.0\&quot;,\&quot;unit\&quot;:\&quot;ms\&quot;},{\&quot;title\&quot;:\&quot;GC最小值\&quot;,\&quot;value\&quot;:\&quot;1.0\&quot;,\&quot;unit\&quot;:\&quot;ms\&quot;},{\&quot;title\&quot;:\&quot;GC平均值\&quot;,\&quot;value\&quot;:\&quot;2.0\&quot;,\&quot;unit\&quot;:\&quot;ms\&quot;}]}&quot;},{&quot;x&quot;:1483419600000,&quot;y&quot;:4,&quot;tooltip&quot;:&quot;{\&quot;title\&quot;:\&quot;01-03 13:00--01-03 13:02\&quot;,\&quot;data\&quot;:[{\&quot;title\&quot;:\&quot;GC次数\&quot;,\&quot;value\&quot;:\&quot;4\&quot;},{\&quot;title\&quot;:\&quot;GC最大值\&quot;,\&quot;value\&quot;:\&quot;3.0\&quot;,\&quot;unit\&quot;:\&quot;ms\&quot;},{\&quot;title\&quot;:\&quot;GC最小值\&quot;,\&quot;value\&quot;:\&quot;1.0\&quot;,\&quot;unit\&quot;:\&quot;ms\&quot;},{\&quot;title\&quot;:\&quot;GC平均值\&quot;,\&quot;value\&quot;:\&quot;2.0\&quot;,\&quot;unit\&quot;:\&quot;ms\&quot;}]}&quot;},{&quot;x&quot;:1483419720000,&quot;y&quot;:9,&quot;tooltip&quot;:&quot;{\&quot;title\&quot;:\&quot;01-03 13:02--01-03 13:04\&quot;,\&quot;data\&quot;:[{\&quot;title\&quot;:\&quot;GC次数\&quot;,\&quot;value\&quot;:\&quot;9\&quot;},{\&quot;title\&quot;:\&quot;GC最大值\&quot;,\&quot;value\&quot;:\&quot;3.0\&quot;,\&quot;unit\&quot;:\&quot;ms\&quot;},{\&quot;title\&quot;:\&quot;GC最小值\&quot;,\&quot;value\&quot;:\&quot;1.0\&quot;,\&quot;unit\&quot;:\&quot;ms\&quot;},{\&quot;title\&quot;:\&quot;GC平均值\&quot;,\&quot;value\&quot;:\&quot;1.9\&quot;,\&quot;unit\&quot;:\&quot;ms\&quot;}]}&quot;},{&quot;x&quot;:1483419840000,&quot;y&quot;:4,&quot;tooltip&quot;:&quot;{\&quot;title\&quot;:\&quot;01-03 13:04--01-03 13:06\&quot;,\&quot;data\&quot;:[{\&quot;title\&quot;:\&quot;GC次数\&quot;,\&quot;value\&quot;:\&quot;4\&quot;},{\&quot;title\&quot;:\&quot;GC最大值\&quot;,\&quot;value\&quot;:\&quot;3.0\&quot;,\&quot;unit\&quot;:\&quot;ms\&quot;},{\&quot;title\&quot;:\&quot;GC最小值\&quot;,\&quot;value\&quot;:\&quot;1.0\&quot;,\&quot;unit\&quot;:\&quot;ms\&quot;},{\&quot;title\&quot;:\&quot;GC平均值\&quot;,\&quot;value\&quot;:\&quot;2.0\&quot;,\&quot;unit\&quot;:\&quot;ms\&quot;}]}&quot;},{&quot;x&quot;:1483419960000,&quot;y&quot;:5,&quot;tooltip&quot;:&quot;{\&quot;title\&quot;:\&quot;01-03 13:06--01-03 13:08\&quot;,\&quot;data\&quot;:[{\&quot;title\&quot;:\&quot;GC次数\&quot;,\&quot;value\&quot;:\&quot;5\&quot;},{\&quot;title\&quot;:\&quot;GC最大值\&quot;,\&quot;value\&quot;:\&quot;3.0\&quot;,\&quot;unit\&quot;:\&quot;ms\&quot;},{\&quot;title\&quot;:\&quot;GC最小值\&quot;,\&quot;value\&quot;:\&quot;1.0\&quot;,\&quot;unit\&quot;:\&quot;ms\&quot;},{\&quot;title\&quot;:\&quot;GC平均值\&quot;,\&quot;value\&quot;:\&quot;1.8\&quot;,\&quot;unit\&quot;:\&quot;ms\&quot;}]}&quot;},{&quot;x&quot;:1483420080000,&quot;y&quot;:9,&quot;tooltip&quot;:&quot;{\&quot;title\&quot;:\&quot;01-03 13:08--01-03 13:10\&quot;,\&quot;data\&quot;:[{\&quot;title\&quot;:\&quot;GC次数\&quot;,\&quot;value\&quot;:\&quot;9\&quot;},{\&quot;title\&quot;:\&quot;GC最大值\&quot;,\&quot;value\&quot;:\&quot;3.0\&quot;,\&quot;unit\&quot;:\&quot;ms\&quot;},{\&quot;title\&quot;:\&quot;GC最小值\&quot;,\&quot;value\&quot;:\&quot;1.0\&quot;,\&quot;unit\&quot;:\&quot;ms\&quot;},{\&quot;title\&quot;:\&quot;GC平均值\&quot;,\&quot;value\&quot;:\&quot;1.9\&quot;,\&quot;unit\&quot;:\&quot;ms\&quot;}]}&quot;},{&quot;x&quot;:1483420200000,&quot;y&quot;:5,&quot;tooltip&quot;:&quot;{\&quot;title\&quot;:\&quot;01-03 13:10--01-03 13:12\&quot;,\&quot;data\&quot;:[{\&quot;title\&quot;:\&quot;GC次数\&quot;,\&quot;value\&quot;:\&quot;5\&quot;},{\&quot;title\&quot;:\&quot;GC最大值\&quot;,\&quot;value\&quot;:\&quot;3.0\&quot;,\&quot;unit\&quot;:\&quot;ms\&quot;},{\&quot;title\&quot;:\&quot;GC最小值\&quot;,\&quot;value\&quot;:\&quot;1.0\&quot;,\&quot;unit\&quot;:\&quot;ms\&quot;},{\&quot;title\&quot;:\&quot;GC平均值\&quot;,\&quot;value\&quot;:\&quot;1.8\&quot;,\&quot;unit\&quot;:\&quot;ms\&quot;}]}&quot;},{&quot;x&quot;:1483420320000,&quot;y&quot;:4,&quot;tooltip&quot;:&quot;{\&quot;title\&quot;:\&quot;01-03 13:12--01-03 13:14\&quot;,\&quot;data\&quot;:[{\&quot;title\&quot;:\&quot;GC次数\&quot;,\&quot;value\&quot;:\&quot;4\&quot;},{\&quot;title\&quot;:\&quot;GC最大值\&quot;,\&quot;value\&quot;:\&quot;3.0\&quot;,\&quot;unit\&quot;:\&quot;ms\&quot;},{\&quot;title\&quot;:\&quot;GC最小值\&quot;,\&quot;value\&quot;:\&quot;1.0\&quot;,\&quot;unit\&quot;:\&quot;ms\&quot;},{\&quot;title\&quot;:\&quot;GC平均值\&quot;,\&quot;value\&quot;:\&quot;2.0\&quot;,\&quot;unit\&quot;:\&quot;ms\&quot;}]}&quot;},{&quot;x&quot;:1483420440000,&quot;y&quot;:8,&quot;tooltip&quot;:&quot;{\&quot;title\&quot;:\&quot;01-03 13:14--01-03 13:16\&quot;,\&quot;data\&quot;:[{\&quot;title\&quot;:\&quot;GC次数\&quot;,\&quot;value\&quot;:\&quot;8\&quot;},{\&quot;title\&quot;:\&quot;GC最大值\&quot;,\&quot;value\&quot;:\&quot;3.0\&quot;,\&quot;unit\&quot;:\&quot;ms\&quot;},{\&quot;title\&quot;:\&quot;GC最小值\&quot;,\&quot;value\&quot;:\&quot;1.0\&quot;,\&quot;unit\&quot;:\&quot;ms\&quot;},{\&quot;title\&quot;:\&quot;GC平均值\&quot;,\&quot;value\&quot;:\&quot;2.0\&quot;,\&quot;unit\&quot;:\&quot;ms\&quot;}]}&quot;},{&quot;x&quot;:1483420560000,&quot;y&quot;:5,&quot;tooltip&quot;:&quot;{\&quot;title\&quot;:\&quot;01-03 13:16--01-03 13:18\&quot;,\&quot;data\&quot;:[{\&quot;title\&quot;:\&quot;GC次数\&quot;,\&quot;value\&quot;:\&quot;5\&quot;},{\&quot;title\&quot;:\&quot;GC最大值\&quot;,\&quot;value\&quot;:\&quot;3.0\&quot;,\&quot;unit\&quot;:\&quot;ms\&quot;},{\&quot;title\&quot;:\&quot;GC最小值\&quot;,\&quot;value\&quot;:\&quot;1.0\&quot;,\&quot;unit\&quot;:\&quot;ms\&quot;},{\&quot;title\&quot;:\&quot;GC平均值\&quot;,\&quot;value\&quot;:\&quot;1.8\&quot;,\&quot;unit\&quot;:\&quot;ms\&quot;}]}&quot;},{&quot;x&quot;:1483420680000,&quot;y&quot;:4,&quot;tooltip&quot;:&quot;{\&quot;title\&quot;:\&quot;01-03 13:18--01-03 13:20\&quot;,\&quot;data\&quot;:[{\&quot;title\&quot;:\&quot;GC次数\&quot;,\&quot;value\&quot;:\&quot;4\&quot;},{\&quot;title\&quot;:\&quot;GC最大值\&quot;,\&quot;value\&quot;:\&quot;3.0\&quot;,\&quot;unit\&quot;:\&quot;ms\&quot;},{\&quot;title\&quot;:\&quot;GC最小值\&quot;,\&quot;value\&quot;:\&quot;1.0\&quot;,\&quot;unit\&quot;:\&quot;ms\&quot;},{\&quot;title\&quot;:\&quot;GC平均值\&quot;,\&quot;value\&quot;:\&quot;2.0\&quot;,\&quot;unit\&quot;:\&quot;ms\&quot;}]}&quot;},{&quot;x&quot;:1483420800000,&quot;y&quot;:8,&quot;tooltip&quot;:&quot;{\&quot;title\&quot;:\&quot;01-03 13:20--01-03 13:22\&quot;,\&quot;data\&quot;:[{\&quot;title\&quot;:\&quot;GC次数\&quot;,\&quot;value\&quot;:\&quot;8\&quot;},{\&quot;title\&quot;:\&quot;GC最大值\&quot;,\&quot;value\&quot;:\&quot;3.0\&quot;,\&quot;unit\&quot;:\&quot;ms\&quot;},{\&quot;title\&quot;:\&quot;GC最小值\&quot;,\&quot;value\&quot;:\&quot;1.0\&quot;,\&quot;unit\&quot;:\&quot;ms\&quot;},{\&quot;title\&quot;:\&quot;GC平均值\&quot;,\&quot;value\&quot;:\&quot;2.0\&quot;,\&quot;unit\&quot;:\&quot;ms\&quot;}]}&quot;},{&quot;x&quot;:1483420920000,&quot;y&quot;:4,&quot;tooltip&quot;:&quot;{\&quot;title\&quot;:\&quot;01-03 13:22--01-03 13:24\&quot;,\&quot;data\&quot;:[{\&quot;title\&quot;:\&quot;GC次数\&quot;,\&quot;value\&quot;:\&quot;4\&quot;},{\&quot;title\&quot;:\&quot;GC最大值\&quot;,\&quot;value\&quot;:\&quot;3.0\&quot;,\&quot;unit\&quot;:\&quot;ms\&quot;},{\&quot;title\&quot;:\&quot;GC最小值\&quot;,\&quot;value\&quot;:\&quot;1.0\&quot;,\&quot;unit\&quot;:\&quot;ms\&quot;},{\&quot;title\&quot;:\&quot;GC平均值\&quot;,\&quot;value\&quot;:\&quot;2.0\&quot;,\&quot;unit\&quot;:\&quot;ms\&quot;}]}&quot;},{&quot;x&quot;:1483421040000,&quot;y&quot;:4,&quot;tooltip&quot;:&quot;{\&quot;title\&quot;:\&quot;01-03 13:24--01-03 13:26\&quot;,\&quot;data\&quot;:[{\&quot;title\&quot;:\&quot;GC次数\&quot;,\&quot;value\&quot;:\&quot;4\&quot;},{\&quot;title\&quot;:\&quot;GC最大值\&quot;,\&quot;value\&quot;:\&quot;3.0\&quot;,\&quot;unit\&quot;:\&quot;ms\&quot;},{\&quot;title\&quot;:\&quot;GC最小值\&quot;,\&quot;value\&quot;:\&quot;1.0\&quot;,\&quot;unit\&quot;:\&quot;ms\&quot;},{\&quot;title\&quot;:\&quot;GC平均值\&quot;,\&quot;value\&quot;:\&quot;2.0\&quot;,\&quot;unit\&quot;:\&quot;ms\&quot;}]}&quot;},{&quot;x&quot;:1483421160000,&quot;y&quot;:8,&quot;tooltip&quot;:&quot;{\&quot;title\&quot;:\&quot;01-03 13:26--01-03 13:28\&quot;,\&quot;data\&quot;:[{\&quot;title\&quot;:\&quot;GC次数\&quot;,\&quot;value\&quot;:\&quot;8\&quot;},{\&quot;title\&quot;:\&quot;GC最大值\&quot;,\&quot;value\&quot;:\&quot;3.0\&quot;,\&quot;unit\&quot;:\&quot;ms\&quot;},{\&quot;title\&quot;:\&quot;GC最小值\&quot;,\&quot;value\&quot;:\&quot;1.0\&quot;,\&quot;unit\&quot;:\&quot;ms\&quot;},{\&quot;title\&quot;:\&quot;GC平均值\&quot;,\&quot;value\&quot;:\&quot;2.0\&quot;,\&quot;unit\&quot;:\&quot;ms\&quot;}]}&quot;},{&quot;x&quot;:1483421280000,&quot;y&quot;:5,&quot;tooltip&quot;:&quot;{\&quot;title\&quot;:\&quot;01-03 13:28--01-03 13:30\&quot;,\&quot;data\&quot;:[{\&quot;title\&quot;:\&quot;GC次数\&quot;,\&quot;value\&quot;:\&quot;5\&quot;},{\&quot;title\&quot;:\&quot;GC最大值\&quot;,\&quot;value\&quot;:\&quot;3.0\&quot;,\&quot;unit\&quot;:\&quot;ms\&quot;},{\&quot;title\&quot;:\&quot;GC最小值\&quot;,\&quot;value\&quot;:\&quot;1.0\&quot;,\&quot;unit\&quot;:\&quot;ms\&quot;},{\&quot;title\&quot;:\&quot;GC平均值\&quot;,\&quot;value\&quot;:\&quot;1.8\&quot;,\&quot;unit\&quot;:\&quot;ms\&quot;}]}&quot;}],&quot;params&quot;:&quot;223&quot;,&quot;marker&quot;:{&quot;symbol&quot;:&quot;circle&quot;,&quot;radius&quot;:4}},{&quot;name&quot;:&quot;GC最大值&quot;,&quot;type&quot;:&quot;line&quot;,&quot;color&quot;:&quot;#01cdce&quot;,&quot;data&quot;:[{&quot;x&quot;:1483417800000,&quot;y&quot;:3.0,&quot;tooltip&quot;:&quot;{\&quot;title\&quot;:\&quot;01-03 12:30--01-03 12:32\&quot;,\&quot;data\&quot;:[{\&quot;title\&quot;:\&quot;GC最大值\&quot;,\&quot;value\&quot;:\&quot;3.0\&quot;,\&quot;unit\&quot;:\&quot;ms\&quot;},{\&quot;title\&quot;:\&quot;GC最小值\&quot;,\&quot;value\&quot;:\&quot;1.0\&quot;,\&quot;unit\&quot;:\&quot;ms\&quot;},{\&quot;title\&quot;:\&quot;GC平均值\&quot;,\&quot;value\&quot;:\&quot;2.0\&quot;,\&quot;unit\&quot;:\&quot;ms\&quot;},{\&quot;title\&quot;:\&quot;GC次数\&quot;,\&quot;value\&quot;:\&quot;4\&quot;}]}&quot;},{&quot;x&quot;:1483417920000,&quot;y&quot;:3.0,&quot;tooltip&quot;:&quot;{\&quot;title\&quot;:\&quot;01-03 12:32--01-03 12:34\&quot;,\&quot;data\&quot;:[{\&quot;title\&quot;:\&quot;GC最大值\&quot;,\&quot;value\&quot;:\&quot;3.0\&quot;,\&quot;unit\&quot;:\&quot;ms\&quot;},{\&quot;title\&quot;:\&quot;GC最小值\&quot;,\&quot;value\&quot;:\&quot;1.0\&quot;,\&quot;unit\&quot;:\&quot;ms\&quot;},{\&quot;title\&quot;:\&quot;GC平均值\&quot;,\&quot;value\&quot;:\&quot;1.9\&quot;,\&quot;unit\&quot;:\&quot;ms\&quot;},{\&quot;title\&quot;:\&quot;GC次数\&quot;,\&quot;value\&quot;:\&quot;9\&quot;}]}&quot;},{&quot;x&quot;:1483418040000,&quot;y&quot;:3.0,&quot;tooltip&quot;:&quot;{\&quot;title\&quot;:\&quot;01-03 12:34--01-03 12:36\&quot;,\&quot;data\&quot;:[{\&quot;title\&quot;:\&quot;GC最大值\&quot;,\&quot;value\&quot;:\&quot;3.0\&quot;,\&quot;unit\&quot;:\&quot;ms\&quot;},{\&quot;title\&quot;:\&quot;GC最小值\&quot;,\&quot;value\&quot;:\&quot;1.0\&quot;,\&quot;unit\&quot;:\&quot;ms\&quot;},{\&quot;title\&quot;:\&quot;GC平均值\&quot;,\&quot;value\&quot;:\&quot;2.0\&quot;,\&quot;unit\&quot;:\&quot;ms\&quot;},{\&quot;title\&quot;:\&quot;GC次数\&quot;,\&quot;value\&quot;:\&quot;4\&quot;}]}&quot;},{&quot;x&quot;:1483418160000,&quot;y&quot;:3.0,&quot;tooltip&quot;:&quot;{\&quot;title\&quot;:\&quot;01-03 12:36--01-03 12:38\&quot;,\&quot;data\&quot;:[{\&quot;title\&quot;:\&quot;GC最大值\&quot;,\&quot;value\&quot;:\&quot;3.0\&quot;,\&quot;unit\&quot;:\&quot;ms\&quot;},{\&quot;title\&quot;:\&quot;GC最小值\&quot;,\&quot;value\&quot;:\&quot;1.0\&quot;,\&quot;unit\&quot;:\&quot;ms\&quot;},{\&quot;title\&quot;:\&quot;GC平均值\&quot;,\&quot;value\&quot;:\&quot;1.8\&quot;,\&quot;unit\&quot;:\&quot;ms\&quot;},{\&quot;title\&quot;:\&quot;GC次数\&quot;,\&quot;value\&quot;:\&quot;5\&quot;}]}&quot;},{&quot;x&quot;:1483418280000,&quot;y&quot;:3.0,&quot;tooltip&quot;:&quot;{\&quot;title\&quot;:\&quot;01-03 12:38--01-03 12:40\&quot;,\&quot;data\&quot;:[{\&quot;title\&quot;:\&quot;GC最大值\&quot;,\&quot;value\&quot;:\&quot;3.0\&quot;,\&quot;unit\&quot;:\&quot;ms\&quot;},{\&quot;title\&quot;:\&quot;GC最小值\&quot;,\&quot;value\&quot;:\&quot;1.0\&quot;,\&quot;unit\&quot;:\&quot;ms\&quot;},{\&quot;title\&quot;:\&quot;GC平均值\&quot;,\&quot;value\&quot;:\&quot;1.8\&quot;,\&quot;unit\&quot;:\&quot;ms\&quot;},{\&quot;title\&quot;:\&quot;GC次数\&quot;,\&quot;value\&quot;:\&quot;10\&quot;}]}&quot;},{&quot;x&quot;:1483418400000,&quot;y&quot;:3.0,&quot;tooltip&quot;:&quot;{\&quot;title\&quot;:\&quot;01-03 12:40--01-03 12:42\&quot;,\&quot;data\&quot;:[{\&quot;title\&quot;:\&quot;GC最大值\&quot;,\&quot;value\&quot;:\&quot;3.0\&quot;,\&quot;unit\&quot;:\&quot;ms\&quot;},{\&quot;title\&quot;:\&quot;GC最小值\&quot;,\&quot;value\&quot;:\&quot;1.0\&quot;,\&quot;unit\&quot;:\&quot;ms\&quot;},{\&quot;title\&quot;:\&quot;GC平均值\&quot;,\&quot;value\&quot;:\&quot;2.0\&quot;,\&quot;unit\&quot;:\&quot;ms\&quot;},{\&quot;title\&quot;:\&quot;GC次数\&quot;,\&quot;value\&quot;:\&quot;4\&quot;}]}&quot;},{&quot;x&quot;:1483418520000,&quot;y&quot;:3.0,&quot;tooltip&quot;:&quot;{\&quot;title\&quot;:\&quot;01-03 12:42--01-03 12:44\&quot;,\&quot;data\&quot;:[{\&quot;title\&quot;:\&quot;GC最大值\&quot;,\&quot;value\&quot;:\&quot;3.0\&quot;,\&quot;unit\&quot;:\&quot;ms\&quot;},{\&quot;title\&quot;:\&quot;GC最小值\&quot;,\&quot;value\&quot;:\&quot;1.0\&quot;,\&quot;unit\&quot;:\&quot;ms\&quot;},{\&quot;title\&quot;:\&quot;GC平均值\&quot;,\&quot;value\&quot;:\&quot;1.8\&quot;,\&quot;unit\&quot;:\&quot;ms\&quot;},{\&quot;title\&quot;:\&quot;GC次数\&quot;,\&quot;value\&quot;:\&quot;5\&quot;}]}&quot;},{&quot;x&quot;:1483418640000,&quot;y&quot;:3.0,&quot;tooltip&quot;:&quot;{\&quot;title\&quot;:\&quot;01-03 12:44--01-03 12:46\&quot;,\&quot;data\&quot;:[{\&quot;title\&quot;:\&quot;GC最大值\&quot;,\&quot;value\&quot;:\&quot;3.0\&quot;,\&quot;unit\&quot;:\&quot;ms\&quot;},{\&quot;title\&quot;:\&quot;GC最小值\&quot;,\&quot;value\&quot;:\&quot;1.0\&quot;,\&quot;unit\&quot;:\&quot;ms\&quot;},{\&quot;title\&quot;:\&quot;GC平均值\&quot;,\&quot;value\&quot;:\&quot;1.9\&quot;,\&quot;unit\&quot;:\&quot;ms\&quot;},{\&quot;title\&quot;:\&quot;GC次数\&quot;,\&quot;value\&quot;:\&quot;9\&quot;}]}&quot;},{&quot;x&quot;:1483418760000,&quot;y&quot;:3.0,&quot;tooltip&quot;:&quot;{\&quot;title\&quot;:\&quot;01-03 12:46--01-03 12:48\&quot;,\&quot;data\&quot;:[{\&quot;title\&quot;:\&quot;GC最大值\&quot;,\&quot;value\&quot;:\&quot;3.0\&quot;,\&quot;unit\&quot;:\&quot;ms\&quot;},{\&quot;title\&quot;:\&quot;GC最小值\&quot;,\&quot;value\&quot;:\&quot;1.0\&quot;,\&quot;unit\&quot;:\&quot;ms\&quot;},{\&quot;title\&quot;:\&quot;GC平均值\&quot;,\&quot;value\&quot;:\&quot;2.0\&quot;,\&quot;unit\&quot;:\&quot;ms\&quot;},{\&quot;title\&quot;:\&quot;GC次数\&quot;,\&quot;value\&quot;:\&quot;4\&quot;}]}&quot;},{&quot;x&quot;:1483418880000,&quot;y&quot;:3.0,&quot;tooltip&quot;:&quot;{\&quot;title\&quot;:\&quot;01-03 12:48--01-03 12:50\&quot;,\&quot;data\&quot;:[{\&quot;title\&quot;:\&quot;GC最大值\&quot;,\&quot;value\&quot;:\&quot;3.0\&quot;,\&quot;unit\&quot;:\&quot;ms\&quot;},{\&quot;title\&quot;:\&quot;GC最小值\&quot;,\&quot;value\&quot;:\&quot;1.0\&quot;,\&quot;unit\&quot;:\&quot;ms\&quot;},{\&quot;title\&quot;:\&quot;GC平均值\&quot;,\&quot;value\&quot;:\&quot;2.0\&quot;,\&quot;unit\&quot;:\&quot;ms\&quot;},{\&quot;title\&quot;:\&quot;GC次数\&quot;,\&quot;value\&quot;:\&quot;4\&quot;}]}&quot;},{&quot;x&quot;:1483419000000,&quot;y&quot;:3.0,&quot;tooltip&quot;:&quot;{\&quot;title\&quot;:\&quot;01-03 12:50--01-03 12:52\&quot;,\&quot;data\&quot;:[{\&quot;title\&quot;:\&quot;GC最大值\&quot;,\&quot;value\&quot;:\&quot;3.0\&quot;,\&quot;unit\&quot;:\&quot;ms\&quot;},{\&quot;title\&quot;:\&quot;GC最小值\&quot;,\&quot;value\&quot;:\&quot;1.0\&quot;,\&quot;unit\&quot;:\&quot;ms\&quot;},{\&quot;title\&quot;:\&quot;GC平均值\&quot;,\&quot;value\&quot;:\&quot;2.0\&quot;,\&quot;unit\&quot;:\&quot;ms\&quot;},{\&quot;title\&quot;:\&quot;GC次数\&quot;,\&quot;value\&quot;:\&quot;8\&quot;}]}&quot;},{&quot;x&quot;:1483419120000,&quot;y&quot;:3.0,&quot;tooltip&quot;:&quot;{\&quot;title\&quot;:\&quot;01-03 12:52--01-03 12:54\&quot;,\&quot;data\&quot;:[{\&quot;title\&quot;:\&quot;GC最大值\&quot;,\&quot;value\&quot;:\&quot;3.0\&quot;,\&quot;unit\&quot;:\&quot;ms\&quot;},{\&quot;title\&quot;:\&quot;GC最小值\&quot;,\&quot;value\&quot;:\&quot;1.0\&quot;,\&quot;unit\&quot;:\&quot;ms\&quot;},{\&quot;title\&quot;:\&quot;GC平均值\&quot;,\&quot;value\&quot;:\&quot;2.0\&quot;,\&quot;unit\&quot;:\&quot;ms\&quot;},{\&quot;title\&quot;:\&quot;GC次数\&quot;,\&quot;value\&quot;:\&quot;4\&quot;}]}&quot;},{&quot;x&quot;:1483419240000,&quot;y&quot;:3.0,&quot;tooltip&quot;:&quot;{\&quot;title\&quot;:\&quot;01-03 12:54--01-03 12:56\&quot;,\&quot;data\&quot;:[{\&quot;title\&quot;:\&quot;GC最大值\&quot;,\&quot;value\&quot;:\&quot;3.0\&quot;,\&quot;unit\&quot;:\&quot;ms\&quot;},{\&quot;title\&quot;:\&quot;GC最小值\&quot;,\&quot;value\&quot;:\&quot;1.0\&quot;,\&quot;unit\&quot;:\&quot;ms\&quot;},{\&quot;title\&quot;:\&quot;GC平均值\&quot;,\&quot;value\&quot;:\&quot;1.8\&quot;,\&quot;unit\&quot;:\&quot;ms\&quot;},{\&quot;title\&quot;:\&quot;GC次数\&quot;,\&quot;value\&quot;:\&quot;5\&quot;}]}&quot;},{&quot;x&quot;:1483419360000,&quot;y&quot;:3.0,&quot;tooltip&quot;:&quot;{\&quot;title\&quot;:\&quot;01-03 12:56--01-03 12:58\&quot;,\&quot;data\&quot;:[{\&quot;title\&quot;:\&quot;GC最大值\&quot;,\&quot;value\&quot;:\&quot;3.0\&quot;,\&quot;unit\&quot;:\&quot;ms\&quot;},{\&quot;title\&quot;:\&quot;GC最小值\&quot;,\&quot;value\&quot;:\&quot;1.0\&quot;,\&quot;unit\&quot;:\&quot;ms\&quot;},{\&quot;title\&quot;:\&quot;GC平均值\&quot;,\&quot;value\&quot;:\&quot;1.8\&quot;,\&quot;unit\&quot;:\&quot;ms\&quot;},{\&quot;title\&quot;:\&quot;GC次数\&quot;,\&quot;value\&quot;:\&quot;10\&quot;}]}&quot;},{&quot;x&quot;:1483419480000,&quot;y&quot;:3.0,&quot;tooltip&quot;:&quot;{\&quot;title\&quot;:\&quot;01-03 12:58--01-03 13:00\&quot;,\&quot;data\&quot;:[{\&quot;title\&quot;:\&quot;GC最大值\&quot;,\&quot;value\&quot;:\&quot;3.0\&quot;,\&quot;unit\&quot;:\&quot;ms\&quot;},{\&quot;title\&quot;:\&quot;GC最小值\&quot;,\&quot;value\&quot;:\&quot;1.0\&quot;,\&quot;unit\&quot;:\&quot;ms\&quot;},{\&quot;title\&quot;:\&quot;GC平均值\&quot;,\&quot;value\&quot;:\&quot;2.0\&quot;,\&quot;unit\&quot;:\&quot;ms\&quot;},{\&quot;title\&quot;:\&quot;GC次数\&quot;,\&quot;value\&quot;:\&quot;4\&quot;}]}&quot;},{&quot;x&quot;:1483419600000,&quot;y&quot;:3.0,&quot;tooltip&quot;:&quot;{\&quot;title\&quot;:\&quot;01-03 13:00--01-03 13:02\&quot;,\&quot;data\&quot;:[{\&quot;title\&quot;:\&quot;GC最大值\&quot;,\&quot;value\&quot;:\&quot;3.0\&quot;,\&quot;unit\&quot;:\&quot;ms\&quot;},{\&quot;title\&quot;:\&quot;GC最小值\&quot;,\&quot;value\&quot;:\&quot;1.0\&quot;,\&quot;unit\&quot;:\&quot;ms\&quot;},{\&quot;title\&quot;:\&quot;GC平均值\&quot;,\&quot;value\&quot;:\&quot;2.0\&quot;,\&quot;unit\&quot;:\&quot;ms\&quot;},{\&quot;title\&quot;:\&quot;GC次数\&quot;,\&quot;value\&quot;:\&quot;4\&quot;}]}&quot;},{&quot;x&quot;:1483419720000,&quot;y&quot;:3.0,&quot;tooltip&quot;:&quot;{\&quot;title\&quot;:\&quot;01-03 13:02--01-03 13:04\&quot;,\&quot;data\&quot;:[{\&quot;title\&quot;:\&quot;GC最大值\&quot;,\&quot;value\&quot;:\&quot;3.0\&quot;,\&quot;unit\&quot;:\&quot;ms\&quot;},{\&quot;title\&quot;:\&quot;GC最小值\&quot;,\&quot;value\&quot;:\&quot;1.0\&quot;,\&quot;unit\&quot;:\&quot;ms\&quot;},{\&quot;title\&quot;:\&quot;GC平均值\&quot;,\&quot;value\&quot;:\&quot;1.9\&quot;,\&quot;unit\&quot;:\&quot;ms\&quot;},{\&quot;title\&quot;:\&quot;GC次数\&quot;,\&quot;value\&quot;:\&quot;9\&quot;}]}&quot;},{&quot;x&quot;:1483419840000,&quot;y&quot;:3.0,&quot;tooltip&quot;:&quot;{\&quot;title\&quot;:\&quot;01-03 13:04--01-03 13:06\&quot;,\&quot;data\&quot;:[{\&quot;title\&quot;:\&quot;GC最大值\&quot;,\&quot;value\&quot;:\&quot;3.0\&quot;,\&quot;unit\&quot;:\&quot;ms\&quot;},{\&quot;title\&quot;:\&quot;GC最小值\&quot;,\&quot;value\&quot;:\&quot;1.0\&quot;,\&quot;unit\&quot;:\&quot;ms\&quot;},{\&quot;title\&quot;:\&quot;GC平均值\&quot;,\&quot;value\&quot;:\&quot;2.0\&quot;,\&quot;unit\&quot;:\&quot;ms\&quot;},{\&quot;title\&quot;:\&quot;GC次数\&quot;,\&quot;value\&quot;:\&quot;4\&quot;}]}&quot;},{&quot;x&quot;:1483419960000,&quot;y&quot;:3.0,&quot;tooltip&quot;:&quot;{\&quot;title\&quot;:\&quot;01-03 13:06--01-03 13:08\&quot;,\&quot;data\&quot;:[{\&quot;title\&quot;:\&quot;GC最大值\&quot;,\&quot;value\&quot;:\&quot;3.0\&quot;,\&quot;unit\&quot;:\&quot;ms\&quot;},{\&quot;title\&quot;:\&quot;GC最小值\&quot;,\&quot;value\&quot;:\&quot;1.0\&quot;,\&quot;unit\&quot;:\&quot;ms\&quot;},{\&quot;title\&quot;:\&quot;GC平均值\&quot;,\&quot;value\&quot;:\&quot;1.8\&quot;,\&quot;unit\&quot;:\&quot;ms\&quot;},{\&quot;title\&quot;:\&quot;GC次数\&quot;,\&quot;value\&quot;:\&quot;5\&quot;}]}&quot;},{&quot;x&quot;:1483420080000,&quot;y&quot;:3.0,&quot;tooltip&quot;:&quot;{\&quot;title\&quot;:\&quot;01-03 13:08--01-03 13:10\&quot;,\&quot;data\&quot;:[{\&quot;title\&quot;:\&quot;GC最大值\&quot;,\&quot;value\&quot;:\&quot;3.0\&quot;,\&quot;unit\&quot;:\&quot;ms\&quot;},{\&quot;title\&quot;:\&quot;GC最小值\&quot;,\&quot;value\&quot;:\&quot;1.0\&quot;,\&quot;unit\&quot;:\&quot;ms\&quot;},{\&quot;title\&quot;:\&quot;GC平均值\&quot;,\&quot;value\&quot;:\&quot;1.9\&quot;,\&quot;unit\&quot;:\&quot;ms\&quot;},{\&quot;title\&quot;:\&quot;GC次数\&quot;,\&quot;value\&quot;:\&quot;9\&quot;}]}&quot;},{&quot;x&quot;:1483420200000,&quot;y&quot;:3.0,&quot;tooltip&quot;:&quot;{\&quot;title\&quot;:\&quot;01-03 13:10--01-03 13:12\&quot;,\&quot;data\&quot;:[{\&quot;title\&quot;:\&quot;GC最大值\&quot;,\&quot;value\&quot;:\&quot;3.0\&quot;,\&quot;unit\&quot;:\&quot;ms\&quot;},{\&quot;title\&quot;:\&quot;GC最小值\&quot;,\&quot;value\&quot;:\&quot;1.0\&quot;,\&quot;unit\&quot;:\&quot;ms\&quot;},{\&quot;title\&quot;:\&quot;GC平均值\&quot;,\&quot;value\&quot;:\&quot;1.8\&quot;,\&quot;unit\&quot;:\&quot;ms\&quot;},{\&quot;title\&quot;:\&quot;GC次数\&quot;,\&quot;value\&quot;:\&quot;5\&quot;}]}&quot;},{&quot;x&quot;:1483420320000,&quot;y&quot;:3.0,&quot;tooltip&quot;:&quot;{\&quot;title\&quot;:\&quot;01-03 13:12--01-03 13:14\&quot;,\&quot;data\&quot;:[{\&quot;title\&quot;:\&quot;GC最大值\&quot;,\&quot;value\&quot;:\&quot;3.0\&quot;,\&quot;unit\&quot;:\&quot;ms\&quot;},{\&quot;title\&quot;:\&quot;GC最小值\&quot;,\&quot;value\&quot;:\&quot;1.0\&quot;,\&quot;unit\&quot;:\&quot;ms\&quot;},{\&quot;title\&quot;:\&quot;GC平均值\&quot;,\&quot;value\&quot;:\&quot;2.0\&quot;,\&quot;unit\&quot;:\&quot;ms\&quot;},{\&quot;title\&quot;:\&quot;GC次数\&quot;,\&quot;value\&quot;:\&quot;4\&quot;}]}&quot;},{&quot;x&quot;:1483420440000,&quot;y&quot;:3.0,&quot;tooltip&quot;:&quot;{\&quot;title\&quot;:\&quot;01-03 13:14--01-03 13:16\&quot;,\&quot;data\&quot;:[{\&quot;title\&quot;:\&quot;GC最大值\&quot;,\&quot;value\&quot;:\&quot;3.0\&quot;,\&quot;unit\&quot;:\&quot;ms\&quot;},{\&quot;title\&quot;:\&quot;GC最小值\&quot;,\&quot;value\&quot;:\&quot;1.0\&quot;,\&quot;unit\&quot;:\&quot;ms\&quot;},{\&quot;title\&quot;:\&quot;GC平均值\&quot;,\&quot;value\&quot;:\&quot;2.0\&quot;,\&quot;unit\&quot;:\&quot;ms\&quot;},{\&quot;title\&quot;:\&quot;GC次数\&quot;,\&quot;value\&quot;:\&quot;8\&quot;}]}&quot;},{&quot;x&quot;:1483420560000,&quot;y&quot;:3.0,&quot;tooltip&quot;:&quot;{\&quot;title\&quot;:\&quot;01-03 13:16--01-03 13:18\&quot;,\&quot;data\&quot;:[{\&quot;title\&quot;:\&quot;GC最大值\&quot;,\&quot;value\&quot;:\&quot;3.0\&quot;,\&quot;unit\&quot;:\&quot;ms\&quot;},{\&quot;title\&quot;:\&quot;GC最小值\&quot;,\&quot;value\&quot;:\&quot;1.0\&quot;,\&quot;unit\&quot;:\&quot;ms\&quot;},{\&quot;title\&quot;:\&quot;GC平均值\&quot;,\&quot;value\&quot;:\&quot;1.8\&quot;,\&quot;unit\&quot;:\&quot;ms\&quot;},{\&quot;title\&quot;:\&quot;GC次数\&quot;,\&quot;value\&quot;:\&quot;5\&quot;}]}&quot;},{&quot;x&quot;:1483420680000,&quot;y&quot;:3.0,&quot;tooltip&quot;:&quot;{\&quot;title\&quot;:\&quot;01-03 13:18--01-03 13:20\&quot;,\&quot;data\&quot;:[{\&quot;title\&quot;:\&quot;GC最大值\&quot;,\&quot;value\&quot;:\&quot;3.0\&quot;,\&quot;unit\&quot;:\&quot;ms\&quot;},{\&quot;title\&quot;:\&quot;GC最小值\&quot;,\&quot;value\&quot;:\&quot;1.0\&quot;,\&quot;unit\&quot;:\&quot;ms\&quot;},{\&quot;title\&quot;:\&quot;GC平均值\&quot;,\&quot;value\&quot;:\&quot;2.0\&quot;,\&quot;unit\&quot;:\&quot;ms\&quot;},{\&quot;title\&quot;:\&quot;GC次数\&quot;,\&quot;value\&quot;:\&quot;4\&quot;}]}&quot;},{&quot;x&quot;:1483420800000,&quot;y&quot;:3.0,&quot;tooltip&quot;:&quot;{\&quot;title\&quot;:\&quot;01-03 13:20--01-03 13:22\&quot;,\&quot;data\&quot;:[{\&quot;title\&quot;:\&quot;GC最大值\&quot;,\&quot;value\&quot;:\&quot;3.0\&quot;,\&quot;unit\&quot;:\&quot;ms\&quot;},{\&quot;title\&quot;:\&quot;GC最小值\&quot;,\&quot;value\&quot;:\&quot;1.0\&quot;,\&quot;unit\&quot;:\&quot;ms\&quot;},{\&quot;title\&quot;:\&quot;GC平均值\&quot;,\&quot;value\&quot;:\&quot;2.0\&quot;,\&quot;unit\&quot;:\&quot;ms\&quot;},{\&quot;title\&quot;:\&quot;GC次数\&quot;,\&quot;value\&quot;:\&quot;8\&quot;}]}&quot;},{&quot;x&quot;:1483420920000,&quot;y&quot;:3.0,&quot;tooltip&quot;:&quot;{\&quot;title\&quot;:\&quot;01-03 13:22--01-03 13:24\&quot;,\&quot;data\&quot;:[{\&quot;title\&quot;:\&quot;GC最大值\&quot;,\&quot;value\&quot;:\&quot;3.0\&quot;,\&quot;unit\&quot;:\&quot;ms\&quot;},{\&quot;title\&quot;:\&quot;GC最小值\&quot;,\&quot;value\&quot;:\&quot;1.0\&quot;,\&quot;unit\&quot;:\&quot;ms\&quot;},{\&quot;title\&quot;:\&quot;GC平均值\&quot;,\&quot;value\&quot;:\&quot;2.0\&quot;,\&quot;unit\&quot;:\&quot;ms\&quot;},{\&quot;title\&quot;:\&quot;GC次数\&quot;,\&quot;value\&quot;:\&quot;4\&quot;}]}&quot;},{&quot;x&quot;:1483421040000,&quot;y&quot;:3.0,&quot;tooltip&quot;:&quot;{\&quot;title\&quot;:\&quot;01-03 13:24--01-03 13:26\&quot;,\&quot;data\&quot;:[{\&quot;title\&quot;:\&quot;GC最大值\&quot;,\&quot;value\&quot;:\&quot;3.0\&quot;,\&quot;unit\&quot;:\&quot;ms\&quot;},{\&quot;title\&quot;:\&quot;GC最小值\&quot;,\&quot;value\&quot;:\&quot;1.0\&quot;,\&quot;unit\&quot;:\&quot;ms\&quot;},{\&quot;title\&quot;:\&quot;GC平均值\&quot;,\&quot;value\&quot;:\&quot;2.0\&quot;,\&quot;unit\&quot;:\&quot;ms\&quot;},{\&quot;title\&quot;:\&quot;GC次数\&quot;,\&quot;value\&quot;:\&quot;4\&quot;}]}&quot;},{&quot;x&quot;:1483421160000,&quot;y&quot;:3.0,&quot;tooltip&quot;:&quot;{\&quot;title\&quot;:\&quot;01-03 13:26--01-03 13:28\&quot;,\&quot;data\&quot;:[{\&quot;title\&quot;:\&quot;GC最大值\&quot;,\&quot;value\&quot;:\&quot;3.0\&quot;,\&quot;unit\&quot;:\&quot;ms\&quot;},{\&quot;title\&quot;:\&quot;GC最小值\&quot;,\&quot;value\&quot;:\&quot;1.0\&quot;,\&quot;unit\&quot;:\&quot;ms\&quot;},{\&quot;title\&quot;:\&quot;GC平均值\&quot;,\&quot;value\&quot;:\&quot;2.0\&quot;,\&quot;unit\&quot;:\&quot;ms\&quot;},{\&quot;title\&quot;:\&quot;GC次数\&quot;,\&quot;value\&quot;:\&quot;8\&quot;}]}&quot;},{&quot;x&quot;:1483421280000,&quot;y&quot;:3.0,&quot;tooltip&quot;:&quot;{\&quot;title\&quot;:\&quot;01-03 13:28--01-03 13:30\&quot;,\&quot;data\&quot;:[{\&quot;title\&quot;:\&quot;GC最大值\&quot;,\&quot;value\&quot;:\&quot;3.0\&quot;,\&quot;unit\&quot;:\&quot;ms\&quot;},{\&quot;title\&quot;:\&quot;GC最小值\&quot;,\&quot;value\&quot;:\&quot;1.0\&quot;,\&quot;unit\&quot;:\&quot;ms\&quot;},{\&quot;title\&quot;:\&quot;GC平均值\&quot;,\&quot;value\&quot;:\&quot;1.8\&quot;,\&quot;unit\&quot;:\&quot;ms\&quot;},{\&quot;title\&quot;:\&quot;GC次数\&quot;,\&quot;value\&quot;:\&quot;5\&quot;}]}&quot;}],&quot;params&quot;:&quot;224&quot;,&quot;yaxis&quot;:1,&quot;yAxis&quot;:1},{&quot;name&quot;:&quot;GC平均值&quot;,&quot;type&quot;:&quot;line&quot;,&quot;color&quot;:&quot;#826fff&quot;,&quot;data&quot;:[{&quot;x&quot;:1483417800000,&quot;y&quot;:2.0,&quot;tooltip&quot;:&quot;{\&quot;title\&quot;:\&quot;01-03 12:30--01-03 12:32\&quot;,\&quot;data\&quot;:[{\&quot;title\&quot;:\&quot;GC平均值\&quot;,\&quot;value\&quot;:\&quot;2.0\&quot;,\&quot;unit\&quot;:\&quot;ms\&quot;},{\&quot;title\&quot;:\&quot;GC最大值\&quot;,\&quot;value\&quot;:\&quot;3.0\&quot;,\&quot;unit\&quot;:\&quot;ms\&quot;},{\&quot;title\&quot;:\&quot;GC最小值\&quot;,\&quot;value\&quot;:\&quot;1.0\&quot;,\&quot;unit\&quot;:\&quot;ms\&quot;},{\&quot;title\&quot;:\&quot;GC次数\&quot;,\&quot;value\&quot;:\&quot;4\&quot;}]}&quot;},{&quot;x&quot;:1483417920000,&quot;y&quot;:1.9,&quot;tooltip&quot;:&quot;{\&quot;title\&quot;:\&quot;01-03 12:32--01-03 12:34\&quot;,\&quot;data\&quot;:[{\&quot;title\&quot;:\&quot;GC平均值\&quot;,\&quot;value\&quot;:\&quot;1.9\&quot;,\&quot;unit\&quot;:\&quot;ms\&quot;},{\&quot;title\&quot;:\&quot;GC最大值\&quot;,\&quot;value\&quot;:\&quot;3.0\&quot;,\&quot;unit\&quot;:\&quot;ms\&quot;},{\&quot;title\&quot;:\&quot;GC最小值\&quot;,\&quot;value\&quot;:\&quot;1.0\&quot;,\&quot;unit\&quot;:\&quot;ms\&quot;},{\&quot;title\&quot;:\&quot;GC次数\&quot;,\&quot;value\&quot;:\&quot;9\&quot;}]}&quot;},{&quot;x&quot;:1483418040000,&quot;y&quot;:2.0,&quot;tooltip&quot;:&quot;{\&quot;title\&quot;:\&quot;01-03 12:34--01-03 12:36\&quot;,\&quot;data\&quot;:[{\&quot;title\&quot;:\&quot;GC平均值\&quot;,\&quot;value\&quot;:\&quot;2.0\&quot;,\&quot;unit\&quot;:\&quot;ms\&quot;},{\&quot;title\&quot;:\&quot;GC最大值\&quot;,\&quot;value\&quot;:\&quot;3.0\&quot;,\&quot;unit\&quot;:\&quot;ms\&quot;},{\&quot;title\&quot;:\&quot;GC最小值\&quot;,\&quot;value\&quot;:\&quot;1.0\&quot;,\&quot;unit\&quot;:\&quot;ms\&quot;},{\&quot;title\&quot;:\&quot;GC次数\&quot;,\&quot;value\&quot;:\&quot;4\&quot;}]}&quot;},{&quot;x&quot;:1483418160000,&quot;y&quot;:1.8,&quot;tooltip&quot;:&quot;{\&quot;title\&quot;:\&quot;01-03 12:36--01-03 12:38\&quot;,\&quot;data\&quot;:[{\&quot;title\&quot;:\&quot;GC平均值\&quot;,\&quot;value\&quot;:\&quot;1.8\&quot;,\&quot;unit\&quot;:\&quot;ms\&quot;},{\&quot;title\&quot;:\&quot;GC最大值\&quot;,\&quot;value\&quot;:\&quot;3.0\&quot;,\&quot;unit\&quot;:\&quot;ms\&quot;},{\&quot;title\&quot;:\&quot;GC最小值\&quot;,\&quot;value\&quot;:\&quot;1.0\&quot;,\&quot;unit\&quot;:\&quot;ms\&quot;},{\&quot;title\&quot;:\&quot;GC次数\&quot;,\&quot;value\&quot;:\&quot;5\&quot;}]}&quot;},{&quot;x&quot;:1483418280000,&quot;y&quot;:1.8,&quot;tooltip&quot;:&quot;{\&quot;title\&quot;:\&quot;01-03 12:38--01-03 12:40\&quot;,\&quot;data\&quot;:[{\&quot;title\&quot;:\&quot;GC平均值\&quot;,\&quot;value\&quot;:\&quot;1.8\&quot;,\&quot;unit\&quot;:\&quot;ms\&quot;},{\&quot;title\&quot;:\&quot;GC最大值\&quot;,\&quot;value\&quot;:\&quot;3.0\&quot;,\&quot;unit\&quot;:\&quot;ms\&quot;},{\&quot;title\&quot;:\&quot;GC最小值\&quot;,\&quot;value\&quot;:\&quot;1.0\&quot;,\&quot;unit\&quot;:\&quot;ms\&quot;},{\&quot;title\&quot;:\&quot;GC次数\&quot;,\&quot;value\&quot;:\&quot;10\&quot;}]}&quot;},{&quot;x&quot;:1483418400000,&quot;y&quot;:2.0,&quot;tooltip&quot;:&quot;{\&quot;title\&quot;:\&quot;01-03 12:40--01-03 12:42\&quot;,\&quot;data\&quot;:[{\&quot;title\&quot;:\&quot;GC平均值\&quot;,\&quot;value\&quot;:\&quot;2.0\&quot;,\&quot;unit\&quot;:\&quot;ms\&quot;},{\&quot;title\&quot;:\&quot;GC最大值\&quot;,\&quot;value\&quot;:\&quot;3.0\&quot;,\&quot;unit\&quot;:\&quot;ms\&quot;},{\&quot;title\&quot;:\&quot;GC最小值\&quot;,\&quot;value\&quot;:\&quot;1.0\&quot;,\&quot;unit\&quot;:\&quot;ms\&quot;},{\&quot;title\&quot;:\&quot;GC次数\&quot;,\&quot;value\&quot;:\&quot;4\&quot;}]}&quot;},{&quot;x&quot;:1483418520000,&quot;y&quot;:1.8,&quot;tooltip&quot;:&quot;{\&quot;title\&quot;:\&quot;01-03 12:42--01-03 12:44\&quot;,\&quot;data\&quot;:[{\&quot;title\&quot;:\&quot;GC平均值\&quot;,\&quot;value\&quot;:\&quot;1.8\&quot;,\&quot;unit\&quot;:\&quot;ms\&quot;},{\&quot;title\&quot;:\&quot;GC最大值\&quot;,\&quot;value\&quot;:\&quot;3.0\&quot;,\&quot;unit\&quot;:\&quot;ms\&quot;},{\&quot;title\&quot;:\&quot;GC最小值\&quot;,\&quot;value\&quot;:\&quot;1.0\&quot;,\&quot;unit\&quot;:\&quot;ms\&quot;},{\&quot;title\&quot;:\&quot;GC次数\&quot;,\&quot;value\&quot;:\&quot;5\&quot;}]}&quot;},{&quot;x&quot;:1483418640000,&quot;y&quot;:1.9,&quot;tooltip&quot;:&quot;{\&quot;title\&quot;:\&quot;01-03 12:44--01-03 12:46\&quot;,\&quot;data\&quot;:[{\&quot;title\&quot;:\&quot;GC平均值\&quot;,\&quot;value\&quot;:\&quot;1.9\&quot;,\&quot;unit\&quot;:\&quot;ms\&quot;},{\&quot;title\&quot;:\&quot;GC最大值\&quot;,\&quot;value\&quot;:\&quot;3.0\&quot;,\&quot;unit\&quot;:\&quot;ms\&quot;},{\&quot;title\&quot;:\&quot;GC最小值\&quot;,\&quot;value\&quot;:\&quot;1.0\&quot;,\&quot;unit\&quot;:\&quot;ms\&quot;},{\&quot;title\&quot;:\&quot;GC次数\&quot;,\&quot;value\&quot;:\&quot;9\&quot;}]}&quot;},{&quot;x&quot;:1483418760000,&quot;y&quot;:2.0,&quot;tooltip&quot;:&quot;{\&quot;title\&quot;:\&quot;01-03 12:46--01-03 12:48\&quot;,\&quot;data\&quot;:[{\&quot;title\&quot;:\&quot;GC平均值\&quot;,\&quot;value\&quot;:\&quot;2.0\&quot;,\&quot;unit\&quot;:\&quot;ms\&quot;},{\&quot;title\&quot;:\&quot;GC最大值\&quot;,\&quot;value\&quot;:\&quot;3.0\&quot;,\&quot;unit\&quot;:\&quot;ms\&quot;},{\&quot;title\&quot;:\&quot;GC最小值\&quot;,\&quot;value\&quot;:\&quot;1.0\&quot;,\&quot;unit\&quot;:\&quot;ms\&quot;},{\&quot;title\&quot;:\&quot;GC次数\&quot;,\&quot;value\&quot;:\&quot;4\&quot;}]}&quot;},{&quot;x&quot;:1483418880000,&quot;y&quot;:2.0,&quot;tooltip&quot;:&quot;{\&quot;title\&quot;:\&quot;01-03 12:48--01-03 12:50\&quot;,\&quot;data\&quot;:[{\&quot;title\&quot;:\&quot;GC平均值\&quot;,\&quot;value\&quot;:\&quot;2.0\&quot;,\&quot;unit\&quot;:\&quot;ms\&quot;},{\&quot;title\&quot;:\&quot;GC最大值\&quot;,\&quot;value\&quot;:\&quot;3.0\&quot;,\&quot;unit\&quot;:\&quot;ms\&quot;},{\&quot;title\&quot;:\&quot;GC最小值\&quot;,\&quot;value\&quot;:\&quot;1.0\&quot;,\&quot;unit\&quot;:\&quot;ms\&quot;},{\&quot;title\&quot;:\&quot;GC次数\&quot;,\&quot;value\&quot;:\&quot;4\&quot;}]}&quot;},{&quot;x&quot;:1483419000000,&quot;y&quot;:2.0,&quot;tooltip&quot;:&quot;{\&quot;title\&quot;:\&quot;01-03 12:50--01-03 12:52\&quot;,\&quot;data\&quot;:[{\&quot;title\&quot;:\&quot;GC平均值\&quot;,\&quot;value\&quot;:\&quot;2.0\&quot;,\&quot;unit\&quot;:\&quot;ms\&quot;},{\&quot;title\&quot;:\&quot;GC最大值\&quot;,\&quot;value\&quot;:\&quot;3.0\&quot;,\&quot;unit\&quot;:\&quot;ms\&quot;},{\&quot;title\&quot;:\&quot;GC最小值\&quot;,\&quot;value\&quot;:\&quot;1.0\&quot;,\&quot;unit\&quot;:\&quot;ms\&quot;},{\&quot;title\&quot;:\&quot;GC次数\&quot;,\&quot;value\&quot;:\&quot;8\&quot;}]}&quot;},{&quot;x&quot;:1483419120000,&quot;y&quot;:2.0,&quot;tooltip&quot;:&quot;{\&quot;title\&quot;:\&quot;01-03 12:52--01-03 12:54\&quot;,\&quot;data\&quot;:[{\&quot;title\&quot;:\&quot;GC平均值\&quot;,\&quot;value\&quot;:\&quot;2.0\&quot;,\&quot;unit\&quot;:\&quot;ms\&quot;},{\&quot;title\&quot;:\&quot;GC最大值\&quot;,\&quot;value\&quot;:\&quot;3.0\&quot;,\&quot;unit\&quot;:\&quot;ms\&quot;},{\&quot;title\&quot;:\&quot;GC最小值\&quot;,\&quot;value\&quot;:\&quot;1.0\&quot;,\&quot;unit\&quot;:\&quot;ms\&quot;},{\&quot;title\&quot;:\&quot;GC次数\&quot;,\&quot;value\&quot;:\&quot;4\&quot;}]}&quot;},{&quot;x&quot;:1483419240000,&quot;y&quot;:1.8,&quot;tooltip&quot;:&quot;{\&quot;title\&quot;:\&quot;01-03 12:54--01-03 12:56\&quot;,\&quot;data\&quot;:[{\&quot;title\&quot;:\&quot;GC平均值\&quot;,\&quot;value\&quot;:\&quot;1.8\&quot;,\&quot;unit\&quot;:\&quot;ms\&quot;},{\&quot;title\&quot;:\&quot;GC最大值\&quot;,\&quot;value\&quot;:\&quot;3.0\&quot;,\&quot;unit\&quot;:\&quot;ms\&quot;},{\&quot;title\&quot;:\&quot;GC最小值\&quot;,\&quot;value\&quot;:\&quot;1.0\&quot;,\&quot;unit\&quot;:\&quot;ms\&quot;},{\&quot;title\&quot;:\&quot;GC次数\&quot;,\&quot;value\&quot;:\&quot;5\&quot;}]}&quot;},{&quot;x&quot;:1483419360000,&quot;y&quot;:1.8,&quot;tooltip&quot;:&quot;{\&quot;title\&quot;:\&quot;01-03 12:56--01-03 12:58\&quot;,\&quot;data\&quot;:[{\&quot;title\&quot;:\&quot;GC平均值\&quot;,\&quot;value\&quot;:\&quot;1.8\&quot;,\&quot;unit\&quot;:\&quot;ms\&quot;},{\&quot;title\&quot;:\&quot;GC最大值\&quot;,\&quot;value\&quot;:\&quot;3.0\&quot;,\&quot;unit\&quot;:\&quot;ms\&quot;},{\&quot;title\&quot;:\&quot;GC最小值\&quot;,\&quot;value\&quot;:\&quot;1.0\&quot;,\&quot;unit\&quot;:\&quot;ms\&quot;},{\&quot;title\&quot;:\&quot;GC次数\&quot;,\&quot;value\&quot;:\&quot;10\&quot;}]}&quot;},{&quot;x&quot;:1483419480000,&quot;y&quot;:2.0,&quot;tooltip&quot;:&quot;{\&quot;title\&quot;:\&quot;01-03 12:58--01-03 13:00\&quot;,\&quot;data\&quot;:[{\&quot;title\&quot;:\&quot;GC平均值\&quot;,\&quot;value\&quot;:\&quot;2.0\&quot;,\&quot;unit\&quot;:\&quot;ms\&quot;},{\&quot;title\&quot;:\&quot;GC最大值\&quot;,\&quot;value\&quot;:\&quot;3.0\&quot;,\&quot;unit\&quot;:\&quot;ms\&quot;},{\&quot;title\&quot;:\&quot;GC最小值\&quot;,\&quot;value\&quot;:\&quot;1.0\&quot;,\&quot;unit\&quot;:\&quot;ms\&quot;},{\&quot;title\&quot;:\&quot;GC次数\&quot;,\&quot;value\&quot;:\&quot;4\&quot;}]}&quot;},{&quot;x&quot;:1483419600000,&quot;y&quot;:2.0,&quot;tooltip&quot;:&quot;{\&quot;title\&quot;:\&quot;01-03 13:00--01-03 13:02\&quot;,\&quot;data\&quot;:[{\&quot;title\&quot;:\&quot;GC平均值\&quot;,\&quot;value\&quot;:\&quot;2.0\&quot;,\&quot;unit\&quot;:\&quot;ms\&quot;},{\&quot;title\&quot;:\&quot;GC最大值\&quot;,\&quot;value\&quot;:\&quot;3.0\&quot;,\&quot;unit\&quot;:\&quot;ms\&quot;},{\&quot;title\&quot;:\&quot;GC最小值\&quot;,\&quot;value\&quot;:\&quot;1.0\&quot;,\&quot;unit\&quot;:\&quot;ms\&quot;},{\&quot;title\&quot;:\&quot;GC次数\&quot;,\&quot;value\&quot;:\&quot;4\&quot;}]}&quot;},{&quot;x&quot;:1483419720000,&quot;y&quot;:1.9,&quot;tooltip&quot;:&quot;{\&quot;title\&quot;:\&quot;01-03 13:02--01-03 13:04\&quot;,\&quot;data\&quot;:[{\&quot;title\&quot;:\&quot;GC平均值\&quot;,\&quot;value\&quot;:\&quot;1.9\&quot;,\&quot;unit\&quot;:\&quot;ms\&quot;},{\&quot;title\&quot;:\&quot;GC最大值\&quot;,\&quot;value\&quot;:\&quot;3.0\&quot;,\&quot;unit\&quot;:\&quot;ms\&quot;},{\&quot;title\&quot;:\&quot;GC最小值\&quot;,\&quot;value\&quot;:\&quot;1.0\&quot;,\&quot;unit\&quot;:\&quot;ms\&quot;},{\&quot;title\&quot;:\&quot;GC次数\&quot;,\&quot;value\&quot;:\&quot;9\&quot;}]}&quot;},{&quot;x&quot;:1483419840000,&quot;y&quot;:2.0,&quot;tooltip&quot;:&quot;{\&quot;title\&quot;:\&quot;01-03 13:04--01-03 13:06\&quot;,\&quot;data\&quot;:[{\&quot;title\&quot;:\&quot;GC平均值\&quot;,\&quot;value\&quot;:\&quot;2.0\&quot;,\&quot;unit\&quot;:\&quot;ms\&quot;},{\&quot;title\&quot;:\&quot;GC最大值\&quot;,\&quot;value\&quot;:\&quot;3.0\&quot;,\&quot;unit\&quot;:\&quot;ms\&quot;},{\&quot;title\&quot;:\&quot;GC最小值\&quot;,\&quot;value\&quot;:\&quot;1.0\&quot;,\&quot;unit\&quot;:\&quot;ms\&quot;},{\&quot;title\&quot;:\&quot;GC次数\&quot;,\&quot;value\&quot;:\&quot;4\&quot;}]}&quot;},{&quot;x&quot;:1483419960000,&quot;y&quot;:1.8,&quot;tooltip&quot;:&quot;{\&quot;title\&quot;:\&quot;01-03 13:06--01-03 13:08\&quot;,\&quot;data\&quot;:[{\&quot;title\&quot;:\&quot;GC平均值\&quot;,\&quot;value\&quot;:\&quot;1.8\&quot;,\&quot;unit\&quot;:\&quot;ms\&quot;},{\&quot;title\&quot;:\&quot;GC最大值\&quot;,\&quot;value\&quot;:\&quot;3.0\&quot;,\&quot;unit\&quot;:\&quot;ms\&quot;},{\&quot;title\&quot;:\&quot;GC最小值\&quot;,\&quot;value\&quot;:\&quot;1.0\&quot;,\&quot;unit\&quot;:\&quot;ms\&quot;},{\&quot;title\&quot;:\&quot;GC次数\&quot;,\&quot;value\&quot;:\&quot;5\&quot;}]}&quot;},{&quot;x&quot;:1483420080000,&quot;y&quot;:1.9,&quot;tooltip&quot;:&quot;{\&quot;title\&quot;:\&quot;01-03 13:08--01-03 13:10\&quot;,\&quot;data\&quot;:[{\&quot;title\&quot;:\&quot;GC平均值\&quot;,\&quot;value\&quot;:\&quot;1.9\&quot;,\&quot;unit\&quot;:\&quot;ms\&quot;},{\&quot;title\&quot;:\&quot;GC最大值\&quot;,\&quot;value\&quot;:\&quot;3.0\&quot;,\&quot;unit\&quot;:\&quot;ms\&quot;},{\&quot;title\&quot;:\&quot;GC最小值\&quot;,\&quot;value\&quot;:\&quot;1.0\&quot;,\&quot;unit\&quot;:\&quot;ms\&quot;},{\&quot;title\&quot;:\&quot;GC次数\&quot;,\&quot;value\&quot;:\&quot;9\&quot;}]}&quot;},{&quot;x&quot;:1483420200000,&quot;y&quot;:1.8,&quot;tooltip&quot;:&quot;{\&quot;title\&quot;:\&quot;01-03 13:10--01-03 13:12\&quot;,\&quot;data\&quot;:[{\&quot;title\&quot;:\&quot;GC平均值\&quot;,\&quot;value\&quot;:\&quot;1.8\&quot;,\&quot;unit\&quot;:\&quot;ms\&quot;},{\&quot;title\&quot;:\&quot;GC最大值\&quot;,\&quot;value\&quot;:\&quot;3.0\&quot;,\&quot;unit\&quot;:\&quot;ms\&quot;},{\&quot;title\&quot;:\&quot;GC最小值\&quot;,\&quot;value\&quot;:\&quot;1.0\&quot;,\&quot;unit\&quot;:\&quot;ms\&quot;},{\&quot;title\&quot;:\&quot;GC次数\&quot;,\&quot;value\&quot;:\&quot;5\&quot;}]}&quot;},{&quot;x&quot;:1483420320000,&quot;y&quot;:2.0,&quot;tooltip&quot;:&quot;{\&quot;title\&quot;:\&quot;01-03 13:12--01-03 13:14\&quot;,\&quot;data\&quot;:[{\&quot;title\&quot;:\&quot;GC平均值\&quot;,\&quot;value\&quot;:\&quot;2.0\&quot;,\&quot;unit\&quot;:\&quot;ms\&quot;},{\&quot;title\&quot;:\&quot;GC最大值\&quot;,\&quot;value\&quot;:\&quot;3.0\&quot;,\&quot;unit\&quot;:\&quot;ms\&quot;},{\&quot;title\&quot;:\&quot;GC最小值\&quot;,\&quot;value\&quot;:\&quot;1.0\&quot;,\&quot;unit\&quot;:\&quot;ms\&quot;},{\&quot;title\&quot;:\&quot;GC次数\&quot;,\&quot;value\&quot;:\&quot;4\&quot;}]}&quot;},{&quot;x&quot;:1483420440000,&quot;y&quot;:2.0,&quot;tooltip&quot;:&quot;{\&quot;title\&quot;:\&quot;01-03 13:14--01-03 13:16\&quot;,\&quot;data\&quot;:[{\&quot;title\&quot;:\&quot;GC平均值\&quot;,\&quot;value\&quot;:\&quot;2.0\&quot;,\&quot;unit\&quot;:\&quot;ms\&quot;},{\&quot;title\&quot;:\&quot;GC最大值\&quot;,\&quot;value\&quot;:\&quot;3.0\&quot;,\&quot;unit\&quot;:\&quot;ms\&quot;},{\&quot;title\&quot;:\&quot;GC最小值\&quot;,\&quot;value\&quot;:\&quot;1.0\&quot;,\&quot;unit\&quot;:\&quot;ms\&quot;},{\&quot;title\&quot;:\&quot;GC次数\&quot;,\&quot;value\&quot;:\&quot;8\&quot;}]}&quot;},{&quot;x&quot;:1483420560000,&quot;y&quot;:1.8,&quot;tooltip&quot;:&quot;{\&quot;title\&quot;:\&quot;01-03 13:16--01-03 13:18\&quot;,\&quot;data\&quot;:[{\&quot;title\&quot;:\&quot;GC平均值\&quot;,\&quot;value\&quot;:\&quot;1.8\&quot;,\&quot;unit\&quot;:\&quot;ms\&quot;},{\&quot;title\&quot;:\&quot;GC最大值\&quot;,\&quot;value\&quot;:\&quot;3.0\&quot;,\&quot;unit\&quot;:\&quot;ms\&quot;},{\&quot;title\&quot;:\&quot;GC最小值\&quot;,\&quot;value\&quot;:\&quot;1.0\&quot;,\&quot;unit\&quot;:\&quot;ms\&quot;},{\&quot;title\&quot;:\&quot;GC次数\&quot;,\&quot;value\&quot;:\&quot;5\&quot;}]}&quot;},{&quot;x&quot;:1483420680000,&quot;y&quot;:2.0,&quot;tooltip&quot;:&quot;{\&quot;title\&quot;:\&quot;01-03 13:18--01-03 13:20\&quot;,\&quot;data\&quot;:[{\&quot;title\&quot;:\&quot;GC平均值\&quot;,\&quot;value\&quot;:\&quot;2.0\&quot;,\&quot;unit\&quot;:\&quot;ms\&quot;},{\&quot;title\&quot;:\&quot;GC最大值\&quot;,\&quot;value\&quot;:\&quot;3.0\&quot;,\&quot;unit\&quot;:\&quot;ms\&quot;},{\&quot;title\&quot;:\&quot;GC最小值\&quot;,\&quot;value\&quot;:\&quot;1.0\&quot;,\&quot;unit\&quot;:\&quot;ms\&quot;},{\&quot;title\&quot;:\&quot;GC次数\&quot;,\&quot;value\&quot;:\&quot;4\&quot;}]}&quot;},{&quot;x&quot;:1483420800000,&quot;y&quot;:2.0,&quot;tooltip&quot;:&quot;{\&quot;title\&quot;:\&quot;01-03 13:20--01-03 13:22\&quot;,\&quot;data\&quot;:[{\&quot;title\&quot;:\&quot;GC平均值\&quot;,\&quot;value\&quot;:\&quot;2.0\&quot;,\&quot;unit\&quot;:\&quot;ms\&quot;},{\&quot;title\&quot;:\&quot;GC最大值\&quot;,\&quot;value\&quot;:\&quot;3.0\&quot;,\&quot;unit\&quot;:\&quot;ms\&quot;},{\&quot;title\&quot;:\&quot;GC最小值\&quot;,\&quot;value\&quot;:\&quot;1.0\&quot;,\&quot;unit\&quot;:\&quot;ms\&quot;},{\&quot;title\&quot;:\&quot;GC次数\&quot;,\&quot;value\&quot;:\&quot;8\&quot;}]}&quot;},{&quot;x&quot;:1483420920000,&quot;y&quot;:2.0,&quot;tooltip&quot;:&quot;{\&quot;title\&quot;:\&quot;01-03 13:22--01-03 13:24\&quot;,\&quot;data\&quot;:[{\&quot;title\&quot;:\&quot;GC平均值\&quot;,\&quot;value\&quot;:\&quot;2.0\&quot;,\&quot;unit\&quot;:\&quot;ms\&quot;},{\&quot;title\&quot;:\&quot;GC最大值\&quot;,\&quot;value\&quot;:\&quot;3.0\&quot;,\&quot;unit\&quot;:\&quot;ms\&quot;},{\&quot;title\&quot;:\&quot;GC最小值\&quot;,\&quot;value\&quot;:\&quot;1.0\&quot;,\&quot;unit\&quot;:\&quot;ms\&quot;},{\&quot;title\&quot;:\&quot;GC次数\&quot;,\&quot;value\&quot;:\&quot;4\&quot;}]}&quot;},{&quot;x&quot;:1483421040000,&quot;y&quot;:2.0,&quot;tooltip&quot;:&quot;{\&quot;title\&quot;:\&quot;01-03 13:24--01-03 13:26\&quot;,\&quot;data\&quot;:[{\&quot;title\&quot;:\&quot;GC平均值\&quot;,\&quot;value\&quot;:\&quot;2.0\&quot;,\&quot;unit\&quot;:\&quot;ms\&quot;},{\&quot;title\&quot;:\&quot;GC最大值\&quot;,\&quot;value\&quot;:\&quot;3.0\&quot;,\&quot;unit\&quot;:\&quot;ms\&quot;},{\&quot;title\&quot;:\&quot;GC最小值\&quot;,\&quot;value\&quot;:\&quot;1.0\&quot;,\&quot;unit\&quot;:\&quot;ms\&quot;},{\&quot;title\&quot;:\&quot;GC次数\&quot;,\&quot;value\&quot;:\&quot;4\&quot;}]}&quot;},{&quot;x&quot;:1483421160000,&quot;y&quot;:2.0,&quot;tooltip&quot;:&quot;{\&quot;title\&quot;:\&quot;01-03 13:26--01-03 13:28\&quot;,\&quot;data\&quot;:[{\&quot;title\&quot;:\&quot;GC平均值\&quot;,\&quot;value\&quot;:\&quot;2.0\&quot;,\&quot;unit\&quot;:\&quot;ms\&quot;},{\&quot;title\&quot;:\&quot;GC最大值\&quot;,\&quot;value\&quot;:\&quot;3.0\&quot;,\&quot;unit\&quot;:\&quot;ms\&quot;},{\&quot;title\&quot;:\&quot;GC最小值\&quot;,\&quot;value\&quot;:\&quot;1.0\&quot;,\&quot;unit\&quot;:\&quot;ms\&quot;},{\&quot;title\&quot;:\&quot;GC次数\&quot;,\&quot;value\&quot;:\&quot;8\&quot;}]}&quot;},{&quot;x&quot;:1483421280000,&quot;y&quot;:1.8,&quot;tooltip&quot;:&quot;{\&quot;title\&quot;:\&quot;01-03 13:28--01-03 13:30\&quot;,\&quot;data\&quot;:[{\&quot;title\&quot;:\&quot;GC平均值\&quot;,\&quot;value\&quot;:\&quot;1.8\&quot;,\&quot;unit\&quot;:\&quot;ms\&quot;},{\&quot;title\&quot;:\&quot;GC最大值\&quot;,\&quot;value\&quot;:\&quot;3.0\&quot;,\&quot;unit\&quot;:\&quot;ms\&quot;},{\&quot;title\&quot;:\&quot;GC最小值\&quot;,\&quot;value\&quot;:\&quot;1.0\&quot;,\&quot;unit\&quot;:\&quot;ms\&quot;},{\&quot;title\&quot;:\&quot;GC次数\&quot;,\&quot;value\&quot;:\&quot;5\&quot;}]}&quot;}],&quot;params&quot;:&quot;226&quot;,&quot;yaxis&quot;:1,&quot;yAxis&quot;:1}],&quot;xAxis&quot;:[{&quot;dateTimeLabelFormats&quot;:{&quot;millisecond&quot;:&quot;%H:%M&quot;,&quot;second&quot;:&quot;%H:%M&quot;,&quot;minute&quot;:&quot;%H:%M&quot;,&quot;hour&quot;:&quot;%H:%M&quot;,&quot;day&quot;:&quot;%H:%M&quot;,&quot;week&quot;:&quot;%H:%M&quot;,&quot;month&quot;:&quot;%H:%M&quot;,&quot;year&quot;:&quot;%H:%M&quot;},&quot;gridLineColor&quot;:&quot;#c0c0c0&quot;,&quot;gridLineDashStyle&quot;:&quot;ShortDot&quot;,&quot;gridLineWidth&quot;:1,&quot;labels&quot;:{&quot;color&quot;:&quot;#000000&quot;},&quot;minTickInterval&quot;:60000,&quot;tickColor&quot;:&quot;#000000&quot;,&quot;title&quot;:{&quot;style&quot;:{&quot;color&quot;:&quot;#000000&quot;},&quot;text&quot;:null},&quot;type&quot;:&quot;datetime&quot;}],&quot;yAxis&quot;:[{&quot;gridLineColor&quot;:&quot;#c0c0c0&quot;,&quot;gridLineDashStyle&quot;:&quot;ShortDot&quot;,&quot;gridLineWidth&quot;:1,&quot;labels&quot;:{&quot;color&quot;:&quot;#000000&quot;},&quot;min&quot;:0.0,&quot;tickColor&quot;:&quot;#000000&quot;,&quot;title&quot;:{&quot;style&quot;:{&quot;color&quot;:&quot;#000000&quot;},&quot;text&quot;:null}},{&quot;gridLineColor&quot;:&quot;#c0c0c0&quot;,&quot;gridLineDashStyle&quot;:&quot;ShortDot&quot;,&quot;gridLineWidth&quot;:1,&quot;labels&quot;:{&quot;color&quot;:&quot;#000000&quot;},&quot;min&quot;:0.0,&quot;opposite&quot;:true,&quot;tickColor&quot;:&quot;#000000&quot;,&quot;title&quot;:{&quot;style&quot;:{&quot;color&quot;:&quot;#000000&quot;},&quot;text&quot;:null},&quot;tickUnit&quot;:&quot;ms&quot;},{&quot;gridLineColor&quot;:&quot;#c0c0c0&quot;,&quot;gridLineDashStyle&quot;:&quot;ShortDot&quot;,&quot;gridLineWidth&quot;:1,&quot;labels&quot;:{&quot;color&quot;:&quot;#000000&quot;},&quot;min&quot;:0.0,&quot;opposite&quot;:true,&quot;tickColor&quot;:&quot;#000000&quot;,&quot;title&quot;:{&quot;style&quot;:{&quot;color&quot;:&quot;#000000&quot;},&quot;text&quot;:null},&quot;tickUnit&quot;:&quot;ms&quot;}]}
--getCharBean--Unrecognized field &quot;yaxis&quot; (Class com.tingyun.chart.bean.Series), not marked as ignorable
 at [Source: java.io.StringReader@272ed83b; line: 1, column: 18239] (through reference chain: com.tingyun.chart.bean.ChartBean[&quot;series&quot;]-&gt;com.tingyun.chart.bean.Series[&quot;yaxis&quot;])
=======result===end=====
ChartTestInput [userName=sina, password=1, chartid=go-gc, chartUrl=null, params={vm_id=424, timePeriod=60, timeType=2, endTime=2017-01-03 13:30, applicationId=127050}]
sql=  select sum(gc_time_total) as gc_time,FROM_UNIXTIME((24723630 +floor(floor((timestamp-2106990)/2))*2)*60) as tmTick  from NL_VM_GO_GC	 where  timestamp &gt;= 2106990 AND timestamp &lt; 2107050 and vm_id = 424 and count &gt; 0	 group by tmTick order by tmTick asc
</system-out>
  </testcase>
  <testcase classname="com.tingyun.chart.go.testcase.GoGcChartTest" name="test_1D" time="4.335">
    <error type="java.lang.NullPointerException">java.lang.NullPointerException
	at com.tingyun.chart.go.testcase.GoGcChartTest.queryByEndtimeAndTimePeriod(GoGcChartTest.java:73)
	at com.tingyun.chart.go.testcase.GoGcChartTest.test_1D(GoGcChartTest.java:47)
	at sun.reflect.NativeMethodAccessorImpl.invoke0(Native Method)
	at sun.reflect.NativeMethodAccessorImpl.invoke(NativeMethodAccessorImpl.java:62)
	at sun.reflect.DelegatingMethodAccessorImpl.invoke(DelegatingMethodAccessorImpl.java:43)
	at java.lang.reflect.Method.invoke(Method.java:498)
	at org.junit.runners.model.FrameworkMethod$1.runReflectiveCall(FrameworkMethod.java:44)
	at org.junit.internal.runners.model.ReflectiveCallable.run(ReflectiveCallable.java:15)
	at org.junit.runners.model.FrameworkMethod.invokeExplosively(FrameworkMethod.java:41)
	at org.junit.internal.runners.statements.InvokeMethod.evaluate(InvokeMethod.java:20)
	at org.junit.runners.ParentRunner.runLeaf(ParentRunner.java:263)
	at org.junit.runners.BlockJUnit4ClassRunner.runChild(BlockJUnit4ClassRunner.java:69)
	at org.junit.runners.BlockJUnit4ClassRunner.runChild(BlockJUnit4ClassRunner.java:48)
	at org.junit.runners.ParentRunner$3.run(ParentRunner.java:231)
	at org.junit.runners.ParentRunner$1.schedule(ParentRunner.java:60)
	at org.junit.runners.ParentRunner.runChildren(ParentRunner.java:229)
	at org.junit.runners.ParentRunner.access$000(ParentRunner.java:50)
	at org.junit.runners.ParentRunner$2.evaluate(ParentRunner.java:222)
	at org.junit.runners.ParentRunner.run(ParentRunner.java:292)
	at org.apache.maven.surefire.junit4.JUnit4TestSet.execute(JUnit4TestSet.java:59)
	at org.apache.maven.surefire.suite.AbstractDirectoryTestSuite.executeTestSet(AbstractDirectoryTestSuite.java:115)
	at org.apache.maven.surefire.suite.AbstractDirectoryTestSuite.execute(AbstractDirectoryTestSuite.java:102)
	at org.apache.maven.surefire.Surefire.run(Surefire.java:180)
	at sun.reflect.NativeMethodAccessorImpl.invoke0(Native Method)
	at sun.reflect.NativeMethodAccessorImpl.invoke(NativeMethodAccessorImpl.java:62)
	at sun.reflect.DelegatingMethodAccessorImpl.invoke(DelegatingMethodAccessorImpl.java:43)
	at java.lang.reflect.Method.invoke(Method.java:498)
	at org.apache.maven.surefire.booter.SurefireBooter.runSuitesInProcess(SurefireBooter.java:350)
	at org.apache.maven.surefire.booter.SurefireBooter.main(SurefireBooter.java:1021)
</error>
    <system-out>begin login
D:\projects\tingyun-chart-test
save snapshot path is:D:\projects\tingyun-chart-test;open_server.png
screen shot finished
end login
=======result==begin====
executing request http://www.ty.com/server/highcharts-chart-data/LATEST/accounts/applications/charts/go-gc.json
StatusCode=200
{&quot;chart&quot;:{&quot;backgroundColor&quot;:&quot;#ffffff&quot;,&quot;width&quot;:375,&quot;height&quot;:300,&quot;plotBackgroundColor&quot;:&quot;#ffffff&quot;,&quot;plotBorderColor&quot;:&quot;#575757&quot;,&quot;plotBorderWidth&quot;:1,&quot;spacingTop&quot;:15,&quot;spacingBottom&quot;:10,&quot;spacingLeft&quot;:15,&quot;spacingRight&quot;:10},&quot;legend&quot;:{&quot;align&quot;:&quot;center&quot;,&quot;verticalAlign&quot;:&quot;bottom&quot;},&quot;series&quot;:[{&quot;name&quot;:&quot;GC次数&quot;,&quot;type&quot;:&quot;column&quot;,&quot;color&quot;:&quot;#3598db&quot;,&quot;data&quot;:[{&quot;x&quot;:1483412400000,&quot;y&quot;:39,&quot;tooltip&quot;:&quot;{\&quot;title\&quot;:\&quot;01-03 11:00--01-03 12:00\&quot;,\&quot;data\&quot;:[{\&quot;title\&quot;:\&quot;GC次数\&quot;,\&quot;value\&quot;:\&quot;39\&quot;},{\&quot;title\&quot;:\&quot;GC最大值\&quot;,\&quot;value\&quot;:\&quot;3.0\&quot;,\&quot;unit\&quot;:\&quot;ms\&quot;},{\&quot;title\&quot;:\&quot;GC最小值\&quot;,\&quot;value\&quot;:\&quot;0.0\&quot;,\&quot;unit\&quot;:\&quot;ms\&quot;},{\&quot;title\&quot;:\&quot;GC平均值\&quot;,\&quot;value\&quot;:\&quot;2.0\&quot;,\&quot;unit\&quot;:\&quot;ms\&quot;}]}&quot;},{&quot;x&quot;:1483416000000,&quot;y&quot;:120,&quot;tooltip&quot;:&quot;{\&quot;title\&quot;:\&quot;01-03 12:00--01-03 13:00\&quot;,\&quot;data\&quot;:[{\&quot;title\&quot;:\&quot;GC次数\&quot;,\&quot;value\&quot;:\&quot;120\&quot;},{\&quot;title\&quot;:\&quot;GC最大值\&quot;,\&quot;value\&quot;:\&quot;3.0\&quot;,\&quot;unit\&quot;:\&quot;ms\&quot;},{\&quot;title\&quot;:\&quot;GC最小值\&quot;,\&quot;value\&quot;:\&quot;0.0\&quot;,\&quot;unit\&quot;:\&quot;ms\&quot;},{\&quot;title\&quot;:\&quot;GC平均值\&quot;,\&quot;value\&quot;:\&quot;2.0\&quot;,\&quot;unit\&quot;:\&quot;ms\&quot;}]}&quot;}],&quot;params&quot;:&quot;223&quot;,&quot;marker&quot;:{&quot;symbol&quot;:&quot;circle&quot;,&quot;radius&quot;:4}},{&quot;name&quot;:&quot;GC最大值&quot;,&quot;type&quot;:&quot;line&quot;,&quot;color&quot;:&quot;#01cdce&quot;,&quot;data&quot;:[{&quot;x&quot;:1483412400000,&quot;y&quot;:3.0,&quot;tooltip&quot;:&quot;{\&quot;title\&quot;:\&quot;01-03 11:00--01-03 12:00\&quot;,\&quot;data\&quot;:[{\&quot;title\&quot;:\&quot;GC最大值\&quot;,\&quot;value\&quot;:\&quot;3.0\&quot;,\&quot;unit\&quot;:\&quot;ms\&quot;},{\&quot;title\&quot;:\&quot;GC最小值\&quot;,\&quot;value\&quot;:\&quot;0.0\&quot;,\&quot;unit\&quot;:\&quot;ms\&quot;},{\&quot;title\&quot;:\&quot;GC平均值\&quot;,\&quot;value\&quot;:\&quot;2.0\&quot;,\&quot;unit\&quot;:\&quot;ms\&quot;},{\&quot;title\&quot;:\&quot;GC次数\&quot;,\&quot;value\&quot;:\&quot;39\&quot;}]}&quot;},{&quot;x&quot;:1483416000000,&quot;y&quot;:3.0,&quot;tooltip&quot;:&quot;{\&quot;title\&quot;:\&quot;01-03 12:00--01-03 13:00\&quot;,\&quot;data\&quot;:[{\&quot;title\&quot;:\&quot;GC最大值\&quot;,\&quot;value\&quot;:\&quot;3.0\&quot;,\&quot;unit\&quot;:\&quot;ms\&quot;},{\&quot;title\&quot;:\&quot;GC最小值\&quot;,\&quot;value\&quot;:\&quot;0.0\&quot;,\&quot;unit\&quot;:\&quot;ms\&quot;},{\&quot;title\&quot;:\&quot;GC平均值\&quot;,\&quot;value\&quot;:\&quot;2.0\&quot;,\&quot;unit\&quot;:\&quot;ms\&quot;},{\&quot;title\&quot;:\&quot;GC次数\&quot;,\&quot;value\&quot;:\&quot;120\&quot;}]}&quot;}],&quot;params&quot;:&quot;224&quot;,&quot;yaxis&quot;:1,&quot;yAxis&quot;:1},{&quot;name&quot;:&quot;GC平均值&quot;,&quot;type&quot;:&quot;line&quot;,&quot;color&quot;:&quot;#826fff&quot;,&quot;data&quot;:[{&quot;x&quot;:1483412400000,&quot;y&quot;:2.0,&quot;tooltip&quot;:&quot;{\&quot;title\&quot;:\&quot;01-03 11:00--01-03 12:00\&quot;,\&quot;data\&quot;:[{\&quot;title\&quot;:\&quot;GC平均值\&quot;,\&quot;value\&quot;:\&quot;2.0\&quot;,\&quot;unit\&quot;:\&quot;ms\&quot;},{\&quot;title\&quot;:\&quot;GC最大值\&quot;,\&quot;value\&quot;:\&quot;3.0\&quot;,\&quot;unit\&quot;:\&quot;ms\&quot;},{\&quot;title\&quot;:\&quot;GC最小值\&quot;,\&quot;value\&quot;:\&quot;0.0\&quot;,\&quot;unit\&quot;:\&quot;ms\&quot;},{\&quot;title\&quot;:\&quot;GC次数\&quot;,\&quot;value\&quot;:\&quot;39\&quot;}]}&quot;},{&quot;x&quot;:1483416000000,&quot;y&quot;:2.0,&quot;tooltip&quot;:&quot;{\&quot;title\&quot;:\&quot;01-03 12:00--01-03 13:00\&quot;,\&quot;data\&quot;:[{\&quot;title\&quot;:\&quot;GC平均值\&quot;,\&quot;value\&quot;:\&quot;2.0\&quot;,\&quot;unit\&quot;:\&quot;ms\&quot;},{\&quot;title\&quot;:\&quot;GC最大值\&quot;,\&quot;value\&quot;:\&quot;3.0\&quot;,\&quot;unit\&quot;:\&quot;ms\&quot;},{\&quot;title\&quot;:\&quot;GC最小值\&quot;,\&quot;value\&quot;:\&quot;0.0\&quot;,\&quot;unit\&quot;:\&quot;ms\&quot;},{\&quot;title\&quot;:\&quot;GC次数\&quot;,\&quot;value\&quot;:\&quot;120\&quot;}]}&quot;}],&quot;params&quot;:&quot;226&quot;,&quot;yaxis&quot;:1,&quot;yAxis&quot;:1}],&quot;xAxis&quot;:[{&quot;dateTimeLabelFormats&quot;:{&quot;millisecond&quot;:&quot;%m-%d&lt;br&gt;%H:%M&quot;,&quot;second&quot;:&quot;%m-%d&lt;br&gt;%H:%M&quot;,&quot;minute&quot;:&quot;%m-%d&lt;br&gt;%H:%M&quot;,&quot;hour&quot;:&quot;%m-%d&lt;br&gt;%H:%M&quot;,&quot;day&quot;:&quot;%m-%d&lt;br&gt;%H:%M&quot;,&quot;week&quot;:&quot;%m-%d&lt;br&gt;%H:%M&quot;,&quot;month&quot;:&quot;%m-%d&lt;br&gt;%H:%M&quot;,&quot;year&quot;:&quot;%m-%d&lt;br&gt;%H:%M&quot;},&quot;gridLineColor&quot;:&quot;#c0c0c0&quot;,&quot;gridLineDashStyle&quot;:&quot;ShortDot&quot;,&quot;gridLineWidth&quot;:1,&quot;labels&quot;:{&quot;color&quot;:&quot;#000000&quot;},&quot;minTickInterval&quot;:60000,&quot;tickColor&quot;:&quot;#000000&quot;,&quot;title&quot;:{&quot;style&quot;:{&quot;color&quot;:&quot;#000000&quot;},&quot;text&quot;:null},&quot;type&quot;:&quot;datetime&quot;}],&quot;yAxis&quot;:[{&quot;gridLineColor&quot;:&quot;#c0c0c0&quot;,&quot;gridLineDashStyle&quot;:&quot;ShortDot&quot;,&quot;gridLineWidth&quot;:1,&quot;labels&quot;:{&quot;color&quot;:&quot;#000000&quot;},&quot;min&quot;:0.0,&quot;tickColor&quot;:&quot;#000000&quot;,&quot;title&quot;:{&quot;style&quot;:{&quot;color&quot;:&quot;#000000&quot;},&quot;text&quot;:null}},{&quot;gridLineColor&quot;:&quot;#c0c0c0&quot;,&quot;gridLineDashStyle&quot;:&quot;ShortDot&quot;,&quot;gridLineWidth&quot;:1,&quot;labels&quot;:{&quot;color&quot;:&quot;#000000&quot;},&quot;min&quot;:0.0,&quot;opposite&quot;:true,&quot;tickColor&quot;:&quot;#000000&quot;,&quot;title&quot;:{&quot;style&quot;:{&quot;color&quot;:&quot;#000000&quot;},&quot;text&quot;:null},&quot;tickUnit&quot;:&quot;ms&quot;},{&quot;gridLineColor&quot;:&quot;#c0c0c0&quot;,&quot;gridLineDashStyle&quot;:&quot;ShortDot&quot;,&quot;gridLineWidth&quot;:1,&quot;labels&quot;:{&quot;color&quot;:&quot;#000000&quot;},&quot;min&quot;:0.0,&quot;opposite&quot;:true,&quot;tickColor&quot;:&quot;#000000&quot;,&quot;title&quot;:{&quot;style&quot;:{&quot;color&quot;:&quot;#000000&quot;},&quot;text&quot;:null},&quot;tickUnit&quot;:&quot;ms&quot;}]}
--getCharBean--Unrecognized field &quot;yaxis&quot; (Class com.tingyun.chart.bean.Series), not marked as ignorable
 at [Source: java.io.StringReader@649bec2e; line: 1, column: 1666] (through reference chain: com.tingyun.chart.bean.ChartBean[&quot;series&quot;]-&gt;com.tingyun.chart.bean.Series[&quot;yaxis&quot;])
=======result===end=====
ChartTestInput [userName=sina, password=1, chartid=go-gc, chartUrl=null, params={vm_id=424, timePeriod=1440, timeType=2, endTime=2017-01-03 13:30, applicationId=127050}]
sql=  select sum(gc_time_total) as gc_time,FROM_UNIXTIME((24722220 +floor(floor((timestamp-2105580)/60))*60)*60) as tmTick  from NL_VM_GO_GC_HOUR	 where  timestamp &gt;= 2105580 AND timestamp &lt; 2107020 and vm_id = 424 and count &gt; 0	 group by tmTick order by tmTick asc
</system-out>
  </testcase>
  <testcase classname="com.tingyun.chart.go.testcase.GoGcChartTest" name="test_15D" time="10.155">
    <error type="java.lang.NullPointerException">java.lang.NullPointerException
	at com.tingyun.chart.go.testcase.GoGcChartTest.queryByEndtimeAndTimePeriod(GoGcChartTest.java:73)
	at com.tingyun.chart.go.testcase.GoGcChartTest.test_15D(GoGcChartTest.java:55)
	at sun.reflect.NativeMethodAccessorImpl.invoke0(Native Method)
	at sun.reflect.NativeMethodAccessorImpl.invoke(NativeMethodAccessorImpl.java:62)
	at sun.reflect.DelegatingMethodAccessorImpl.invoke(DelegatingMethodAccessorImpl.java:43)
	at java.lang.reflect.Method.invoke(Method.java:498)
	at org.junit.runners.model.FrameworkMethod$1.runReflectiveCall(FrameworkMethod.java:44)
	at org.junit.internal.runners.model.ReflectiveCallable.run(ReflectiveCallable.java:15)
	at org.junit.runners.model.FrameworkMethod.invokeExplosively(FrameworkMethod.java:41)
	at org.junit.internal.runners.statements.InvokeMethod.evaluate(InvokeMethod.java:20)
	at org.junit.runners.ParentRunner.runLeaf(ParentRunner.java:263)
	at org.junit.runners.BlockJUnit4ClassRunner.runChild(BlockJUnit4ClassRunner.java:69)
	at org.junit.runners.BlockJUnit4ClassRunner.runChild(BlockJUnit4ClassRunner.java:48)
	at org.junit.runners.ParentRunner$3.run(ParentRunner.java:231)
	at org.junit.runners.ParentRunner$1.schedule(ParentRunner.java:60)
	at org.junit.runners.ParentRunner.runChildren(ParentRunner.java:229)
	at org.junit.runners.ParentRunner.access$000(ParentRunner.java:50)
	at org.junit.runners.ParentRunner$2.evaluate(ParentRunner.java:222)
	at org.junit.runners.ParentRunner.run(ParentRunner.java:292)
	at org.apache.maven.surefire.junit4.JUnit4TestSet.execute(JUnit4TestSet.java:59)
	at org.apache.maven.surefire.suite.AbstractDirectoryTestSuite.executeTestSet(AbstractDirectoryTestSuite.java:115)
	at org.apache.maven.surefire.suite.AbstractDirectoryTestSuite.execute(AbstractDirectoryTestSuite.java:102)
	at org.apache.maven.surefire.Surefire.run(Surefire.java:180)
	at sun.reflect.NativeMethodAccessorImpl.invoke0(Native Method)
	at sun.reflect.NativeMethodAccessorImpl.invoke(NativeMethodAccessorImpl.java:62)
	at sun.reflect.DelegatingMethodAccessorImpl.invoke(DelegatingMethodAccessorImpl.java:43)
	at java.lang.reflect.Method.invoke(Method.java:498)
	at org.apache.maven.surefire.booter.SurefireBooter.runSuitesInProcess(SurefireBooter.java:350)
	at org.apache.maven.surefire.booter.SurefireBooter.main(SurefireBooter.java:1021)
</error>
    <system-out>begin login
D:\projects\tingyun-chart-test
save snapshot path is:D:\projects\tingyun-chart-test;open_server.png
screen shot finished
end login
=======result==begin====
executing request http://www.ty.com/server/highcharts-chart-data/LATEST/accounts/applications/charts/go-gc.json
StatusCode=200
{&quot;chart&quot;:{&quot;backgroundColor&quot;:&quot;#ffffff&quot;,&quot;width&quot;:375,&quot;height&quot;:300,&quot;plotBackgroundColor&quot;:&quot;#ffffff&quot;,&quot;plotBorderColor&quot;:&quot;#575757&quot;,&quot;plotBorderWidth&quot;:1,&quot;spacingTop&quot;:15,&quot;spacingBottom&quot;:10,&quot;spacingLeft&quot;:15,&quot;spacingRight&quot;:10},&quot;legend&quot;:{&quot;align&quot;:&quot;center&quot;,&quot;verticalAlign&quot;:&quot;bottom&quot;},&quot;series&quot;:[{&quot;name&quot;:&quot;GC次数&quot;,&quot;type&quot;:&quot;column&quot;,&quot;color&quot;:&quot;#3598db&quot;,&quot;data&quot;:[{&quot;x&quot;:1482422400000,&quot;y&quot;:1220,&quot;tooltip&quot;:&quot;{\&quot;title\&quot;:\&quot;12-23 00:00--12-24 00:00\&quot;,\&quot;data\&quot;:[{\&quot;title\&quot;:\&quot;GC次数\&quot;,\&quot;value\&quot;:\&quot;1220\&quot;},{\&quot;title\&quot;:\&quot;GC最大值\&quot;,\&quot;value\&quot;:\&quot;5.0\&quot;,\&quot;unit\&quot;:\&quot;ms\&quot;},{\&quot;title\&quot;:\&quot;GC最小值\&quot;,\&quot;value\&quot;:\&quot;0.0\&quot;,\&quot;unit\&quot;:\&quot;ms\&quot;},{\&quot;title\&quot;:\&quot;GC平均值\&quot;,\&quot;value\&quot;:\&quot;0.6\&quot;,\&quot;unit\&quot;:\&quot;ms\&quot;}]}&quot;},{&quot;x&quot;:1482508800000,&quot;y&quot;:37641,&quot;tooltip&quot;:&quot;{\&quot;title\&quot;:\&quot;12-24 00:00--12-25 00:00\&quot;,\&quot;data\&quot;:[{\&quot;title\&quot;:\&quot;GC次数\&quot;,\&quot;value\&quot;:\&quot;37641\&quot;},{\&quot;title\&quot;:\&quot;GC最大值\&quot;,\&quot;value\&quot;:\&quot;2.0\&quot;,\&quot;unit\&quot;:\&quot;ms\&quot;},{\&quot;title\&quot;:\&quot;GC最小值\&quot;,\&quot;value\&quot;:\&quot;0.0\&quot;,\&quot;unit\&quot;:\&quot;ms\&quot;},{\&quot;title\&quot;:\&quot;GC平均值\&quot;,\&quot;value\&quot;:\&quot;0.7\&quot;,\&quot;unit\&quot;:\&quot;ms\&quot;}]}&quot;},{&quot;x&quot;:1482940800000,&quot;y&quot;:765,&quot;tooltip&quot;:&quot;{\&quot;title\&quot;:\&quot;12-29 00:00--12-30 00:00\&quot;,\&quot;data\&quot;:[{\&quot;title\&quot;:\&quot;GC次数\&quot;,\&quot;value\&quot;:\&quot;765\&quot;},{\&quot;title\&quot;:\&quot;GC最大值\&quot;,\&quot;value\&quot;:\&quot;3.0\&quot;,\&quot;unit\&quot;:\&quot;ms\&quot;},{\&quot;title\&quot;:\&quot;GC最小值\&quot;,\&quot;value\&quot;:\&quot;0.0\&quot;,\&quot;unit\&quot;:\&quot;ms\&quot;},{\&quot;title\&quot;:\&quot;GC平均值\&quot;,\&quot;value\&quot;:\&quot;1.3\&quot;,\&quot;unit\&quot;:\&quot;ms\&quot;}]}&quot;},{&quot;x&quot;:1483027200000,&quot;y&quot;:2334,&quot;tooltip&quot;:&quot;{\&quot;title\&quot;:\&quot;12-30 00:00--12-31 00:00\&quot;,\&quot;data\&quot;:[{\&quot;title\&quot;:\&quot;GC次数\&quot;,\&quot;value\&quot;:\&quot;2334\&quot;},{\&quot;title\&quot;:\&quot;GC最大值\&quot;,\&quot;value\&quot;:\&quot;3.0\&quot;,\&quot;unit\&quot;:\&quot;ms\&quot;},{\&quot;title\&quot;:\&quot;GC最小值\&quot;,\&quot;value\&quot;:\&quot;0.0\&quot;,\&quot;unit\&quot;:\&quot;ms\&quot;},{\&quot;title\&quot;:\&quot;GC平均值\&quot;,\&quot;value\&quot;:\&quot;1.1\&quot;,\&quot;unit\&quot;:\&quot;ms\&quot;}]}&quot;}],&quot;params&quot;:&quot;223&quot;,&quot;marker&quot;:{&quot;symbol&quot;:&quot;circle&quot;,&quot;radius&quot;:4}},{&quot;name&quot;:&quot;GC最大值&quot;,&quot;type&quot;:&quot;line&quot;,&quot;color&quot;:&quot;#01cdce&quot;,&quot;data&quot;:[{&quot;x&quot;:1482422400000,&quot;y&quot;:5.0,&quot;tooltip&quot;:&quot;{\&quot;title\&quot;:\&quot;12-23 00:00--12-24 00:00\&quot;,\&quot;data\&quot;:[{\&quot;title\&quot;:\&quot;GC最大值\&quot;,\&quot;value\&quot;:\&quot;5.0\&quot;,\&quot;unit\&quot;:\&quot;ms\&quot;},{\&quot;title\&quot;:\&quot;GC最小值\&quot;,\&quot;value\&quot;:\&quot;0.0\&quot;,\&quot;unit\&quot;:\&quot;ms\&quot;},{\&quot;title\&quot;:\&quot;GC平均值\&quot;,\&quot;value\&quot;:\&quot;0.6\&quot;,\&quot;unit\&quot;:\&quot;ms\&quot;},{\&quot;title\&quot;:\&quot;GC次数\&quot;,\&quot;value\&quot;:\&quot;1220\&quot;}]}&quot;},{&quot;x&quot;:1482508800000,&quot;y&quot;:2.0,&quot;tooltip&quot;:&quot;{\&quot;title\&quot;:\&quot;12-24 00:00--12-25 00:00\&quot;,\&quot;data\&quot;:[{\&quot;title\&quot;:\&quot;GC最大值\&quot;,\&quot;value\&quot;:\&quot;2.0\&quot;,\&quot;unit\&quot;:\&quot;ms\&quot;},{\&quot;title\&quot;:\&quot;GC最小值\&quot;,\&quot;value\&quot;:\&quot;0.0\&quot;,\&quot;unit\&quot;:\&quot;ms\&quot;},{\&quot;title\&quot;:\&quot;GC平均值\&quot;,\&quot;value\&quot;:\&quot;0.7\&quot;,\&quot;unit\&quot;:\&quot;ms\&quot;},{\&quot;title\&quot;:\&quot;GC次数\&quot;,\&quot;value\&quot;:\&quot;37641\&quot;}]}&quot;},{&quot;x&quot;:1482940800000,&quot;y&quot;:3.0,&quot;tooltip&quot;:&quot;{\&quot;title\&quot;:\&quot;12-29 00:00--12-30 00:00\&quot;,\&quot;data\&quot;:[{\&quot;title\&quot;:\&quot;GC最大值\&quot;,\&quot;value\&quot;:\&quot;3.0\&quot;,\&quot;unit\&quot;:\&quot;ms\&quot;},{\&quot;title\&quot;:\&quot;GC最小值\&quot;,\&quot;value\&quot;:\&quot;0.0\&quot;,\&quot;unit\&quot;:\&quot;ms\&quot;},{\&quot;title\&quot;:\&quot;GC平均值\&quot;,\&quot;value\&quot;:\&quot;1.3\&quot;,\&quot;unit\&quot;:\&quot;ms\&quot;},{\&quot;title\&quot;:\&quot;GC次数\&quot;,\&quot;value\&quot;:\&quot;765\&quot;}]}&quot;},{&quot;x&quot;:1483027200000,&quot;y&quot;:3.0,&quot;tooltip&quot;:&quot;{\&quot;title\&quot;:\&quot;12-30 00:00--12-31 00:00\&quot;,\&quot;data\&quot;:[{\&quot;title\&quot;:\&quot;GC最大值\&quot;,\&quot;value\&quot;:\&quot;3.0\&quot;,\&quot;unit\&quot;:\&quot;ms\&quot;},{\&quot;title\&quot;:\&quot;GC最小值\&quot;,\&quot;value\&quot;:\&quot;0.0\&quot;,\&quot;unit\&quot;:\&quot;ms\&quot;},{\&quot;title\&quot;:\&quot;GC平均值\&quot;,\&quot;value\&quot;:\&quot;1.1\&quot;,\&quot;unit\&quot;:\&quot;ms\&quot;},{\&quot;title\&quot;:\&quot;GC次数\&quot;,\&quot;value\&quot;:\&quot;2334\&quot;}]}&quot;}],&quot;params&quot;:&quot;224&quot;,&quot;yaxis&quot;:1,&quot;yAxis&quot;:1},{&quot;name&quot;:&quot;GC平均值&quot;,&quot;type&quot;:&quot;line&quot;,&quot;color&quot;:&quot;#826fff&quot;,&quot;data&quot;:[{&quot;x&quot;:1482422400000,&quot;y&quot;:0.6,&quot;tooltip&quot;:&quot;{\&quot;title\&quot;:\&quot;12-23 00:00--12-24 00:00\&quot;,\&quot;data\&quot;:[{\&quot;title\&quot;:\&quot;GC平均值\&quot;,\&quot;value\&quot;:\&quot;0.6\&quot;,\&quot;unit\&quot;:\&quot;ms\&quot;},{\&quot;title\&quot;:\&quot;GC最大值\&quot;,\&quot;value\&quot;:\&quot;5.0\&quot;,\&quot;unit\&quot;:\&quot;ms\&quot;},{\&quot;title\&quot;:\&quot;GC最小值\&quot;,\&quot;value\&quot;:\&quot;0.0\&quot;,\&quot;unit\&quot;:\&quot;ms\&quot;},{\&quot;title\&quot;:\&quot;GC次数\&quot;,\&quot;value\&quot;:\&quot;1220\&quot;}]}&quot;},{&quot;x&quot;:1482508800000,&quot;y&quot;:0.7,&quot;tooltip&quot;:&quot;{\&quot;title\&quot;:\&quot;12-24 00:00--12-25 00:00\&quot;,\&quot;data\&quot;:[{\&quot;title\&quot;:\&quot;GC平均值\&quot;,\&quot;value\&quot;:\&quot;0.7\&quot;,\&quot;unit\&quot;:\&quot;ms\&quot;},{\&quot;title\&quot;:\&quot;GC最大值\&quot;,\&quot;value\&quot;:\&quot;2.0\&quot;,\&quot;unit\&quot;:\&quot;ms\&quot;},{\&quot;title\&quot;:\&quot;GC最小值\&quot;,\&quot;value\&quot;:\&quot;0.0\&quot;,\&quot;unit\&quot;:\&quot;ms\&quot;},{\&quot;title\&quot;:\&quot;GC次数\&quot;,\&quot;value\&quot;:\&quot;37641\&quot;}]}&quot;},{&quot;x&quot;:1482940800000,&quot;y&quot;:1.3,&quot;tooltip&quot;:&quot;{\&quot;title\&quot;:\&quot;12-29 00:00--12-30 00:00\&quot;,\&quot;data\&quot;:[{\&quot;title\&quot;:\&quot;GC平均值\&quot;,\&quot;value\&quot;:\&quot;1.3\&quot;,\&quot;unit\&quot;:\&quot;ms\&quot;},{\&quot;title\&quot;:\&quot;GC最大值\&quot;,\&quot;value\&quot;:\&quot;3.0\&quot;,\&quot;unit\&quot;:\&quot;ms\&quot;},{\&quot;title\&quot;:\&quot;GC最小值\&quot;,\&quot;value\&quot;:\&quot;0.0\&quot;,\&quot;unit\&quot;:\&quot;ms\&quot;},{\&quot;title\&quot;:\&quot;GC次数\&quot;,\&quot;value\&quot;:\&quot;765\&quot;}]}&quot;},{&quot;x&quot;:1483027200000,&quot;y&quot;:1.1,&quot;tooltip&quot;:&quot;{\&quot;title\&quot;:\&quot;12-30 00:00--12-31 00:00\&quot;,\&quot;data\&quot;:[{\&quot;title\&quot;:\&quot;GC平均值\&quot;,\&quot;value\&quot;:\&quot;1.1\&quot;,\&quot;unit\&quot;:\&quot;ms\&quot;},{\&quot;title\&quot;:\&quot;GC最大值\&quot;,\&quot;value\&quot;:\&quot;3.0\&quot;,\&quot;unit\&quot;:\&quot;ms\&quot;},{\&quot;title\&quot;:\&quot;GC最小值\&quot;,\&quot;value\&quot;:\&quot;0.0\&quot;,\&quot;unit\&quot;:\&quot;ms\&quot;},{\&quot;title\&quot;:\&quot;GC次数\&quot;,\&quot;value\&quot;:\&quot;2334\&quot;}]}&quot;}],&quot;params&quot;:&quot;226&quot;,&quot;yaxis&quot;:1,&quot;yAxis&quot;:1}],&quot;xAxis&quot;:[{&quot;dateTimeLabelFormats&quot;:{&quot;millisecond&quot;:&quot;%m-%d&lt;br&gt;%H:%M&quot;,&quot;second&quot;:&quot;%m-%d&lt;br&gt;%H:%M&quot;,&quot;minute&quot;:&quot;%m-%d&lt;br&gt;%H:%M&quot;,&quot;hour&quot;:&quot;%m-%d&lt;br&gt;%H:%M&quot;,&quot;day&quot;:&quot;%m-%d&lt;br&gt;%H:%M&quot;,&quot;week&quot;:&quot;%m-%d&lt;br&gt;%H:%M&quot;,&quot;month&quot;:&quot;%m-%d&lt;br&gt;%H:%M&quot;,&quot;year&quot;:&quot;%m-%d&lt;br&gt;%H:%M&quot;},&quot;gridLineColor&quot;:&quot;#c0c0c0&quot;,&quot;gridLineDashStyle&quot;:&quot;ShortDot&quot;,&quot;gridLineWidth&quot;:1,&quot;labels&quot;:{&quot;color&quot;:&quot;#000000&quot;},&quot;minTickInterval&quot;:60000,&quot;tickColor&quot;:&quot;#000000&quot;,&quot;title&quot;:{&quot;style&quot;:{&quot;color&quot;:&quot;#000000&quot;},&quot;text&quot;:null},&quot;type&quot;:&quot;datetime&quot;}],&quot;yAxis&quot;:[{&quot;gridLineColor&quot;:&quot;#c0c0c0&quot;,&quot;gridLineDashStyle&quot;:&quot;ShortDot&quot;,&quot;gridLineWidth&quot;:1,&quot;labels&quot;:{&quot;color&quot;:&quot;#000000&quot;},&quot;min&quot;:0.0,&quot;tickColor&quot;:&quot;#000000&quot;,&quot;title&quot;:{&quot;style&quot;:{&quot;color&quot;:&quot;#000000&quot;},&quot;text&quot;:null}},{&quot;gridLineColor&quot;:&quot;#c0c0c0&quot;,&quot;gridLineDashStyle&quot;:&quot;ShortDot&quot;,&quot;gridLineWidth&quot;:1,&quot;labels&quot;:{&quot;color&quot;:&quot;#000000&quot;},&quot;min&quot;:0.0,&quot;opposite&quot;:true,&quot;tickColor&quot;:&quot;#000000&quot;,&quot;title&quot;:{&quot;style&quot;:{&quot;color&quot;:&quot;#000000&quot;},&quot;text&quot;:null},&quot;tickUnit&quot;:&quot;ms&quot;},{&quot;gridLineColor&quot;:&quot;#c0c0c0&quot;,&quot;gridLineDashStyle&quot;:&quot;ShortDot&quot;,&quot;gridLineWidth&quot;:1,&quot;labels&quot;:{&quot;color&quot;:&quot;#000000&quot;},&quot;min&quot;:0.0,&quot;opposite&quot;:true,&quot;tickColor&quot;:&quot;#000000&quot;,&quot;title&quot;:{&quot;style&quot;:{&quot;color&quot;:&quot;#000000&quot;},&quot;text&quot;:null},&quot;tickUnit&quot;:&quot;ms&quot;}]}
--getCharBean--Unrecognized field &quot;yaxis&quot; (Class com.tingyun.chart.bean.Series), not marked as ignorable
 at [Source: java.io.StringReader@5f9b2141; line: 1, column: 2877] (through reference chain: com.tingyun.chart.bean.ChartBean[&quot;series&quot;]-&gt;com.tingyun.chart.bean.Series[&quot;yaxis&quot;])
=======result===end=====
ChartTestInput [userName=sina, password=1, chartid=go-gc, chartUrl=null, params={vm_id=424, timePeriod=21600, timeType=2, endTime=2017-01-03 13:30, applicationId=127050}]
sql=  select sum(gc_time_total) as gc_time,FROM_UNIXTIME((24701280 +floor(floor((timestamp-2084640)/1440))*1440)*60) as tmTick  from NL_VM_GO_GC_DAY	 where  timestamp &gt;= 2084640 AND timestamp &lt; 2106240 and vm_id = 424 and count &gt; 0	 group by tmTick order by tmTick asc
</system-out>
  </testcase>
</testsuite>